###############################################################################
#
# IAR ANSI C/C++ Compiler V7.30.3.8024/W32 for ARM        17/Jul/2018  09:40:34
# Copyright 1999-2014 IAR Systems AB.
#
#    Cpu mode     =  thumb
#    Endian       =  little
#    Source file  =  H:\智能车程序2018\电磁三轮――ZS\7.17\user\C\Fuzzy_ZS.c
#    Command line =  
#        H:\智能车程序2018\电磁三轮――ZS\7.17\user\C\Fuzzy_ZS.c -D IAR -D
#        TWR_K60N512 -D _DLIB_FILE_DESCRIPTOR -lCN
#        H:\智能车程序2018\电磁三轮――ZS\7.17\iar\KEA_128_RAM\List\ -lB
#        H:\智能车程序2018\电磁三轮――ZS\7.17\iar\KEA_128_RAM\List\ -o
#        H:\智能车程序2018\电磁三轮――ZS\7.17\iar\KEA_128_RAM\Obj\ --no_cse
#        --no_unroll --no_inline --no_code_motion --no_tbaa --no_clustering
#        --no_scheduling --debug --endian=little --cpu=Cortex-M0+ -e --fpu=None
#        --dlib_config H:\IAR7.3\arm\INC\c\DLib_Config_Normal.h -I
#        H:\智能车程序2018\电磁三轮――ZS\7.17\iar\..\device\H\ -I
#        H:\智能车程序2018\电磁三轮――ZS\7.17\iar\..\user\H\ -I
#        H:\智能车程序2018\电磁三轮――ZS\7.17\iar\..\system\ -I
#        H:\智能车程序2018\电磁三轮――ZS\7.17\iar\..\lib\H\ -I
#        H:\智能车程序2018\电磁三轮――ZS\7.17\iar\..\system\coreSupport\ -Ol
#    List file    =  
#        H:\智能车程序2018\电磁三轮――ZS\7.17\iar\KEA_128_RAM\List\Fuzzy_ZS.lst
#    Object file  =  
#        H:\智能车程序2018\电磁三轮――ZS\7.17\iar\KEA_128_RAM\Obj\Fuzzy_ZS.o
#
###############################################################################

H:\智能车程序2018\电磁三轮――ZS\7.17\user\C\Fuzzy_ZS.c
      1          #include "Fuzzy_ZS.h"
      2          

   \                                 In section .data, align 4
      3          int rule[7][7]={  //角度等级表
   \                     rule:
   \   00000000   0xFFFFFFFD         DC32 -3, -3, -3, -2, -1, -1, -1, -3, -3, -2, -2, -1, 0, 1, -2, -2, -1
   \              0xFFFFFFFD   
   \              0xFFFFFFFD   
   \              0xFFFFFFFE   
   \              0xFFFFFFFF   
   \              0xFFFFFFFF   
   \              0xFFFFFFFF   
   \              0xFFFFFFFD   
   \              0xFFFFFFFD   
   \              0xFFFFFFFE   
   \              0xFFFFFFFE   
   \              0xFFFFFFFF   
   \              0x00000000   
   \              0x00000001   
   \              0xFFFFFFFE   
   \              0xFFFFFFFE   
   \              0xFFFFFFFF   
   \   00000044   0xFFFFFFFF         DC32 -1, 0, 1, 1, -2, -1, -1, 0, 0, 1, 2, -1, -1, 0, 1, 1, 2, 2, -1, 0
   \              0x00000000   
   \              0x00000001   
   \              0x00000001   
   \              0xFFFFFFFE   
   \              0xFFFFFFFF   
   \              0xFFFFFFFF   
   \              0x00000000   
   \              0x00000000   
   \              0x00000001   
   \              0x00000002   
   \              0xFFFFFFFF   
   \              0xFFFFFFFF   
   \              0x00000000   
   \              0x00000001   
   \              0x00000001   
   \              0x00000002   
   \              0x00000002   
   \              0xFFFFFFFF   
   \              0x00000000   
   \   00000094   0x00000001         DC32 1, 1, 2, 3, 3, 0, 1, 1, 2, 3, 3, 3
   \              0x00000001   
   \              0x00000002   
   \              0x00000003   
   \              0x00000003   
   \              0x00000000   
   \              0x00000001   
   \              0x00000001   
   \              0x00000002   
   \              0x00000003   
   \              0x00000003   
   \              0x00000003   
      4          // -45  -30 -15  0  15  30  45C_R
      5          // -3   -2  -1   0   1   2  3   等级    CHa 
      6          {  -3,  -3, -3, -2, -1, -1,-1 }, //  -3 -45
      7          {  -3,  -3, -2, -2, -1,  0, 1 }, //  -2 -30  //特征点
      8          {  -2,  -2, -1, -1,  0,  1, 1 }, //  -1 -15
      9          {  -2,  -1, -1,  0,  0,  1, 2 }, //   0  0
     10          {  -1,  -1,  0,  1,  1,  2, 2 }, //   1  15
     11          {  -1,   0,  1,  1,  2,  3, 3 }, //   2  30
     12          {   0,   1,  1,  2,  3,  3, 3 }  //   3  45
     13          };

   \                                 In section .bss, align 4
     14          int   Angle_Grade[4]={0};//角度等级
   \                     Angle_Grade:
   \   00000000                      DS8 16

   \                                 In section .bss, align 4
     15          int   Angle_Grade2[4]={0};//角度等级
   \                     Angle_Grade2:
   \   00000000                      DS8 16
     16          
     17          //        角度等级 -3  -2  -3  0 1   2  3

   \                                 In section .data, align 4
     18          float Angle_Set[7]={-60,-45,-22.5,0,22.5,45,60};//角度设定/角度特征点
   \                     Angle_Set:
   \   00000000   0xC2700000         DC32 0C2700000H, 0C2340000H, 0C1B40000H, 0H, 41B40000H, 42340000H
   \              0xC2340000   
   \              0xC1B40000   
   \              0x00000000   
   \              0x41B40000   
   \              0x42340000   
   \   00000018   0x42700000         DC32 42700000H

   \                                 In section .bss, align 4
     19          float Angle_Fuzzy[4]={0};//角度隶属度
   \                     Angle_Fuzzy:
   \   00000000                      DS8 16
     20              
     21          
     22          // ~-45 -45~-30 -30~-15 -15~0  0~15 15~30 30~45 45~
     23          //   -3   -3       -2     -1    1     2    3     3

   \                                 In section .bss, align 4
     24          int   Chazhi_Grade=0;//差值等级
   \                     Chazhi_Grade:
   \   00000000                      DS8 4
     25          //                     NB   NM   NS  ZO PS  PM  PB

   \                                 In section .data, align 4
     26          float Chazhi_Set[7]=  {-45, -30, -15, 0, 15, 30, 45};//差值设定
   \                     Chazhi_Set:
   \   00000000   0xC2340000         DC32 0C2340000H, 0C1F00000H, 0C1700000H, 0H, 41700000H, 41F00000H
   \              0xC1F00000   
   \              0xC1700000   
   \              0x00000000   
   \              0x41700000   
   \              0x41F00000   
   \   00000018   0x42340000         DC32 42340000H

   \                                 In section .bss, align 4
     27          float Chazhi_Fuzzy[2]={ 0 ,  0};//差值设定隶属度
   \                     Chazhi_Fuzzy:
   \   00000000                      DS8 8
     28          
     29          

   \                                 In section .bss, align 4
     30          float Chazhi_Rate=0;
   \                     Chazhi_Rate:
   \   00000000                      DS8 4

   \                                 In section .bss, align 4
     31          int   Chazhi_Rate_Grade=0;//差值变化率等级
   \                     Chazhi_Rate_Grade:
   \   00000000                      DS8 4
     32          //float Chazhi_Rate_Set[7]={-45,-30,-,0,15,30,45,};//差值变化率设定

   \                                 In section .data, align 4
     33          float Chazhi_Rate_Set[7]={-90,-70,-40,0,40,70,90,};//差值变化率设定
   \                     Chazhi_Rate_Set:
   \   00000000   0xC2B40000         DC32 0C2B40000H, 0C28C0000H, 0C2200000H, 0H, 42200000H, 428C0000H
   \              0xC28C0000   
   \              0xC2200000   
   \              0x00000000   
   \              0x42200000   
   \              0x428C0000   
   \   00000018   0x42B40000         DC32 42B40000H

   \                                 In section .bss, align 4
     34          float Chazhi_Rate_Fuzzy[2]={0};//差值变化率隶属度
   \                     Chazhi_Rate_Fuzzy:
   \   00000000                      DS8 8
     35          

   \                                 In section .bss, align 4
     36          float t1=0,t2=0,t3=0,t4=0,temp1=0,temp2=0;
   \                     t1:
   \   00000000                      DS8 4

   \                                 In section .bss, align 4
   \                     t2:
   \   00000000                      DS8 4

   \                                 In section .bss, align 4
   \                     t3:
   \   00000000                      DS8 4

   \                                 In section .bss, align 4
   \                     t4:
   \   00000000                      DS8 4

   \                                 In section .bss, align 4
   \                     temp1:
   \   00000000                      DS8 4

   \                                 In section .bss, align 4
   \                     temp2:
   \   00000000                      DS8 4
     37          
     38          
     39          
     40          

   \                                 In section .text, align 4, keep-with-next
     41          float Fuzzy_Control_Direction()
     42          {
   \                     Fuzzy_Control_Direction: (+1)
   \   00000000   0xB510             PUSH     {R4,LR}
     43          // float NB,NM,NS,ZO,PS,PM,PB;
     44          
     45          //Chazhi=1.5*Chazhi;
     46          /***************差值模糊化****************************************************/
     47           if(Chazhi<Chazhi_Set[0])//Chazhi<-45
   \   00000002   0x48D1             LDR      R0,??Fuzzy_Control_Direction_0
   \   00000004   0x6800             LDR      R0,[R0, #+0]
   \   00000006   0x49D1             LDR      R1,??Fuzzy_Control_Direction_0+0x4
   \   00000008   0x6809             LDR      R1,[R1, #+0]
   \   0000000A   0x.... 0x....      BL       __aeabi_cfcmple
   \   0000000E   0xD208             BCS      ??Fuzzy_Control_Direction_1
     48             {
     49              Chazhi_Fuzzy[0]=1;
   \   00000010   0x20FE             MOVS     R0,#+254
   \   00000012   0x0580             LSLS     R0,R0,#+22       ;; #+1065353216
   \   00000014   0x49CE             LDR      R1,??Fuzzy_Control_Direction_0+0x8
   \   00000016   0x6008             STR      R0,[R1, #+0]
     50              Chazhi_Grade=-2;
   \   00000018   0x2001             MOVS     R0,#+1
   \   0000001A   0x43C0             MVNS     R0,R0            ;; #-2
   \   0000001C   0x49CD             LDR      R1,??Fuzzy_Control_Direction_0+0xC
   \   0000001E   0x6008             STR      R0,[R1, #+0]
   \   00000020   0xE0BC             B        ??Fuzzy_Control_Direction_2
     51             }
     52           else if(Chazhi<Chazhi_Set[1])//-45<Chazhi<-30
   \                     ??Fuzzy_Control_Direction_1: (+1)
   \   00000022   0x48C9             LDR      R0,??Fuzzy_Control_Direction_0
   \   00000024   0x6800             LDR      R0,[R0, #+0]
   \   00000026   0x49C9             LDR      R1,??Fuzzy_Control_Direction_0+0x4
   \   00000028   0x6849             LDR      R1,[R1, #+4]
   \   0000002A   0x.... 0x....      BL       __aeabi_cfcmple
   \   0000002E   0xD217             BCS      ??Fuzzy_Control_Direction_3
     53            {
     54              Chazhi_Fuzzy[0]=(Chazhi_Set[1]-Chazhi)/(Chazhi_Set[1]-Chazhi_Set[0]);
   \   00000030   0x48C6             LDR      R0,??Fuzzy_Control_Direction_0+0x4
   \   00000032   0x6840             LDR      R0,[R0, #+4]
   \   00000034   0x49C4             LDR      R1,??Fuzzy_Control_Direction_0
   \   00000036   0x6809             LDR      R1,[R1, #+0]
   \   00000038   0x.... 0x....      BL       __aeabi_fsub
   \   0000003C   0x0004             MOVS     R4,R0
   \   0000003E   0x48C3             LDR      R0,??Fuzzy_Control_Direction_0+0x4
   \   00000040   0x6840             LDR      R0,[R0, #+4]
   \   00000042   0x49C2             LDR      R1,??Fuzzy_Control_Direction_0+0x4
   \   00000044   0x6809             LDR      R1,[R1, #+0]
   \   00000046   0x.... 0x....      BL       __aeabi_fsub
   \   0000004A   0x0001             MOVS     R1,R0
   \   0000004C   0x0020             MOVS     R0,R4
   \   0000004E   0x.... 0x....      BL       __aeabi_fdiv
   \   00000052   0x49BF             LDR      R1,??Fuzzy_Control_Direction_0+0x8
   \   00000054   0x6008             STR      R0,[R1, #+0]
     55          //    Chazhi_Fuzzy[1]=(Chazhi-Chazhi_Set[0])/(Chazhi_Set[1]-Chazhi_Set[0]);
     56              Chazhi_Grade=-2;
   \   00000056   0x2001             MOVS     R0,#+1
   \   00000058   0x43C0             MVNS     R0,R0            ;; #-2
   \   0000005A   0x49BE             LDR      R1,??Fuzzy_Control_Direction_0+0xC
   \   0000005C   0x6008             STR      R0,[R1, #+0]
   \   0000005E   0xE09D             B        ??Fuzzy_Control_Direction_2
     57            }
     58           else if(Chazhi<Chazhi_Set[2])//-30<Chazhi<-15
   \                     ??Fuzzy_Control_Direction_3: (+1)
   \   00000060   0x48B9             LDR      R0,??Fuzzy_Control_Direction_0
   \   00000062   0x6800             LDR      R0,[R0, #+0]
   \   00000064   0x49B9             LDR      R1,??Fuzzy_Control_Direction_0+0x4
   \   00000066   0x6889             LDR      R1,[R1, #+8]
   \   00000068   0x.... 0x....      BL       __aeabi_cfcmple
   \   0000006C   0xD217             BCS      ??Fuzzy_Control_Direction_4
     59            {
     60              Chazhi_Fuzzy[0]=(Chazhi_Set[2]-Chazhi)/(Chazhi_Set[2]-Chazhi_Set[1]);
   \   0000006E   0x48B7             LDR      R0,??Fuzzy_Control_Direction_0+0x4
   \   00000070   0x6880             LDR      R0,[R0, #+8]
   \   00000072   0x49B5             LDR      R1,??Fuzzy_Control_Direction_0
   \   00000074   0x6809             LDR      R1,[R1, #+0]
   \   00000076   0x.... 0x....      BL       __aeabi_fsub
   \   0000007A   0x0004             MOVS     R4,R0
   \   0000007C   0x48B3             LDR      R0,??Fuzzy_Control_Direction_0+0x4
   \   0000007E   0x6880             LDR      R0,[R0, #+8]
   \   00000080   0x49B2             LDR      R1,??Fuzzy_Control_Direction_0+0x4
   \   00000082   0x6849             LDR      R1,[R1, #+4]
   \   00000084   0x.... 0x....      BL       __aeabi_fsub
   \   00000088   0x0001             MOVS     R1,R0
   \   0000008A   0x0020             MOVS     R0,R4
   \   0000008C   0x.... 0x....      BL       __aeabi_fdiv
   \   00000090   0x49AF             LDR      R1,??Fuzzy_Control_Direction_0+0x8
   \   00000092   0x6008             STR      R0,[R1, #+0]
     61          //    Chazhi_Fuzzy[2]=(Chazhi-Chazhi_Set[1])/(Chazhi_Set[2]-Chazhi_Set[1]);
     62              Chazhi_Grade=-1;
   \   00000094   0x2000             MOVS     R0,#+0
   \   00000096   0x43C0             MVNS     R0,R0            ;; #-1
   \   00000098   0x49AE             LDR      R1,??Fuzzy_Control_Direction_0+0xC
   \   0000009A   0x6008             STR      R0,[R1, #+0]
   \   0000009C   0xE07E             B        ??Fuzzy_Control_Direction_2
     63            } 
     64           else if(Chazhi<Chazhi_Set[3])//-15<Chazhi<0
   \                     ??Fuzzy_Control_Direction_4: (+1)
   \   0000009E   0x48AA             LDR      R0,??Fuzzy_Control_Direction_0
   \   000000A0   0x6800             LDR      R0,[R0, #+0]
   \   000000A2   0x49AA             LDR      R1,??Fuzzy_Control_Direction_0+0x4
   \   000000A4   0x68C9             LDR      R1,[R1, #+12]
   \   000000A6   0x.... 0x....      BL       __aeabi_cfcmple
   \   000000AA   0xD216             BCS      ??Fuzzy_Control_Direction_5
     65            {
     66              Chazhi_Fuzzy[0]=(Chazhi_Set[3]-Chazhi)/(Chazhi_Set[3]-Chazhi_Set[2]);
   \   000000AC   0x48A7             LDR      R0,??Fuzzy_Control_Direction_0+0x4
   \   000000AE   0x68C0             LDR      R0,[R0, #+12]
   \   000000B0   0x49A5             LDR      R1,??Fuzzy_Control_Direction_0
   \   000000B2   0x6809             LDR      R1,[R1, #+0]
   \   000000B4   0x.... 0x....      BL       __aeabi_fsub
   \   000000B8   0x0004             MOVS     R4,R0
   \   000000BA   0x48A4             LDR      R0,??Fuzzy_Control_Direction_0+0x4
   \   000000BC   0x68C0             LDR      R0,[R0, #+12]
   \   000000BE   0x49A3             LDR      R1,??Fuzzy_Control_Direction_0+0x4
   \   000000C0   0x6889             LDR      R1,[R1, #+8]
   \   000000C2   0x.... 0x....      BL       __aeabi_fsub
   \   000000C6   0x0001             MOVS     R1,R0
   \   000000C8   0x0020             MOVS     R0,R4
   \   000000CA   0x.... 0x....      BL       __aeabi_fdiv
   \   000000CE   0x49A0             LDR      R1,??Fuzzy_Control_Direction_0+0x8
   \   000000D0   0x6008             STR      R0,[R1, #+0]
     67          //    Chazhi_Fuzzy[3]=(Chazhi-Chazhi_Set[2])/(Chazhi_Set[3]-Chazhi_Set[2]);
     68              Chazhi_Grade=0;
   \   000000D2   0x2000             MOVS     R0,#+0
   \   000000D4   0x499F             LDR      R1,??Fuzzy_Control_Direction_0+0xC
   \   000000D6   0x6008             STR      R0,[R1, #+0]
   \   000000D8   0xE060             B        ??Fuzzy_Control_Direction_2
     69            }
     70            else if(Chazhi<Chazhi_Set[4])//0<Chazhi<15
   \                     ??Fuzzy_Control_Direction_5: (+1)
   \   000000DA   0x489B             LDR      R0,??Fuzzy_Control_Direction_0
   \   000000DC   0x6800             LDR      R0,[R0, #+0]
   \   000000DE   0x499B             LDR      R1,??Fuzzy_Control_Direction_0+0x4
   \   000000E0   0x6909             LDR      R1,[R1, #+16]
   \   000000E2   0x.... 0x....      BL       __aeabi_cfcmple
   \   000000E6   0xD216             BCS      ??Fuzzy_Control_Direction_6
     71            {
     72              Chazhi_Fuzzy[0]=(Chazhi_Set[4]-Chazhi)/(Chazhi_Set[4]-Chazhi_Set[3]);
   \   000000E8   0x4898             LDR      R0,??Fuzzy_Control_Direction_0+0x4
   \   000000EA   0x6900             LDR      R0,[R0, #+16]
   \   000000EC   0x4996             LDR      R1,??Fuzzy_Control_Direction_0
   \   000000EE   0x6809             LDR      R1,[R1, #+0]
   \   000000F0   0x.... 0x....      BL       __aeabi_fsub
   \   000000F4   0x0004             MOVS     R4,R0
   \   000000F6   0x4895             LDR      R0,??Fuzzy_Control_Direction_0+0x4
   \   000000F8   0x6900             LDR      R0,[R0, #+16]
   \   000000FA   0x4994             LDR      R1,??Fuzzy_Control_Direction_0+0x4
   \   000000FC   0x68C9             LDR      R1,[R1, #+12]
   \   000000FE   0x.... 0x....      BL       __aeabi_fsub
   \   00000102   0x0001             MOVS     R1,R0
   \   00000104   0x0020             MOVS     R0,R4
   \   00000106   0x.... 0x....      BL       __aeabi_fdiv
   \   0000010A   0x4991             LDR      R1,??Fuzzy_Control_Direction_0+0x8
   \   0000010C   0x6008             STR      R0,[R1, #+0]
     73          //    Chazhi_Fuzzy[4]=(Chazhi-Chazhi_Set[3])/(Chazhi_Set[4]-Chazhi_Set[3]);
     74              Chazhi_Grade=1;
   \   0000010E   0x2001             MOVS     R0,#+1
   \   00000110   0x4990             LDR      R1,??Fuzzy_Control_Direction_0+0xC
   \   00000112   0x6008             STR      R0,[R1, #+0]
   \   00000114   0xE042             B        ??Fuzzy_Control_Direction_2
     75            } 
     76           else if(Chazhi<Chazhi_Set[5])//15<Chazhi<30
   \                     ??Fuzzy_Control_Direction_6: (+1)
   \   00000116   0x488C             LDR      R0,??Fuzzy_Control_Direction_0
   \   00000118   0x6800             LDR      R0,[R0, #+0]
   \   0000011A   0x498C             LDR      R1,??Fuzzy_Control_Direction_0+0x4
   \   0000011C   0x6949             LDR      R1,[R1, #+20]
   \   0000011E   0x.... 0x....      BL       __aeabi_cfcmple
   \   00000122   0xD216             BCS      ??Fuzzy_Control_Direction_7
     77            {
     78              Chazhi_Fuzzy[0]=(Chazhi_Set[5]-Chazhi)/(Chazhi_Set[5]-Chazhi_Set[4]);
   \   00000124   0x4889             LDR      R0,??Fuzzy_Control_Direction_0+0x4
   \   00000126   0x6940             LDR      R0,[R0, #+20]
   \   00000128   0x4987             LDR      R1,??Fuzzy_Control_Direction_0
   \   0000012A   0x6809             LDR      R1,[R1, #+0]
   \   0000012C   0x.... 0x....      BL       __aeabi_fsub
   \   00000130   0x0004             MOVS     R4,R0
   \   00000132   0x4886             LDR      R0,??Fuzzy_Control_Direction_0+0x4
   \   00000134   0x6940             LDR      R0,[R0, #+20]
   \   00000136   0x4985             LDR      R1,??Fuzzy_Control_Direction_0+0x4
   \   00000138   0x6909             LDR      R1,[R1, #+16]
   \   0000013A   0x.... 0x....      BL       __aeabi_fsub
   \   0000013E   0x0001             MOVS     R1,R0
   \   00000140   0x0020             MOVS     R0,R4
   \   00000142   0x.... 0x....      BL       __aeabi_fdiv
   \   00000146   0x4982             LDR      R1,??Fuzzy_Control_Direction_0+0x8
   \   00000148   0x6008             STR      R0,[R1, #+0]
     79          //    Chazhi_Fuzzy[5]=(Chazhi-Chazhi_Set[4])/(Chazhi_Set[5]-Chazhi_Set[4]);
     80              Chazhi_Grade=2;
   \   0000014A   0x2002             MOVS     R0,#+2
   \   0000014C   0x4981             LDR      R1,??Fuzzy_Control_Direction_0+0xC
   \   0000014E   0x6008             STR      R0,[R1, #+0]
   \   00000150   0xE024             B        ??Fuzzy_Control_Direction_2
     81            }
     82           else if(Chazhi<Chazhi_Set[6])//30<Chazhi<45
   \                     ??Fuzzy_Control_Direction_7: (+1)
   \   00000152   0x487D             LDR      R0,??Fuzzy_Control_Direction_0
   \   00000154   0x6800             LDR      R0,[R0, #+0]
   \   00000156   0x497D             LDR      R1,??Fuzzy_Control_Direction_0+0x4
   \   00000158   0x6989             LDR      R1,[R1, #+24]
   \   0000015A   0x.... 0x....      BL       __aeabi_cfcmple
   \   0000015E   0xD216             BCS      ??Fuzzy_Control_Direction_8
     83            {
     84              Chazhi_Fuzzy[0]=(Chazhi_Set[6]-Chazhi)/(Chazhi_Set[6]-Chazhi_Set[5]);
   \   00000160   0x487A             LDR      R0,??Fuzzy_Control_Direction_0+0x4
   \   00000162   0x6980             LDR      R0,[R0, #+24]
   \   00000164   0x4978             LDR      R1,??Fuzzy_Control_Direction_0
   \   00000166   0x6809             LDR      R1,[R1, #+0]
   \   00000168   0x.... 0x....      BL       __aeabi_fsub
   \   0000016C   0x0004             MOVS     R4,R0
   \   0000016E   0x4877             LDR      R0,??Fuzzy_Control_Direction_0+0x4
   \   00000170   0x6980             LDR      R0,[R0, #+24]
   \   00000172   0x4976             LDR      R1,??Fuzzy_Control_Direction_0+0x4
   \   00000174   0x6949             LDR      R1,[R1, #+20]
   \   00000176   0x.... 0x....      BL       __aeabi_fsub
   \   0000017A   0x0001             MOVS     R1,R0
   \   0000017C   0x0020             MOVS     R0,R4
   \   0000017E   0x.... 0x....      BL       __aeabi_fdiv
   \   00000182   0x4973             LDR      R1,??Fuzzy_Control_Direction_0+0x8
   \   00000184   0x6008             STR      R0,[R1, #+0]
     85          //    Chazhi_Fuzzy[6]=(Chazhi-Chazhi_Set[5])/(Chazhi_Set[6]-Chazhi_Set[5]);
     86              Chazhi_Grade=3;
   \   00000186   0x2003             MOVS     R0,#+3
   \   00000188   0x4972             LDR      R1,??Fuzzy_Control_Direction_0+0xC
   \   0000018A   0x6008             STR      R0,[R1, #+0]
   \   0000018C   0xE006             B        ??Fuzzy_Control_Direction_2
     87            }
     88            else //Chazhi>45
     89            {
     90              Chazhi_Fuzzy[0]=1;
   \                     ??Fuzzy_Control_Direction_8: (+1)
   \   0000018E   0x20FE             MOVS     R0,#+254
   \   00000190   0x0580             LSLS     R0,R0,#+22       ;; #+1065353216
   \   00000192   0x496F             LDR      R1,??Fuzzy_Control_Direction_0+0x8
   \   00000194   0x6008             STR      R0,[R1, #+0]
     91              Chazhi_Grade=3;
   \   00000196   0x2003             MOVS     R0,#+3
   \   00000198   0x496E             LDR      R1,??Fuzzy_Control_Direction_0+0xC
   \   0000019A   0x6008             STR      R0,[R1, #+0]
     92            }
     93            Chazhi_Fuzzy[1]=1-Chazhi_Fuzzy[0];
   \                     ??Fuzzy_Control_Direction_2: (+1)
   \   0000019C   0x20FE             MOVS     R0,#+254
   \   0000019E   0x0580             LSLS     R0,R0,#+22       ;; #+1065353216
   \   000001A0   0x496B             LDR      R1,??Fuzzy_Control_Direction_0+0x8
   \   000001A2   0x6809             LDR      R1,[R1, #+0]
   \   000001A4   0x.... 0x....      BL       __aeabi_fsub
   \   000001A8   0x4969             LDR      R1,??Fuzzy_Control_Direction_0+0x8
   \   000001AA   0x6048             STR      R0,[R1, #+4]
     94          /*****************************************************************************************/
     95          
     96          /***************差值变化率模糊化****************************************************/
     97          //差值为正:Rate越往正方向大,Angle越大;Rate越往负方向大,Angle越小。
     98          //差值为负:Rate越往负方向大,Angle越大;Rate越往正方向大,Angle越小。
     99           Chazhi_Rate=Chazhi-Chazhi_Last;
   \   000001AC   0x4866             LDR      R0,??Fuzzy_Control_Direction_0
   \   000001AE   0x6800             LDR      R0,[R0, #+0]
   \   000001B0   0x4969             LDR      R1,??Fuzzy_Control_Direction_0+0x10
   \   000001B2   0x6809             LDR      R1,[R1, #+0]
   \   000001B4   0x.... 0x....      BL       __aeabi_fsub
   \   000001B8   0x4968             LDR      R1,??Fuzzy_Control_Direction_0+0x14
   \   000001BA   0x6008             STR      R0,[R1, #+0]
    100          
    101           if(Chazhi_Rate<Chazhi_Rate_Set[0])//Chazhi_Rate<-45
   \   000001BC   0x4867             LDR      R0,??Fuzzy_Control_Direction_0+0x14
   \   000001BE   0x6800             LDR      R0,[R0, #+0]
   \   000001C0   0x4967             LDR      R1,??Fuzzy_Control_Direction_0+0x18
   \   000001C2   0x6809             LDR      R1,[R1, #+0]
   \   000001C4   0x.... 0x....      BL       __aeabi_cfcmple
   \   000001C8   0xD208             BCS      ??Fuzzy_Control_Direction_9
    102             {
    103              Chazhi_Rate_Fuzzy[0]=1;
   \   000001CA   0x20FE             MOVS     R0,#+254
   \   000001CC   0x0580             LSLS     R0,R0,#+22       ;; #+1065353216
   \   000001CE   0x49CA             LDR      R1,??Fuzzy_Control_Direction_10
   \   000001D0   0x6008             STR      R0,[R1, #+0]
    104              Chazhi_Rate_Grade=-2;
   \   000001D2   0x2001             MOVS     R0,#+1
   \   000001D4   0x43C0             MVNS     R0,R0            ;; #-2
   \   000001D6   0x4963             LDR      R1,??Fuzzy_Control_Direction_0+0x1C
   \   000001D8   0x6008             STR      R0,[R1, #+0]
   \   000001DA   0xE0CC             B        ??Fuzzy_Control_Direction_11
    105             }
    106           else if(Chazhi_Rate<Chazhi_Rate_Set[1])//-45<Chazhi_Rate<-30
   \                     ??Fuzzy_Control_Direction_9: (+1)
   \   000001DC   0x485F             LDR      R0,??Fuzzy_Control_Direction_0+0x14
   \   000001DE   0x6800             LDR      R0,[R0, #+0]
   \   000001E0   0x495F             LDR      R1,??Fuzzy_Control_Direction_0+0x18
   \   000001E2   0x6849             LDR      R1,[R1, #+4]
   \   000001E4   0x.... 0x....      BL       __aeabi_cfcmple
   \   000001E8   0xD217             BCS      ??Fuzzy_Control_Direction_12
    107            {
    108              Chazhi_Rate_Fuzzy[0]=(Chazhi_Rate_Set[1]-Chazhi_Rate)/(Chazhi_Rate_Set[1]-Chazhi_Rate_Set[0]);
   \   000001EA   0x485D             LDR      R0,??Fuzzy_Control_Direction_0+0x18
   \   000001EC   0x6840             LDR      R0,[R0, #+4]
   \   000001EE   0x495B             LDR      R1,??Fuzzy_Control_Direction_0+0x14
   \   000001F0   0x6809             LDR      R1,[R1, #+0]
   \   000001F2   0x.... 0x....      BL       __aeabi_fsub
   \   000001F6   0x0004             MOVS     R4,R0
   \   000001F8   0x4859             LDR      R0,??Fuzzy_Control_Direction_0+0x18
   \   000001FA   0x6840             LDR      R0,[R0, #+4]
   \   000001FC   0x4958             LDR      R1,??Fuzzy_Control_Direction_0+0x18
   \   000001FE   0x6809             LDR      R1,[R1, #+0]
   \   00000200   0x.... 0x....      BL       __aeabi_fsub
   \   00000204   0x0001             MOVS     R1,R0
   \   00000206   0x0020             MOVS     R0,R4
   \   00000208   0x.... 0x....      BL       __aeabi_fdiv
   \   0000020C   0x49BA             LDR      R1,??Fuzzy_Control_Direction_10
   \   0000020E   0x6008             STR      R0,[R1, #+0]
    109              Chazhi_Rate_Grade=-2;
   \   00000210   0x2001             MOVS     R0,#+1
   \   00000212   0x43C0             MVNS     R0,R0            ;; #-2
   \   00000214   0x4953             LDR      R1,??Fuzzy_Control_Direction_0+0x1C
   \   00000216   0x6008             STR      R0,[R1, #+0]
   \   00000218   0xE0AD             B        ??Fuzzy_Control_Direction_11
    110            }
    111           else if(Chazhi_Rate<Chazhi_Rate_Set[2])//-30<Chazhi_Rate<-15
   \                     ??Fuzzy_Control_Direction_12: (+1)
   \   0000021A   0x4850             LDR      R0,??Fuzzy_Control_Direction_0+0x14
   \   0000021C   0x6800             LDR      R0,[R0, #+0]
   \   0000021E   0x4950             LDR      R1,??Fuzzy_Control_Direction_0+0x18
   \   00000220   0x6889             LDR      R1,[R1, #+8]
   \   00000222   0x.... 0x....      BL       __aeabi_cfcmple
   \   00000226   0xD217             BCS      ??Fuzzy_Control_Direction_13
    112            {
    113              Chazhi_Rate_Fuzzy[0]=(Chazhi_Rate_Set[2]-Chazhi_Rate)/(Chazhi_Rate_Set[2]-Chazhi_Rate_Set[1]);
   \   00000228   0x484D             LDR      R0,??Fuzzy_Control_Direction_0+0x18
   \   0000022A   0x6880             LDR      R0,[R0, #+8]
   \   0000022C   0x494B             LDR      R1,??Fuzzy_Control_Direction_0+0x14
   \   0000022E   0x6809             LDR      R1,[R1, #+0]
   \   00000230   0x.... 0x....      BL       __aeabi_fsub
   \   00000234   0x0004             MOVS     R4,R0
   \   00000236   0x484A             LDR      R0,??Fuzzy_Control_Direction_0+0x18
   \   00000238   0x6880             LDR      R0,[R0, #+8]
   \   0000023A   0x4949             LDR      R1,??Fuzzy_Control_Direction_0+0x18
   \   0000023C   0x6849             LDR      R1,[R1, #+4]
   \   0000023E   0x.... 0x....      BL       __aeabi_fsub
   \   00000242   0x0001             MOVS     R1,R0
   \   00000244   0x0020             MOVS     R0,R4
   \   00000246   0x.... 0x....      BL       __aeabi_fdiv
   \   0000024A   0x49AB             LDR      R1,??Fuzzy_Control_Direction_10
   \   0000024C   0x6008             STR      R0,[R1, #+0]
    114              Chazhi_Rate_Grade=-1;
   \   0000024E   0x2000             MOVS     R0,#+0
   \   00000250   0x43C0             MVNS     R0,R0            ;; #-1
   \   00000252   0x4944             LDR      R1,??Fuzzy_Control_Direction_0+0x1C
   \   00000254   0x6008             STR      R0,[R1, #+0]
   \   00000256   0xE08E             B        ??Fuzzy_Control_Direction_11
    115            } 
    116           else if(Chazhi_Rate<Chazhi_Rate_Set[3])//-15<Chazhi_Rate<0
   \                     ??Fuzzy_Control_Direction_13: (+1)
   \   00000258   0x4840             LDR      R0,??Fuzzy_Control_Direction_0+0x14
   \   0000025A   0x6800             LDR      R0,[R0, #+0]
   \   0000025C   0x4940             LDR      R1,??Fuzzy_Control_Direction_0+0x18
   \   0000025E   0x68C9             LDR      R1,[R1, #+12]
   \   00000260   0x.... 0x....      BL       __aeabi_cfcmple
   \   00000264   0xD216             BCS      ??Fuzzy_Control_Direction_14
    117            {
    118              Chazhi_Rate_Fuzzy[0]=(Chazhi_Rate_Set[3]-Chazhi_Rate)/(Chazhi_Rate_Set[3]-Chazhi_Rate_Set[2]);
   \   00000266   0x483E             LDR      R0,??Fuzzy_Control_Direction_0+0x18
   \   00000268   0x68C0             LDR      R0,[R0, #+12]
   \   0000026A   0x493C             LDR      R1,??Fuzzy_Control_Direction_0+0x14
   \   0000026C   0x6809             LDR      R1,[R1, #+0]
   \   0000026E   0x.... 0x....      BL       __aeabi_fsub
   \   00000272   0x0004             MOVS     R4,R0
   \   00000274   0x483A             LDR      R0,??Fuzzy_Control_Direction_0+0x18
   \   00000276   0x68C0             LDR      R0,[R0, #+12]
   \   00000278   0x4939             LDR      R1,??Fuzzy_Control_Direction_0+0x18
   \   0000027A   0x6889             LDR      R1,[R1, #+8]
   \   0000027C   0x.... 0x....      BL       __aeabi_fsub
   \   00000280   0x0001             MOVS     R1,R0
   \   00000282   0x0020             MOVS     R0,R4
   \   00000284   0x.... 0x....      BL       __aeabi_fdiv
   \   00000288   0x499B             LDR      R1,??Fuzzy_Control_Direction_10
   \   0000028A   0x6008             STR      R0,[R1, #+0]
    119              Chazhi_Rate_Grade=0;
   \   0000028C   0x2000             MOVS     R0,#+0
   \   0000028E   0x4935             LDR      R1,??Fuzzy_Control_Direction_0+0x1C
   \   00000290   0x6008             STR      R0,[R1, #+0]
   \   00000292   0xE070             B        ??Fuzzy_Control_Direction_11
    120            }
    121            else if(Chazhi_Rate<Chazhi_Rate_Set[4])//0<Chazhi_Rate<15
   \                     ??Fuzzy_Control_Direction_14: (+1)
   \   00000294   0x4831             LDR      R0,??Fuzzy_Control_Direction_0+0x14
   \   00000296   0x6800             LDR      R0,[R0, #+0]
   \   00000298   0x4931             LDR      R1,??Fuzzy_Control_Direction_0+0x18
   \   0000029A   0x6909             LDR      R1,[R1, #+16]
   \   0000029C   0x.... 0x....      BL       __aeabi_cfcmple
   \   000002A0   0xD216             BCS      ??Fuzzy_Control_Direction_15
    122            {
    123              Chazhi_Rate_Fuzzy[0]=(Chazhi_Rate_Set[4]-Chazhi_Rate)/(Chazhi_Rate_Set[4]-Chazhi_Rate_Set[3]);
   \   000002A2   0x482F             LDR      R0,??Fuzzy_Control_Direction_0+0x18
   \   000002A4   0x6900             LDR      R0,[R0, #+16]
   \   000002A6   0x492D             LDR      R1,??Fuzzy_Control_Direction_0+0x14
   \   000002A8   0x6809             LDR      R1,[R1, #+0]
   \   000002AA   0x.... 0x....      BL       __aeabi_fsub
   \   000002AE   0x0004             MOVS     R4,R0
   \   000002B0   0x482B             LDR      R0,??Fuzzy_Control_Direction_0+0x18
   \   000002B2   0x6900             LDR      R0,[R0, #+16]
   \   000002B4   0x492A             LDR      R1,??Fuzzy_Control_Direction_0+0x18
   \   000002B6   0x68C9             LDR      R1,[R1, #+12]
   \   000002B8   0x.... 0x....      BL       __aeabi_fsub
   \   000002BC   0x0001             MOVS     R1,R0
   \   000002BE   0x0020             MOVS     R0,R4
   \   000002C0   0x.... 0x....      BL       __aeabi_fdiv
   \   000002C4   0x498C             LDR      R1,??Fuzzy_Control_Direction_10
   \   000002C6   0x6008             STR      R0,[R1, #+0]
    124              Chazhi_Rate_Grade=1;
   \   000002C8   0x2001             MOVS     R0,#+1
   \   000002CA   0x4926             LDR      R1,??Fuzzy_Control_Direction_0+0x1C
   \   000002CC   0x6008             STR      R0,[R1, #+0]
   \   000002CE   0xE052             B        ??Fuzzy_Control_Direction_11
    125            } 
    126           else if(Chazhi_Rate<Chazhi_Rate_Set[5])//15<Chazhi_Rate<30
   \                     ??Fuzzy_Control_Direction_15: (+1)
   \   000002D0   0x4822             LDR      R0,??Fuzzy_Control_Direction_0+0x14
   \   000002D2   0x6800             LDR      R0,[R0, #+0]
   \   000002D4   0x4922             LDR      R1,??Fuzzy_Control_Direction_0+0x18
   \   000002D6   0x6949             LDR      R1,[R1, #+20]
   \   000002D8   0x.... 0x....      BL       __aeabi_cfcmple
   \   000002DC   0xD216             BCS      ??Fuzzy_Control_Direction_16
    127            {
    128              Chazhi_Rate_Fuzzy[0]=(Chazhi_Rate_Set[5]-Chazhi_Rate)/(Chazhi_Rate_Set[5]-Chazhi_Rate_Set[4]);
   \   000002DE   0x4820             LDR      R0,??Fuzzy_Control_Direction_0+0x18
   \   000002E0   0x6940             LDR      R0,[R0, #+20]
   \   000002E2   0x491E             LDR      R1,??Fuzzy_Control_Direction_0+0x14
   \   000002E4   0x6809             LDR      R1,[R1, #+0]
   \   000002E6   0x.... 0x....      BL       __aeabi_fsub
   \   000002EA   0x0004             MOVS     R4,R0
   \   000002EC   0x481C             LDR      R0,??Fuzzy_Control_Direction_0+0x18
   \   000002EE   0x6940             LDR      R0,[R0, #+20]
   \   000002F0   0x491B             LDR      R1,??Fuzzy_Control_Direction_0+0x18
   \   000002F2   0x6909             LDR      R1,[R1, #+16]
   \   000002F4   0x.... 0x....      BL       __aeabi_fsub
   \   000002F8   0x0001             MOVS     R1,R0
   \   000002FA   0x0020             MOVS     R0,R4
   \   000002FC   0x.... 0x....      BL       __aeabi_fdiv
   \   00000300   0x497D             LDR      R1,??Fuzzy_Control_Direction_10
   \   00000302   0x6008             STR      R0,[R1, #+0]
    129              Chazhi_Rate_Grade=2;
   \   00000304   0x2002             MOVS     R0,#+2
   \   00000306   0x4917             LDR      R1,??Fuzzy_Control_Direction_0+0x1C
   \   00000308   0x6008             STR      R0,[R1, #+0]
   \   0000030A   0xE034             B        ??Fuzzy_Control_Direction_11
    130            }
    131           else if(Chazhi_Rate<Chazhi_Rate_Set[6])//30<Chazhi_Rate<45
   \                     ??Fuzzy_Control_Direction_16: (+1)
   \   0000030C   0x4813             LDR      R0,??Fuzzy_Control_Direction_0+0x14
   \   0000030E   0x6800             LDR      R0,[R0, #+0]
   \   00000310   0x4913             LDR      R1,??Fuzzy_Control_Direction_0+0x18
   \   00000312   0x6989             LDR      R1,[R1, #+24]
   \   00000314   0x.... 0x....      BL       __aeabi_cfcmple
   \   00000318   0xD226             BCS      ??Fuzzy_Control_Direction_17
    132            {
    133              Chazhi_Rate_Fuzzy[0]=(Chazhi_Rate_Set[6]-Chazhi_Rate)/(Chazhi_Rate_Set[6]-Chazhi_Rate_Set[5]);
   \   0000031A   0x4811             LDR      R0,??Fuzzy_Control_Direction_0+0x18
   \   0000031C   0x6980             LDR      R0,[R0, #+24]
   \   0000031E   0x490F             LDR      R1,??Fuzzy_Control_Direction_0+0x14
   \   00000320   0x6809             LDR      R1,[R1, #+0]
   \   00000322   0x.... 0x....      BL       __aeabi_fsub
   \   00000326   0x0004             MOVS     R4,R0
   \   00000328   0x480D             LDR      R0,??Fuzzy_Control_Direction_0+0x18
   \   0000032A   0x6980             LDR      R0,[R0, #+24]
   \   0000032C   0x490C             LDR      R1,??Fuzzy_Control_Direction_0+0x18
   \   0000032E   0x6949             LDR      R1,[R1, #+20]
   \   00000330   0x.... 0x....      BL       __aeabi_fsub
   \   00000334   0x0001             MOVS     R1,R0
   \   00000336   0x0020             MOVS     R0,R4
   \   00000338   0x.... 0x....      BL       __aeabi_fdiv
   \   0000033C   0x496E             LDR      R1,??Fuzzy_Control_Direction_10
   \   0000033E   0x6008             STR      R0,[R1, #+0]
    134              Chazhi_Rate_Grade=3;
   \   00000340   0x2003             MOVS     R0,#+3
   \   00000342   0x4908             LDR      R1,??Fuzzy_Control_Direction_0+0x1C
   \   00000344   0x6008             STR      R0,[R1, #+0]
   \   00000346   0xE016             B        ??Fuzzy_Control_Direction_11
   \                     ??Fuzzy_Control_Direction_0:
   \   00000348   0x........         DC32     Chazhi
   \   0000034C   0x........         DC32     Chazhi_Set
   \   00000350   0x........         DC32     Chazhi_Fuzzy
   \   00000354   0x........         DC32     Chazhi_Grade
   \   00000358   0x........         DC32     Chazhi_Last
   \   0000035C   0x........         DC32     Chazhi_Rate
   \   00000360   0x........         DC32     Chazhi_Rate_Set
   \   00000364   0x........         DC32     Chazhi_Rate_Grade
    135            }
    136            else //Chazhi_Rate>45
    137            {
    138              Chazhi_Rate_Fuzzy[0]=1;
   \                     ??Fuzzy_Control_Direction_17: (+1)
   \   00000368   0x20FE             MOVS     R0,#+254
   \   0000036A   0x0580             LSLS     R0,R0,#+22       ;; #+1065353216
   \   0000036C   0x4962             LDR      R1,??Fuzzy_Control_Direction_10
   \   0000036E   0x6008             STR      R0,[R1, #+0]
    139              Chazhi_Rate_Grade=3;
   \   00000370   0x2003             MOVS     R0,#+3
   \   00000372   0x49B1             LDR      R1,??Fuzzy_Control_Direction_18
   \   00000374   0x6008             STR      R0,[R1, #+0]
    140            }
    141            Chazhi_Rate_Fuzzy[1]=1-Chazhi_Rate_Fuzzy[0];
   \                     ??Fuzzy_Control_Direction_11: (+1)
   \   00000376   0x20FE             MOVS     R0,#+254
   \   00000378   0x0580             LSLS     R0,R0,#+22       ;; #+1065353216
   \   0000037A   0x495F             LDR      R1,??Fuzzy_Control_Direction_10
   \   0000037C   0x6809             LDR      R1,[R1, #+0]
   \   0000037E   0x.... 0x....      BL       __aeabi_fsub
   \   00000382   0x495D             LDR      R1,??Fuzzy_Control_Direction_10
   \   00000384   0x6048             STR      R0,[R1, #+4]
    142          /*****************************************************************************************/
    143          
    144           /*使用误差范围优化后的规则表rule[7][7]*/ 
    145           /*输出值使用13个隶属函数,中心值由UFF[7]指定*/ 
    146           /*一般都是四个规则有效*/ 
    147          //int rule[7][7]={  //角度等级表
    148          //// -45  -30 -154 0  15  30  45C_R
    149          //// -3   -2  -1   0   1   2  3   等级    CHa 
    150          
    151          //{  -3,  -3, -3, -2, -1, -1,-1 }, //  -3 -45
    152          //{  -3,  -3, -2, -2, -1,  0, 1 }, //  -2 -30  //特征点
    153          //{  -2,  -2, -1, -1,  0,  1, 1 }, //  -1 -15
    154          //{  -2,  -1, -1,  0,  0,  1, 2 }, //   0  0
    155          //{  -1,  -1,  0,  1,  1,  2, 2 }, //   1  15
    156          //{  -1,   0,  1,  1,  2,  3, 3 }, //   2  30
    157          //{   0,   1,  1,  2,  3,  3, 3 }  //   3  45
    158          //}//2.
    159            
    160          Angle_Grade[0]=rule[Chazhi_Grade-1+3][Chazhi_Rate_Grade-1+3]; //角度=精确点
   \   00000386   0x48AD             LDR      R0,??Fuzzy_Control_Direction_18+0x4
   \   00000388   0x49AD             LDR      R1,??Fuzzy_Control_Direction_18+0x8
   \   0000038A   0x6809             LDR      R1,[R1, #+0]
   \   0000038C   0x221C             MOVS     R2,#+28
   \   0000038E   0x4351             MULS     R1,R2,R1
   \   00000390   0x1840             ADDS     R0,R0,R1
   \   00000392   0x49A9             LDR      R1,??Fuzzy_Control_Direction_18
   \   00000394   0x6809             LDR      R1,[R1, #+0]
   \   00000396   0x2204             MOVS     R2,#+4
   \   00000398   0x4351             MULS     R1,R2,R1
   \   0000039A   0x1840             ADDS     R0,R0,R1
   \   0000039C   0x6C00             LDR      R0,[R0, #+64]
   \   0000039E   0x49A9             LDR      R1,??Fuzzy_Control_Direction_18+0xC
   \   000003A0   0x6008             STR      R0,[R1, #+0]
    161          Angle_Grade[1]=rule[Chazhi_Grade+3][Chazhi_Rate_Grade-1+3]; 
   \   000003A2   0x48A6             LDR      R0,??Fuzzy_Control_Direction_18+0x4
   \   000003A4   0x49A6             LDR      R1,??Fuzzy_Control_Direction_18+0x8
   \   000003A6   0x6809             LDR      R1,[R1, #+0]
   \   000003A8   0x221C             MOVS     R2,#+28
   \   000003AA   0x4351             MULS     R1,R2,R1
   \   000003AC   0x1840             ADDS     R0,R0,R1
   \   000003AE   0x49A2             LDR      R1,??Fuzzy_Control_Direction_18
   \   000003B0   0x6809             LDR      R1,[R1, #+0]
   \   000003B2   0x2204             MOVS     R2,#+4
   \   000003B4   0x4351             MULS     R1,R2,R1
   \   000003B6   0x1840             ADDS     R0,R0,R1
   \   000003B8   0x6DC0             LDR      R0,[R0, #+92]
   \   000003BA   0x49A2             LDR      R1,??Fuzzy_Control_Direction_18+0xC
   \   000003BC   0x6048             STR      R0,[R1, #+4]
    162          Angle_Grade[2]=rule[Chazhi_Grade-1+3][Chazhi_Rate_Grade+3]; 
   \   000003BE   0x489F             LDR      R0,??Fuzzy_Control_Direction_18+0x4
   \   000003C0   0x499F             LDR      R1,??Fuzzy_Control_Direction_18+0x8
   \   000003C2   0x6809             LDR      R1,[R1, #+0]
   \   000003C4   0x221C             MOVS     R2,#+28
   \   000003C6   0x4351             MULS     R1,R2,R1
   \   000003C8   0x1840             ADDS     R0,R0,R1
   \   000003CA   0x499B             LDR      R1,??Fuzzy_Control_Direction_18
   \   000003CC   0x6809             LDR      R1,[R1, #+0]
   \   000003CE   0x2204             MOVS     R2,#+4
   \   000003D0   0x4351             MULS     R1,R2,R1
   \   000003D2   0x1840             ADDS     R0,R0,R1
   \   000003D4   0x6C40             LDR      R0,[R0, #+68]
   \   000003D6   0x499B             LDR      R1,??Fuzzy_Control_Direction_18+0xC
   \   000003D8   0x6088             STR      R0,[R1, #+8]
    163          Angle_Grade[3]=rule[Chazhi_Grade+3][Chazhi_Rate_Grade+3]; 
   \   000003DA   0x4898             LDR      R0,??Fuzzy_Control_Direction_18+0x4
   \   000003DC   0x4998             LDR      R1,??Fuzzy_Control_Direction_18+0x8
   \   000003DE   0x6809             LDR      R1,[R1, #+0]
   \   000003E0   0x221C             MOVS     R2,#+28
   \   000003E2   0x4351             MULS     R1,R2,R1
   \   000003E4   0x1840             ADDS     R0,R0,R1
   \   000003E6   0x4994             LDR      R1,??Fuzzy_Control_Direction_18
   \   000003E8   0x6809             LDR      R1,[R1, #+0]
   \   000003EA   0x2204             MOVS     R2,#+4
   \   000003EC   0x4351             MULS     R1,R2,R1
   \   000003EE   0x1840             ADDS     R0,R0,R1
   \   000003F0   0x6E00             LDR      R0,[R0, #+96]
   \   000003F2   0x4994             LDR      R1,??Fuzzy_Control_Direction_18+0xC
   \   000003F4   0x60C8             STR      R0,[R1, #+12]
    164          
    165          //Angle_Grade[0]=rule[Chazhi_Grade-1+4][Chazhi_Rate_Grade-1+4]; //角度=精确点
    166          //Angle_Grade[1]=rule[Chazhi_Grade+4][Chazhi_Rate_Grade-1+4]; 
    167          //Angle_Grade[2]=rule[Chazhi_Grade-1+4][Chazhi_Rate_Grade+4]; 
    168          //Angle_Grade[3]=rule[Chazhi_Grade+4][Chazhi_Rate_Grade+4]; 
    169          
    170           
    171           if(Chazhi_Fuzzy[0]<=Chazhi_Rate_Fuzzy[0])    //求小   差值，差值变化率隶属度比较
   \   000003F6   0x4840             LDR      R0,??Fuzzy_Control_Direction_10
   \   000003F8   0x6800             LDR      R0,[R0, #+0]
   \   000003FA   0x4993             LDR      R1,??Fuzzy_Control_Direction_18+0x10
   \   000003FC   0x6809             LDR      R1,[R1, #+0]
   \   000003FE   0x.... 0x....      BL       __aeabi_cfrcmple
   \   00000402   0xD804             BHI      ??Fuzzy_Control_Direction_19
    172            Angle_Fuzzy[0]=Chazhi_Fuzzy[0];        //      角度隶属度=小的隶属度
   \   00000404   0x4890             LDR      R0,??Fuzzy_Control_Direction_18+0x10
   \   00000406   0x6800             LDR      R0,[R0, #+0]
   \   00000408   0x4990             LDR      R1,??Fuzzy_Control_Direction_18+0x14
   \   0000040A   0x6008             STR      R0,[R1, #+0]
   \   0000040C   0xE003             B        ??Fuzzy_Control_Direction_20
    173           else
    174            Angle_Fuzzy[0]=Chazhi_Rate_Fuzzy[0];
   \                     ??Fuzzy_Control_Direction_19: (+1)
   \   0000040E   0x483A             LDR      R0,??Fuzzy_Control_Direction_10
   \   00000410   0x6800             LDR      R0,[R0, #+0]
   \   00000412   0x498E             LDR      R1,??Fuzzy_Control_Direction_18+0x14
   \   00000414   0x6008             STR      R0,[R1, #+0]
    175           
    176           if(Chazhi_Fuzzy[1]<=Chazhi_Rate_Fuzzy[0])
   \                     ??Fuzzy_Control_Direction_20: (+1)
   \   00000416   0x4838             LDR      R0,??Fuzzy_Control_Direction_10
   \   00000418   0x6800             LDR      R0,[R0, #+0]
   \   0000041A   0x498B             LDR      R1,??Fuzzy_Control_Direction_18+0x10
   \   0000041C   0x6849             LDR      R1,[R1, #+4]
   \   0000041E   0x.... 0x....      BL       __aeabi_cfrcmple
   \   00000422   0xD804             BHI      ??Fuzzy_Control_Direction_21
    177            Angle_Fuzzy[1]=Chazhi_Fuzzy[1];
   \   00000424   0x4888             LDR      R0,??Fuzzy_Control_Direction_18+0x10
   \   00000426   0x6840             LDR      R0,[R0, #+4]
   \   00000428   0x4988             LDR      R1,??Fuzzy_Control_Direction_18+0x14
   \   0000042A   0x6048             STR      R0,[R1, #+4]
   \   0000042C   0xE003             B        ??Fuzzy_Control_Direction_22
    178           else
    179            Angle_Fuzzy[1]=Chazhi_Rate_Fuzzy[0];
   \                     ??Fuzzy_Control_Direction_21: (+1)
   \   0000042E   0x4832             LDR      R0,??Fuzzy_Control_Direction_10
   \   00000430   0x6800             LDR      R0,[R0, #+0]
   \   00000432   0x4986             LDR      R1,??Fuzzy_Control_Direction_18+0x14
   \   00000434   0x6048             STR      R0,[R1, #+4]
    180           
    181           if(Chazhi_Fuzzy[0]<=Chazhi_Rate_Fuzzy[1])
   \                     ??Fuzzy_Control_Direction_22: (+1)
   \   00000436   0x4830             LDR      R0,??Fuzzy_Control_Direction_10
   \   00000438   0x6840             LDR      R0,[R0, #+4]
   \   0000043A   0x4983             LDR      R1,??Fuzzy_Control_Direction_18+0x10
   \   0000043C   0x6809             LDR      R1,[R1, #+0]
   \   0000043E   0x.... 0x....      BL       __aeabi_cfrcmple
   \   00000442   0xD804             BHI      ??Fuzzy_Control_Direction_23
    182            Angle_Fuzzy[2]=Chazhi_Fuzzy[0];
   \   00000444   0x4880             LDR      R0,??Fuzzy_Control_Direction_18+0x10
   \   00000446   0x6800             LDR      R0,[R0, #+0]
   \   00000448   0x4980             LDR      R1,??Fuzzy_Control_Direction_18+0x14
   \   0000044A   0x6088             STR      R0,[R1, #+8]
   \   0000044C   0xE003             B        ??Fuzzy_Control_Direction_24
    183           else
    184            Angle_Fuzzy[2]=Chazhi_Rate_Fuzzy[1];
   \                     ??Fuzzy_Control_Direction_23: (+1)
   \   0000044E   0x482A             LDR      R0,??Fuzzy_Control_Direction_10
   \   00000450   0x6840             LDR      R0,[R0, #+4]
   \   00000452   0x497E             LDR      R1,??Fuzzy_Control_Direction_18+0x14
   \   00000454   0x6088             STR      R0,[R1, #+8]
    185           
    186           if(Chazhi_Fuzzy[1]<=Chazhi_Rate_Fuzzy[1])
   \                     ??Fuzzy_Control_Direction_24: (+1)
   \   00000456   0x4828             LDR      R0,??Fuzzy_Control_Direction_10
   \   00000458   0x6840             LDR      R0,[R0, #+4]
   \   0000045A   0x497B             LDR      R1,??Fuzzy_Control_Direction_18+0x10
   \   0000045C   0x6849             LDR      R1,[R1, #+4]
   \   0000045E   0x.... 0x....      BL       __aeabi_cfrcmple
   \   00000462   0xD804             BHI      ??Fuzzy_Control_Direction_25
    187            Angle_Fuzzy[3]=Chazhi_Fuzzy[1];
   \   00000464   0x4878             LDR      R0,??Fuzzy_Control_Direction_18+0x10
   \   00000466   0x6840             LDR      R0,[R0, #+4]
   \   00000468   0x4978             LDR      R1,??Fuzzy_Control_Direction_18+0x14
   \   0000046A   0x60C8             STR      R0,[R1, #+12]
   \   0000046C   0xE003             B        ??Fuzzy_Control_Direction_26
    188           else
    189            Angle_Fuzzy[3]=Chazhi_Rate_Fuzzy[1];
   \                     ??Fuzzy_Control_Direction_25: (+1)
   \   0000046E   0x4822             LDR      R0,??Fuzzy_Control_Direction_10
   \   00000470   0x6840             LDR      R0,[R0, #+4]
   \   00000472   0x4976             LDR      R1,??Fuzzy_Control_Direction_18+0x14
   \   00000474   0x60C8             STR      R0,[R1, #+12]
    190          
    191           /*同隶属函数输出语言值求大*/ 
    192           if(Angle_Grade[0]==Angle_Grade[1]) //精确点 角度==角度
   \                     ??Fuzzy_Control_Direction_26: (+1)
   \   00000476   0x4873             LDR      R0,??Fuzzy_Control_Direction_18+0xC
   \   00000478   0x6800             LDR      R0,[R0, #+0]
   \   0000047A   0x4972             LDR      R1,??Fuzzy_Control_Direction_18+0xC
   \   0000047C   0x6849             LDR      R1,[R1, #+4]
   \   0000047E   0x4288             CMP      R0,R1
   \   00000480   0xD10D             BNE      ??Fuzzy_Control_Direction_27
    193           {
    194             if(Angle_Fuzzy[0]>Angle_Fuzzy[1])   //隶属度比较:消灭小的
   \   00000482   0x4872             LDR      R0,??Fuzzy_Control_Direction_18+0x14
   \   00000484   0x6840             LDR      R0,[R0, #+4]
   \   00000486   0x4971             LDR      R1,??Fuzzy_Control_Direction_18+0x14
   \   00000488   0x6809             LDR      R1,[R1, #+0]
   \   0000048A   0x.... 0x....      BL       __aeabi_cfcmple
   \   0000048E   0xD203             BCS      ??Fuzzy_Control_Direction_28
    195            Angle_Fuzzy[1]=0;          //
   \   00000490   0x2000             MOVS     R0,#+0
   \   00000492   0x496E             LDR      R1,??Fuzzy_Control_Direction_18+0x14
   \   00000494   0x6048             STR      R0,[R1, #+4]
   \   00000496   0xE002             B        ??Fuzzy_Control_Direction_27
    196            else
    197            Angle_Fuzzy[0]=0;
   \                     ??Fuzzy_Control_Direction_28: (+1)
   \   00000498   0x2000             MOVS     R0,#+0
   \   0000049A   0x496C             LDR      R1,??Fuzzy_Control_Direction_18+0x14
   \   0000049C   0x6008             STR      R0,[R1, #+0]
    198           }
    199           
    200           if(Angle_Grade[0]==Angle_Grade[2])
   \                     ??Fuzzy_Control_Direction_27: (+1)
   \   0000049E   0x4869             LDR      R0,??Fuzzy_Control_Direction_18+0xC
   \   000004A0   0x6800             LDR      R0,[R0, #+0]
   \   000004A2   0x4968             LDR      R1,??Fuzzy_Control_Direction_18+0xC
   \   000004A4   0x6889             LDR      R1,[R1, #+8]
   \   000004A6   0x4288             CMP      R0,R1
   \   000004A8   0xD10D             BNE      ??Fuzzy_Control_Direction_29
    201           {
    202            if(Angle_Fuzzy[0]>Angle_Fuzzy[2])
   \   000004AA   0x4868             LDR      R0,??Fuzzy_Control_Direction_18+0x14
   \   000004AC   0x6880             LDR      R0,[R0, #+8]
   \   000004AE   0x4967             LDR      R1,??Fuzzy_Control_Direction_18+0x14
   \   000004B0   0x6809             LDR      R1,[R1, #+0]
   \   000004B2   0x.... 0x....      BL       __aeabi_cfcmple
   \   000004B6   0xD203             BCS      ??Fuzzy_Control_Direction_30
    203            Angle_Fuzzy[2]=0;
   \   000004B8   0x2000             MOVS     R0,#+0
   \   000004BA   0x4964             LDR      R1,??Fuzzy_Control_Direction_18+0x14
   \   000004BC   0x6088             STR      R0,[R1, #+8]
   \   000004BE   0xE002             B        ??Fuzzy_Control_Direction_29
    204            else
    205            Angle_Fuzzy[0]=0;
   \                     ??Fuzzy_Control_Direction_30: (+1)
   \   000004C0   0x2000             MOVS     R0,#+0
   \   000004C2   0x4962             LDR      R1,??Fuzzy_Control_Direction_18+0x14
   \   000004C4   0x6008             STR      R0,[R1, #+0]
    206           }
    207           
    208           if(Angle_Grade[0]==Angle_Grade[3])
   \                     ??Fuzzy_Control_Direction_29: (+1)
   \   000004C6   0x485F             LDR      R0,??Fuzzy_Control_Direction_18+0xC
   \   000004C8   0x6800             LDR      R0,[R0, #+0]
   \   000004CA   0x495E             LDR      R1,??Fuzzy_Control_Direction_18+0xC
   \   000004CC   0x68C9             LDR      R1,[R1, #+12]
   \   000004CE   0x4288             CMP      R0,R1
   \   000004D0   0xD10D             BNE      ??Fuzzy_Control_Direction_31
    209           {
    210            if(Angle_Fuzzy[0]>Angle_Fuzzy[3])
   \   000004D2   0x485E             LDR      R0,??Fuzzy_Control_Direction_18+0x14
   \   000004D4   0x68C0             LDR      R0,[R0, #+12]
   \   000004D6   0x495D             LDR      R1,??Fuzzy_Control_Direction_18+0x14
   \   000004D8   0x6809             LDR      R1,[R1, #+0]
   \   000004DA   0x.... 0x....      BL       __aeabi_cfcmple
   \   000004DE   0xD203             BCS      ??Fuzzy_Control_Direction_32
    211            Angle_Fuzzy[3]=0;
   \   000004E0   0x2000             MOVS     R0,#+0
   \   000004E2   0x495A             LDR      R1,??Fuzzy_Control_Direction_18+0x14
   \   000004E4   0x60C8             STR      R0,[R1, #+12]
   \   000004E6   0xE002             B        ??Fuzzy_Control_Direction_31
    212            else
    213            Angle_Fuzzy[0]=0;
   \                     ??Fuzzy_Control_Direction_32: (+1)
   \   000004E8   0x2000             MOVS     R0,#+0
   \   000004EA   0x4958             LDR      R1,??Fuzzy_Control_Direction_18+0x14
   \   000004EC   0x6008             STR      R0,[R1, #+0]
    214           }
    215           
    216           if(Angle_Grade[1]==Angle_Grade[2])
   \                     ??Fuzzy_Control_Direction_31: (+1)
   \   000004EE   0x4855             LDR      R0,??Fuzzy_Control_Direction_18+0xC
   \   000004F0   0x6840             LDR      R0,[R0, #+4]
   \   000004F2   0x4954             LDR      R1,??Fuzzy_Control_Direction_18+0xC
   \   000004F4   0xE002             B.N      ??Fuzzy_Control_Direction_33
   \   000004F6   0xBF00             Nop      
   \                     ??Fuzzy_Control_Direction_10:
   \   000004F8   0x........         DC32     Chazhi_Rate_Fuzzy
   \                     ??Fuzzy_Control_Direction_33: (+1)
   \   000004FC   0x6889             LDR      R1,[R1, #+8]
   \   000004FE   0x4288             CMP      R0,R1
   \   00000500   0xD10D             BNE      ??Fuzzy_Control_Direction_34
    217           {
    218            if(Angle_Fuzzy[1]>Angle_Fuzzy[2])
   \   00000502   0x4852             LDR      R0,??Fuzzy_Control_Direction_18+0x14
   \   00000504   0x6880             LDR      R0,[R0, #+8]
   \   00000506   0x4951             LDR      R1,??Fuzzy_Control_Direction_18+0x14
   \   00000508   0x6849             LDR      R1,[R1, #+4]
   \   0000050A   0x.... 0x....      BL       __aeabi_cfcmple
   \   0000050E   0xD203             BCS      ??Fuzzy_Control_Direction_35
    219            Angle_Fuzzy[2]=0;
   \   00000510   0x2000             MOVS     R0,#+0
   \   00000512   0x494E             LDR      R1,??Fuzzy_Control_Direction_18+0x14
   \   00000514   0x6088             STR      R0,[R1, #+8]
   \   00000516   0xE002             B        ??Fuzzy_Control_Direction_34
    220            else
    221            Angle_Fuzzy[1]=0;
   \                     ??Fuzzy_Control_Direction_35: (+1)
   \   00000518   0x2000             MOVS     R0,#+0
   \   0000051A   0x494C             LDR      R1,??Fuzzy_Control_Direction_18+0x14
   \   0000051C   0x6048             STR      R0,[R1, #+4]
    222           }
    223           
    224           if(Angle_Grade[1]==Angle_Grade[3])
   \                     ??Fuzzy_Control_Direction_34: (+1)
   \   0000051E   0x4849             LDR      R0,??Fuzzy_Control_Direction_18+0xC
   \   00000520   0x6840             LDR      R0,[R0, #+4]
   \   00000522   0x4948             LDR      R1,??Fuzzy_Control_Direction_18+0xC
   \   00000524   0x68C9             LDR      R1,[R1, #+12]
   \   00000526   0x4288             CMP      R0,R1
   \   00000528   0xD10D             BNE      ??Fuzzy_Control_Direction_36
    225           {
    226            if(Angle_Fuzzy[1]>Angle_Fuzzy[3])
   \   0000052A   0x4848             LDR      R0,??Fuzzy_Control_Direction_18+0x14
   \   0000052C   0x68C0             LDR      R0,[R0, #+12]
   \   0000052E   0x4947             LDR      R1,??Fuzzy_Control_Direction_18+0x14
   \   00000530   0x6849             LDR      R1,[R1, #+4]
   \   00000532   0x.... 0x....      BL       __aeabi_cfcmple
   \   00000536   0xD203             BCS      ??Fuzzy_Control_Direction_37
    227            Angle_Fuzzy[3]=0;
   \   00000538   0x2000             MOVS     R0,#+0
   \   0000053A   0x4944             LDR      R1,??Fuzzy_Control_Direction_18+0x14
   \   0000053C   0x60C8             STR      R0,[R1, #+12]
   \   0000053E   0xE002             B        ??Fuzzy_Control_Direction_36
    228            else
    229            Angle_Fuzzy[1]=0;
   \                     ??Fuzzy_Control_Direction_37: (+1)
   \   00000540   0x2000             MOVS     R0,#+0
   \   00000542   0x4942             LDR      R1,??Fuzzy_Control_Direction_18+0x14
   \   00000544   0x6048             STR      R0,[R1, #+4]
    230           } 
    231           
    232           if(Angle_Grade[2]==Angle_Grade[3])
   \                     ??Fuzzy_Control_Direction_36: (+1)
   \   00000546   0x483F             LDR      R0,??Fuzzy_Control_Direction_18+0xC
   \   00000548   0x6880             LDR      R0,[R0, #+8]
   \   0000054A   0x493E             LDR      R1,??Fuzzy_Control_Direction_18+0xC
   \   0000054C   0x68C9             LDR      R1,[R1, #+12]
   \   0000054E   0x4288             CMP      R0,R1
   \   00000550   0xD10D             BNE      ??Fuzzy_Control_Direction_38
    233           {
    234            if(Angle_Fuzzy[2]>Angle_Fuzzy[3])
   \   00000552   0x483E             LDR      R0,??Fuzzy_Control_Direction_18+0x14
   \   00000554   0x68C0             LDR      R0,[R0, #+12]
   \   00000556   0x493D             LDR      R1,??Fuzzy_Control_Direction_18+0x14
   \   00000558   0x6889             LDR      R1,[R1, #+8]
   \   0000055A   0x.... 0x....      BL       __aeabi_cfcmple
   \   0000055E   0xD203             BCS      ??Fuzzy_Control_Direction_39
    235            Angle_Fuzzy[3]=0;
   \   00000560   0x2000             MOVS     R0,#+0
   \   00000562   0x493A             LDR      R1,??Fuzzy_Control_Direction_18+0x14
   \   00000564   0x60C8             STR      R0,[R1, #+12]
   \   00000566   0xE002             B        ??Fuzzy_Control_Direction_38
    236            else
    237            Angle_Fuzzy[2]=0;
   \                     ??Fuzzy_Control_Direction_39: (+1)
   \   00000568   0x2000             MOVS     R0,#+0
   \   0000056A   0x4938             LDR      R1,??Fuzzy_Control_Direction_18+0x14
   \   0000056C   0x6088             STR      R0,[R1, #+8]
    238           }
    239           for(int i=0;i<4;i++)
   \                     ??Fuzzy_Control_Direction_38: (+1)
   \   0000056E   0x2000             MOVS     R0,#+0
   \   00000570   0xE009             B        ??Fuzzy_Control_Direction_40
    240           {
    241              Angle_Grade2[i]=Angle_Grade[i]+3;
   \                     ??Fuzzy_Control_Direction_41: (+1)
   \   00000572   0x4934             LDR      R1,??Fuzzy_Control_Direction_18+0xC
   \   00000574   0x2204             MOVS     R2,#+4
   \   00000576   0x4342             MULS     R2,R0,R2
   \   00000578   0x5889             LDR      R1,[R1, R2]
   \   0000057A   0x1CC9             ADDS     R1,R1,#+3
   \   0000057C   0x4A34             LDR      R2,??Fuzzy_Control_Direction_18+0x18
   \   0000057E   0x2304             MOVS     R3,#+4
   \   00000580   0x4343             MULS     R3,R0,R3
   \   00000582   0x50D1             STR      R1,[R2, R3]
    242           }
   \   00000584   0x1C40             ADDS     R0,R0,#+1
   \                     ??Fuzzy_Control_Direction_40: (+1)
   \   00000586   0x2804             CMP      R0,#+4
   \   00000588   0xDBF3             BLT      ??Fuzzy_Control_Direction_41
    243           //角度输出量=隶属度*特征点【精确点/等级】
    244           t1=Angle_Fuzzy[0]*Angle_Set[Angle_Grade2[0]];  
   \   0000058A   0x4830             LDR      R0,??Fuzzy_Control_Direction_18+0x14
   \   0000058C   0x6801             LDR      R1,[R0, #+0]
   \   0000058E   0x4831             LDR      R0,??Fuzzy_Control_Direction_18+0x1C
   \   00000590   0x4A2F             LDR      R2,??Fuzzy_Control_Direction_18+0x18
   \   00000592   0x6812             LDR      R2,[R2, #+0]
   \   00000594   0x2304             MOVS     R3,#+4
   \   00000596   0x435A             MULS     R2,R3,R2
   \   00000598   0x5880             LDR      R0,[R0, R2]
   \   0000059A   0x.... 0x....      BL       __aeabi_fmul
   \   0000059E   0x492E             LDR      R1,??Fuzzy_Control_Direction_18+0x20
   \   000005A0   0x6008             STR      R0,[R1, #+0]
    245           t2=Angle_Fuzzy[1]*Angle_Set[Angle_Grade2[1]];
   \   000005A2   0x482A             LDR      R0,??Fuzzy_Control_Direction_18+0x14
   \   000005A4   0x6841             LDR      R1,[R0, #+4]
   \   000005A6   0x482B             LDR      R0,??Fuzzy_Control_Direction_18+0x1C
   \   000005A8   0x4A29             LDR      R2,??Fuzzy_Control_Direction_18+0x18
   \   000005AA   0x6852             LDR      R2,[R2, #+4]
   \   000005AC   0x2304             MOVS     R3,#+4
   \   000005AE   0x435A             MULS     R2,R3,R2
   \   000005B0   0x5880             LDR      R0,[R0, R2]
   \   000005B2   0x.... 0x....      BL       __aeabi_fmul
   \   000005B6   0x4929             LDR      R1,??Fuzzy_Control_Direction_18+0x24
   \   000005B8   0x6008             STR      R0,[R1, #+0]
    246           t3=Angle_Fuzzy[2]*Angle_Set[Angle_Grade2[2]];
   \   000005BA   0x4824             LDR      R0,??Fuzzy_Control_Direction_18+0x14
   \   000005BC   0x6881             LDR      R1,[R0, #+8]
   \   000005BE   0x4825             LDR      R0,??Fuzzy_Control_Direction_18+0x1C
   \   000005C0   0x4A23             LDR      R2,??Fuzzy_Control_Direction_18+0x18
   \   000005C2   0x6892             LDR      R2,[R2, #+8]
   \   000005C4   0x2304             MOVS     R3,#+4
   \   000005C6   0x435A             MULS     R2,R3,R2
   \   000005C8   0x5880             LDR      R0,[R0, R2]
   \   000005CA   0x.... 0x....      BL       __aeabi_fmul
   \   000005CE   0x4924             LDR      R1,??Fuzzy_Control_Direction_18+0x28
   \   000005D0   0x6008             STR      R0,[R1, #+0]
    247           t4=Angle_Fuzzy[3]*Angle_Set[Angle_Grade2[3]];
   \   000005D2   0x481E             LDR      R0,??Fuzzy_Control_Direction_18+0x14
   \   000005D4   0x68C1             LDR      R1,[R0, #+12]
   \   000005D6   0x481F             LDR      R0,??Fuzzy_Control_Direction_18+0x1C
   \   000005D8   0x4A1D             LDR      R2,??Fuzzy_Control_Direction_18+0x18
   \   000005DA   0x68D2             LDR      R2,[R2, #+12]
   \   000005DC   0x2304             MOVS     R3,#+4
   \   000005DE   0x435A             MULS     R2,R3,R2
   \   000005E0   0x5880             LDR      R0,[R0, R2]
   \   000005E2   0x.... 0x....      BL       __aeabi_fmul
   \   000005E6   0x491F             LDR      R1,??Fuzzy_Control_Direction_18+0x2C
   \   000005E8   0x6008             STR      R0,[R1, #+0]
    248           temp1=t1+t2+t3+t4;
   \   000005EA   0x481B             LDR      R0,??Fuzzy_Control_Direction_18+0x20
   \   000005EC   0x6801             LDR      R1,[R0, #+0]
   \   000005EE   0x481B             LDR      R0,??Fuzzy_Control_Direction_18+0x24
   \   000005F0   0x6800             LDR      R0,[R0, #+0]
   \   000005F2   0x.... 0x....      BL       __aeabi_fadd
   \   000005F6   0x491A             LDR      R1,??Fuzzy_Control_Direction_18+0x28
   \   000005F8   0x6809             LDR      R1,[R1, #+0]
   \   000005FA   0x.... 0x....      BL       __aeabi_fadd
   \   000005FE   0x4919             LDR      R1,??Fuzzy_Control_Direction_18+0x2C
   \   00000600   0x6809             LDR      R1,[R1, #+0]
   \   00000602   0x.... 0x....      BL       __aeabi_fadd
   \   00000606   0x4918             LDR      R1,??Fuzzy_Control_Direction_18+0x30
   \   00000608   0x6008             STR      R0,[R1, #+0]
    249           temp2=Angle_Fuzzy[0]+Angle_Fuzzy[1]+Angle_Fuzzy[2]+Angle_Fuzzy[3];//模糊量输出//隶属度相加
   \   0000060A   0x4810             LDR      R0,??Fuzzy_Control_Direction_18+0x14
   \   0000060C   0x6801             LDR      R1,[R0, #+0]
   \   0000060E   0x480F             LDR      R0,??Fuzzy_Control_Direction_18+0x14
   \   00000610   0x6840             LDR      R0,[R0, #+4]
   \   00000612   0x.... 0x....      BL       __aeabi_fadd
   \   00000616   0x490D             LDR      R1,??Fuzzy_Control_Direction_18+0x14
   \   00000618   0x6889             LDR      R1,[R1, #+8]
   \   0000061A   0x.... 0x....      BL       __aeabi_fadd
   \   0000061E   0x490B             LDR      R1,??Fuzzy_Control_Direction_18+0x14
   \   00000620   0x68C9             LDR      R1,[R1, #+12]
   \   00000622   0x.... 0x....      BL       __aeabi_fadd
   \   00000626   0x4911             LDR      R1,??Fuzzy_Control_Direction_18+0x34
   \   00000628   0x6008             STR      R0,[R1, #+0]
    250          // angle=temp1/temp2;
    251          // return angle;
    252            return temp1/temp2; 
   \   0000062A   0x480F             LDR      R0,??Fuzzy_Control_Direction_18+0x30
   \   0000062C   0x6800             LDR      R0,[R0, #+0]
   \   0000062E   0x490F             LDR      R1,??Fuzzy_Control_Direction_18+0x34
   \   00000630   0x6809             LDR      R1,[R1, #+0]
   \   00000632   0x.... 0x....      BL       __aeabi_fdiv
   \   00000636   0xBD10             POP      {R4,PC}          ;; return
   \                     ??Fuzzy_Control_Direction_18:
   \   00000638   0x........         DC32     Chazhi_Rate_Grade
   \   0000063C   0x........         DC32     rule
   \   00000640   0x........         DC32     Chazhi_Grade
   \   00000644   0x........         DC32     Angle_Grade
   \   00000648   0x........         DC32     Chazhi_Fuzzy
   \   0000064C   0x........         DC32     Angle_Fuzzy
   \   00000650   0x........         DC32     Angle_Grade2
   \   00000654   0x........         DC32     Angle_Set
   \   00000658   0x........         DC32     t1
   \   0000065C   0x........         DC32     t2
   \   00000660   0x........         DC32     t3
   \   00000664   0x........         DC32     t4
   \   00000668   0x........         DC32     temp1
   \   0000066C   0x........         DC32     temp2
    253          
    254          }
    255          
    256          
    257          
    258          
    259          
    260          
    261          
    262          
    263          
    264          
    265          
    266          
    267          
    268          
    269          
    270          
    271          
    272          
    273          /*
    274          /void Fuzzy_Control_Direction()
    275          //{
    276          //
    277          ////  Angle[]={-60,60};
    278          //
    279          //// float NB,NM,NS,ZO,PS,PM,PB;
    280          //  
    281          //  
    282          //  
    283          //  
    284          //// ~-45 -45~-30 -30~-15 -15~0  0~15 15~30 30~45 45~
    285          ////   -3   -3       -2     -1    1     2    3     3
    286          //int   Chazhi_Grade=0;//差值等级
    287          ////                     NB   NM   NS  ZO PS  PM  PB
    288          //float Chazhi_Set[]=  {-45, -30, -15, 0, 15, 30, 45};//差值设定
    289          ////                     0     1   2   3   4   5   6
    290          //float Chazhi_Fuzzy[]={ 0 ,  0,   0,  0,  0,  0,  0};//差值设定隶属度
    291          //
    292          //int   Chazhi_Rate_Grade=0;//差值变化率等级
    293          //float Chazhi_Rate_Set[]={-45,-30,-15,0,15,30,45,};//差值变化率设定
    294          //float Chazhi_Rate_Fuzzy[]={0};//差值变化率隶属度*/
    295          /***************差值模糊化****************************************************/
    296          /* if(Chazhi<Chazhi_Set[0])//Chazhi<-45
    297          //   {
    298          //    Chazhi_Fuzzy[0]=1;
    299          //    Chazhi_Grade=-3;
    300          //   }
    301          // else if(Chazhi<Chazhi_Set[1])//-45<Chazhi<-30
    302          //  {
    303          //    Chazhi_Fuzzy[0]=(Chazhi_Set[1]-Chazhi)/(Chazhi_Set[1]-Chazhi_Set[0]);
    304          //    Chazhi_Fuzzy[1]=(Chazhi-Chazhi_Set[0])/(Chazhi_Set[1]-Chazhi_Set[0]);
    305          //    Chazhi_Grade=-3;
    306          //  }
    307          // else if(Chazhi<Chazhi_Set[2])//-30<Chazhi<-15
    308          //  {
    309          //    Chazhi_Fuzzy[1]=(Chazhi_Set[2]-Chazhi)/(Chazhi_Set[2]-Chazhi_Set[1]);
    310          //    Chazhi_Fuzzy[2]=(Chazhi-Chazhi_Set[1])/(Chazhi_Set[2]-Chazhi_Set[1]);
    311          //    Chazhi_Grade=-2;
    312          //  } 
    313          // else if(Chazhi<Chazhi_Set[3])//-15<Chazhi<0
    314          //  {
    315          //    Chazhi_Fuzzy[2]=(Chazhi_Set[3]-Chazhi)/(Chazhi_Set[3]-Chazhi_Set[2]);
    316          //    Chazhi_Fuzzy[3]=(Chazhi-Chazhi_Set[2])/(Chazhi_Set[3]-Chazhi_Set[2]);
    317          //    Chazhi_Grade=-1;
    318          //  }
    319          //  else if(Chazhi<Chazhi_Set[4])//0<Chazhi<15
    320          //  {
    321          //    Chazhi_Fuzzy[3]=(Chazhi_Set[4]-Chazhi)/(Chazhi_Set[4]-Chazhi_Set[3]);
    322          //    Chazhi_Fuzzy[4]=(Chazhi-Chazhi_Set[3])/(Chazhi_Set[4]-Chazhi_Set[3]);
    323          //    Chazhi_Grade=1;
    324          //  } 
    325          // else if(Chazhi<Chazhi_Set[5])//15<Chazhi<30
    326          //  {
    327          //    Chazhi_Fuzzy[4]=(Chazhi_Set[5]-Chazhi)/(Chazhi_Set[5]-Chazhi_Set[4]);
    328          //    Chazhi_Fuzzy[5]=(Chazhi-Chazhi_Set[4])/(Chazhi_Set[5]-Chazhi_Set[4]);
    329          //    Chazhi_Grade=2;
    330          //  }
    331          // else if(Chazhi<Chazhi_Set[6])//30<Chazhi<45
    332          //  {
    333          //    Chazhi_Fuzzy[5]=(Chazhi_Set[6]-Chazhi)/(Chazhi_Set[6]-Chazhi_Set[5]);
    334          //    Chazhi_Fuzzy[6]=(Chazhi-Chazhi_Set[5])/(Chazhi_Set[6]-Chazhi_Set[5]);
    335          //    Chazhi_Grade=3;
    336          //  }
    337          //  else //Chazhi>45
    338          //  {
    339          //    Chazhi_Fuzzy[6]=1;
    340          //    Chazhi_Grade=3;
    341          //  }*/
    342          /*****************************************************************************************/
    343          
    344          /***************差值变化率模糊化****************************************************/
    345          /*///差值为正:Rate越往正方向大,Angle越大;Rate越往负方向大,Angle越小。
    346          ////差值为负:Rate越往负方向大,Angle越大;Rate越往正方向大,Angle越小。
    347          // Chazhi_Rate=Chazhi-Chazhi_Last;
    348          //
    349          // if(Chazhi_Rate<Chazhi_Rate_Set[0])//Chazhi_Rate<-45
    350          //   {
    351          //    Chazhi_Rate_Fuzzy[0]=1;
    352          //    Chazhi_Rate_Grade=-3;
    353          //   }
    354          // else if(Chazhi_Rate_<Chazhi_Rate_Set[1])//-45<Chazhi_Rate<-30
    355          //  {
    356          //    Chazhi_Rate_Fuzzy[0]=(Chazhi_Rate_Set[1]-Chazhi_Rate)/(Chazhi_Rate_Set[1]-Chazhi_Rate_Set[0]);
    357          //    Chazhi_Rate_Fuzzy[1]=(Chazhi_Rate-Chazhi_Rate_Set[0])/(Chazhi_Rate_Set[1]-Chazhi_Rate_Set[0]);
    358          //    Chazhi_Rate_Grade=-3;
    359          //  }
    360          // else if(Chazhi_Rate<Chazhi_Rate_Set[2])//-30<Chazhi_Rate<-15
    361          //  {
    362          //    Chazhi_Rate_Fuzzy[1]=(Chazhi_Rate_Set[2]-Chazhi_Rate)/(Chazhi_Rate_Set[2]-Chazhi_Rate_Set[1]);
    363          //    Chazhi_Rate_Fuzzy[2]=(Chazhi_Rate-Chazhi_Rate_Set[1])/(Chazhi_Rate_Set[2]-Chazhi_Rate_Set[1]);
    364          //    Chazhi_Rate_Grade=-2;
    365          //  } 
    366          // else if(Chazhi_Rate<Chazhi_Rate_Set[3])//-15<Chazhi_Rate<0
    367          //  {
    368          //    Chazhi_Rate_Fuzzy[2]=(Chazhi_Rate_Set[3]-Chazhi_Rate)/(Chazhi_Rate_Set[3]-Chazhi_Rate_Set[2]);
    369          //    Chazhi_Rate_Fuzzy[3]=(Chazhi_Rate-Chazhi_Rate_Set[2])/(Chazhi_Rate_Set[3]-Chazhi_Rate_Set[2]);
    370          //    Chazhi_Rate_Grade=-1;
    371          //  }
    372          //  else if(Chazhi_Rate<Chazhi_Rate_Set[4])//0<Chazhi_Rate<15
    373          //  {
    374          //    Chazhi_Rate_Fuzzy[3]=(Chazhi_Rate_Set[4]-Chazhi_Rate)/(Chazhi_Rate_Set[4]-Chazhi_Rate_Set[3]);
    375          //    Chazhi_Rate_Fuzzy[4]=(Chazhi_Rate-Chazhi_Rate_Set[3])/(Chazhi_Rate_Set[4]-Chazhi_Rate_Set[3]);
    376          //    Chazhi_Rate_Grade=1;
    377          //  } 
    378          // else if(Chazhi_Rate<Chazhi_Rate_Set[5])//15<Chazhi_Rate<30
    379          //  {
    380          //    Chazhi_Rate_Fuzzy[4]=(Chazhi_Rate_Set[5]-Chazhi_Rate)/(Chazhi_Rate_Set[5]-Chazhi_Rate_Set[4]);
    381          //    Chazhi_Rate_Fuzzy[5]=(Chazhi_Rate-Chazhi_Rate_Set[4])/(Chazhi_Rate_Set[5]-Chazhi_Rate_Set[4]);
    382          //    Chazhi_Rate_Grade=2;
    383          //  }
    384          // else if(Chazhi_Rate<Chazhi_Rate_Set[6])//30<Chazhi_Rate<45
    385          //  {
    386          //    Chazhi_Rate_Fuzzy[5]=(Chazhi_Rate_Set[6]-Chazhi_Rate)/(Chazhi_Rate_Set[6]-Chazhi_Rate_Set[5]);
    387          //    Chazhi_Rate_Fuzzy[6]=(Chazhi_Rate-Chazhi_Rate_Set[5])/(Chazhi_Rate_Set[6]-Chazhi_Rate_Set[5]);
    388          //    Chazhi_Rate_Grade=3;
    389          //  }
    390          //  else //Chazhi_Rate>45
    391          //  {
    392          //    Chazhi_Rate_Fuzzy[6]=1;
    393          //    Chazhi_Rate_Grade=3;
    394          //  }*/
    395          /*****************************************************************************************/
    396          

   Maximum stack usage in bytes:

   .cstack Function
   ------- --------
       8   Fuzzy_Control_Direction
         8   -> __aeabi_fadd
         8   -> __aeabi_fdiv
         8   -> __aeabi_fmul
         8   -> __aeabi_fsub
         8 __aeabi_cfcmple
         8 __aeabi_cfrcmple


   Section sizes:

   Bytes  Function/Label
   -----  --------------
      16  Angle_Fuzzy
      16  Angle_Grade
      16  Angle_Grade2
      28  Angle_Set
       8  Chazhi_Fuzzy
       4  Chazhi_Grade
       4  Chazhi_Rate
       8  Chazhi_Rate_Fuzzy
       4  Chazhi_Rate_Grade
      28  Chazhi_Rate_Set
      28  Chazhi_Set
    1648  Fuzzy_Control_Direction
     196  rule
       4  t1
       4  t2
       4  t3
       4  t4
       4  temp1
       4  temp2

 
   100 bytes in section .bss
   280 bytes in section .data
 1 648 bytes in section .text
 
 1 648 bytes of CODE memory
   380 bytes of DATA memory

Errors: none
Warnings: none
