###############################################################################
#
# IAR ANSI C/C++ Compiler V7.30.3.8024/W32 for ARM        17/Jul/2018  09:40:41
# Copyright 1999-2014 IAR Systems AB.
#
#    Cpu mode     =  thumb
#    Endian       =  little
#    Source file  =  H:\智能车程序2018\电磁三轮――ZS\7.17\user\C\lcd_zs.c
#    Command line =  
#        H:\智能车程序2018\电磁三轮――ZS\7.17\user\C\lcd_zs.c -D IAR -D
#        TWR_K60N512 -D _DLIB_FILE_DESCRIPTOR -lCN
#        H:\智能车程序2018\电磁三轮――ZS\7.17\iar\KEA_128_RAM\List\ -lB
#        H:\智能车程序2018\电磁三轮――ZS\7.17\iar\KEA_128_RAM\List\ -o
#        H:\智能车程序2018\电磁三轮――ZS\7.17\iar\KEA_128_RAM\Obj\ --no_cse
#        --no_unroll --no_inline --no_code_motion --no_tbaa --no_clustering
#        --no_scheduling --debug --endian=little --cpu=Cortex-M0+ -e --fpu=None
#        --dlib_config H:\IAR7.3\arm\INC\c\DLib_Config_Normal.h -I
#        H:\智能车程序2018\电磁三轮――ZS\7.17\iar\..\device\H\ -I
#        H:\智能车程序2018\电磁三轮――ZS\7.17\iar\..\user\H\ -I
#        H:\智能车程序2018\电磁三轮――ZS\7.17\iar\..\system\ -I
#        H:\智能车程序2018\电磁三轮――ZS\7.17\iar\..\lib\H\ -I
#        H:\智能车程序2018\电磁三轮――ZS\7.17\iar\..\system\coreSupport\ -Ol
#    List file    =  
#        H:\智能车程序2018\电磁三轮――ZS\7.17\iar\KEA_128_RAM\List\lcd_zs.lst
#    Object file  =  
#        H:\智能车程序2018\电磁三轮――ZS\7.17\iar\KEA_128_RAM\Obj\lcd_zs.o
#
###############################################################################

H:\智能车程序2018\电磁三轮――ZS\7.17\user\C\lcd_zs.c
      1          #include "Variable.h"
      2          #include "common.h"
      3          #include "allHead.h"
      4          
      5          /**
      6            * 简介
      7            *     按键 多级菜单
      8            * 注意
      9            *     中 --- 切换菜单
     10            *     上下左右 --- 自由控制
     11            */

   \                                 In section .text, align 4, keep-with-next
     12          void LCD_Key_ZS(void)
     13          {
   \                     LCD_Key_ZS: (+1)
   \   00000000   0xB580             PUSH     {R7,LR}
     14              switch (KEY_Scan())
   \   00000002   0x.... 0x....      BL       KEY_Scan
   \   00000006   0x2801             CMP      R0,#+1
   \   00000008   0xD00B             BEQ      ??LCD_Key_ZS_0
   \   0000000A   0xD200             BCS      .+4
   \   0000000C   0xE170             B        ??LCD_Key_ZS_1
   \   0000000E   0x2803             CMP      R0,#+3
   \   00000010   0xD100             BNE      .+4
   \   00000012   0xE0A4             B        ??LCD_Key_ZS_2
   \   00000014   0xD354             BCC      ??LCD_Key_ZS_3
   \   00000016   0x2805             CMP      R0,#+5
   \   00000018   0xD100             BNE      .+4
   \   0000001A   0xE144             B        ??LCD_Key_ZS_4
   \   0000001C   0xD200             BCS      .+4
   \   0000001E   0xE0F3             B        ??LCD_Key_ZS_5
   \   00000020   0xE166             B        ??LCD_Key_ZS_1
     15          {
     16              case 1: /* ------------------------------ 上 */
     17                  KEY_sta = !KEY_sta;//控制状态OLED是否更新
   \                     ??LCD_Key_ZS_0: (+1)
   \   00000022   0x48AA             LDR      R0,??LCD_Key_ZS_6
   \   00000024   0x7800             LDRB     R0,[R0, #+0]
   \   00000026   0x2800             CMP      R0,#+0
   \   00000028   0xD103             BNE      ??LCD_Key_ZS_7
   \   0000002A   0x2001             MOVS     R0,#+1
   \   0000002C   0x49A7             LDR      R1,??LCD_Key_ZS_6
   \   0000002E   0x7008             STRB     R0,[R1, #+0]
   \   00000030   0xE002             B        ??LCD_Key_ZS_8
   \                     ??LCD_Key_ZS_7: (+1)
   \   00000032   0x2000             MOVS     R0,#+0
   \   00000034   0x49A5             LDR      R1,??LCD_Key_ZS_6
   \   00000036   0x7008             STRB     R0,[R1, #+0]
     18                  switch (menuSelect)
   \                     ??LCD_Key_ZS_8: (+1)
   \   00000038   0x48AE             LDR      R0,??LCD_Key_ZS_9
   \   0000003A   0x7800             LDRB     R0,[R0, #+0]
   \   0000003C   0x2801             CMP      R0,#+1
   \   0000003E   0xD00A             BEQ      ??LCD_Key_ZS_10
   \   00000040   0xD33D             BCC      ??LCD_Key_ZS_11
   \   00000042   0x2803             CMP      R0,#+3
   \   00000044   0xD013             BEQ      ??LCD_Key_ZS_12
   \   00000046   0xD30A             BCC      ??LCD_Key_ZS_13
   \   00000048   0x2805             CMP      R0,#+5
   \   0000004A   0xD020             BEQ      ??LCD_Key_ZS_14
   \   0000004C   0xD317             BCC      ??LCD_Key_ZS_15
   \   0000004E   0x2807             CMP      R0,#+7
   \   00000050   0xD02D             BEQ      ??LCD_Key_ZS_16
   \   00000052   0xD324             BCC      ??LCD_Key_ZS_17
   \   00000054   0xE033             B        ??LCD_Key_ZS_11
     19                  {
     20                     case MENU:
     21                      zs_car=1;
   \                     ??LCD_Key_ZS_10: (+1)
   \   00000056   0x2001             MOVS     R0,#+1
   \   00000058   0x....             LDR      R1,??DataTable0
   \   0000005A   0x6008             STR      R0,[R1, #+0]
     22                      break; 
   \   0000005C   0xE02F             B        ??LCD_Key_ZS_18
     23                  case MENU_1:
     24                      speed_set += 10;
   \                     ??LCD_Key_ZS_13: (+1)
   \   0000005E   0x....             LDR      R0,??DataTable0_1
   \   00000060   0x6801             LDR      R1,[R0, #+0]
   \   00000062   0x....             LDR      R0,??DataTable0_2  ;; 0x41200000
   \   00000064   0x.... 0x....      BL       __aeabi_fadd
   \   00000068   0x....             LDR      R1,??DataTable0_1
   \   0000006A   0x6008             STR      R0,[R1, #+0]
     25                      break;
   \   0000006C   0xE027             B        ??LCD_Key_ZS_18
     26                      
     27                  case MENU_2:
     28                      Direction_P += 10;
   \                     ??LCD_Key_ZS_12: (+1)
   \   0000006E   0x....             LDR      R0,??DataTable0_3
   \   00000070   0x6801             LDR      R1,[R0, #+0]
   \   00000072   0x....             LDR      R0,??DataTable0_2  ;; 0x41200000
   \   00000074   0x.... 0x....      BL       __aeabi_fadd
   \   00000078   0x....             LDR      R1,??DataTable0_3
   \   0000007A   0x6008             STR      R0,[R1, #+0]
     29                      break;
   \   0000007C   0xE01F             B        ??LCD_Key_ZS_18
     30                      
     31            case MENU_3:
     32                      Direction_P2+=10;
   \                     ??LCD_Key_ZS_15: (+1)
   \   0000007E   0x....             LDR      R0,??DataTable0_4
   \   00000080   0x6801             LDR      R1,[R0, #+0]
   \   00000082   0x....             LDR      R0,??DataTable0_2  ;; 0x41200000
   \   00000084   0x.... 0x....      BL       __aeabi_fadd
   \   00000088   0x....             LDR      R1,??DataTable0_4
   \   0000008A   0x6008             STR      R0,[R1, #+0]
     33          //          Chazhi+=10;
     34                      break;
   \   0000008C   0xE017             B        ??LCD_Key_ZS_18
     35                      
     36                  case MENU_4:
     37                      Angle_D+=10;  
   \                     ??LCD_Key_ZS_14: (+1)
   \   0000008E   0x....             LDR      R0,??DataTable0_5
   \   00000090   0x6801             LDR      R1,[R0, #+0]
   \   00000092   0x....             LDR      R0,??DataTable0_2  ;; 0x41200000
   \   00000094   0x.... 0x....      BL       __aeabi_fadd
   \   00000098   0x....             LDR      R1,??DataTable0_5
   \   0000009A   0x6008             STR      R0,[R1, #+0]
     38                      break;          
   \   0000009C   0xE00F             B        ??LCD_Key_ZS_18
     39                      
     40                  case MENU_5:
     41                      Speed_P+=10;
   \                     ??LCD_Key_ZS_17: (+1)
   \   0000009E   0x....             LDR      R0,??DataTable0_6
   \   000000A0   0x6801             LDR      R1,[R0, #+0]
   \   000000A2   0x....             LDR      R0,??DataTable0_2  ;; 0x41200000
   \   000000A4   0x.... 0x....      BL       __aeabi_fadd
   \   000000A8   0x....             LDR      R1,??DataTable0_6
   \   000000AA   0x6008             STR      R0,[R1, #+0]
     42                      break;
   \   000000AC   0xE007             B        ??LCD_Key_ZS_18
     43                  
     44                  case MENU_6:
     45                    Speed_I+=10;
   \                     ??LCD_Key_ZS_16: (+1)
   \   000000AE   0x....             LDR      R0,??DataTable0_7
   \   000000B0   0x6801             LDR      R1,[R0, #+0]
   \   000000B2   0x....             LDR      R0,??DataTable0_2  ;; 0x41200000
   \   000000B4   0x.... 0x....      BL       __aeabi_fadd
   \   000000B8   0x....             LDR      R1,??DataTable0_7
   \   000000BA   0x6008             STR      R0,[R1, #+0]
     46                      break;
   \   000000BC   0xE7FF             B        ??LCD_Key_ZS_18
     47                                      
     48               
     49          
     50                  default :
     51                      break;
     52                  }
     53                  break;
   \                     ??LCD_Key_ZS_11: (+1)
   \                     ??LCD_Key_ZS_18: (+1)
   \   000000BE   0xE117             B        ??LCD_Key_ZS_19
     54              case 2: /* ------------------------------ 下 */
     55                  KEY_sta = !KEY_sta;//控制状态OLED是否更新
   \                     ??LCD_Key_ZS_3: (+1)
   \   000000C0   0x4882             LDR      R0,??LCD_Key_ZS_6
   \   000000C2   0x7800             LDRB     R0,[R0, #+0]
   \   000000C4   0x2800             CMP      R0,#+0
   \   000000C6   0xD103             BNE      ??LCD_Key_ZS_20
   \   000000C8   0x2001             MOVS     R0,#+1
   \   000000CA   0x4980             LDR      R1,??LCD_Key_ZS_6
   \   000000CC   0x7008             STRB     R0,[R1, #+0]
   \   000000CE   0xE002             B        ??LCD_Key_ZS_21
   \                     ??LCD_Key_ZS_20: (+1)
   \   000000D0   0x2000             MOVS     R0,#+0
   \   000000D2   0x497E             LDR      R1,??LCD_Key_ZS_6
   \   000000D4   0x7008             STRB     R0,[R1, #+0]
     56                  switch (menuSelect)
   \                     ??LCD_Key_ZS_21: (+1)
   \   000000D6   0x4887             LDR      R0,??LCD_Key_ZS_9
   \   000000D8   0x7800             LDRB     R0,[R0, #+0]
   \   000000DA   0x2801             CMP      R0,#+1
   \   000000DC   0xD00A             BEQ      ??LCD_Key_ZS_22
   \   000000DE   0xD33D             BCC      ??LCD_Key_ZS_23
   \   000000E0   0x2803             CMP      R0,#+3
   \   000000E2   0xD013             BEQ      ??LCD_Key_ZS_24
   \   000000E4   0xD30A             BCC      ??LCD_Key_ZS_25
   \   000000E6   0x2805             CMP      R0,#+5
   \   000000E8   0xD020             BEQ      ??LCD_Key_ZS_26
   \   000000EA   0xD317             BCC      ??LCD_Key_ZS_27
   \   000000EC   0x2807             CMP      R0,#+7
   \   000000EE   0xD02D             BEQ      ??LCD_Key_ZS_28
   \   000000F0   0xD324             BCC      ??LCD_Key_ZS_29
   \   000000F2   0xE033             B        ??LCD_Key_ZS_23
     57                  {
     58             case MENU:
     59                      zs_car=0;
   \                     ??LCD_Key_ZS_22: (+1)
   \   000000F4   0x2000             MOVS     R0,#+0
   \   000000F6   0x....             LDR      R1,??DataTable0
   \   000000F8   0x6008             STR      R0,[R1, #+0]
     60                      break; 
   \   000000FA   0xE02F             B        ??LCD_Key_ZS_30
     61                  case MENU_1:
     62                      speed_set -= 10;
   \                     ??LCD_Key_ZS_25: (+1)
   \   000000FC   0x....             LDR      R0,??DataTable0_1
   \   000000FE   0x6801             LDR      R1,[R0, #+0]
   \   00000100   0x....             LDR      R0,??DataTable1  ;; 0xc1200000
   \   00000102   0x.... 0x....      BL       __aeabi_fadd
   \   00000106   0x....             LDR      R1,??DataTable0_1
   \   00000108   0x6008             STR      R0,[R1, #+0]
     63                      break;
   \   0000010A   0xE027             B        ??LCD_Key_ZS_30
     64                      
     65                  case MENU_2:
     66                      Direction_P -= 10;
   \                     ??LCD_Key_ZS_24: (+1)
   \   0000010C   0x....             LDR      R0,??DataTable0_3
   \   0000010E   0x6801             LDR      R1,[R0, #+0]
   \   00000110   0x....             LDR      R0,??DataTable1  ;; 0xc1200000
   \   00000112   0x.... 0x....      BL       __aeabi_fadd
   \   00000116   0x....             LDR      R1,??DataTable0_3
   \   00000118   0x6008             STR      R0,[R1, #+0]
     67                      break;
   \   0000011A   0xE01F             B        ??LCD_Key_ZS_30
     68                      
     69            case MENU_3:
     70                      Direction_P2-=10;
   \                     ??LCD_Key_ZS_27: (+1)
   \   0000011C   0x....             LDR      R0,??DataTable0_4
   \   0000011E   0x6801             LDR      R1,[R0, #+0]
   \   00000120   0x....             LDR      R0,??DataTable1  ;; 0xc1200000
   \   00000122   0x.... 0x....      BL       __aeabi_fadd
   \   00000126   0x....             LDR      R1,??DataTable0_4
   \   00000128   0x6008             STR      R0,[R1, #+0]
     71          //          Chazhi+=10;
     72                      break;
   \   0000012A   0xE017             B        ??LCD_Key_ZS_30
     73                      
     74                  case MENU_4:
     75                      Angle_D-=10;  
   \                     ??LCD_Key_ZS_26: (+1)
   \   0000012C   0x....             LDR      R0,??DataTable0_5
   \   0000012E   0x6801             LDR      R1,[R0, #+0]
   \   00000130   0x....             LDR      R0,??DataTable1  ;; 0xc1200000
   \   00000132   0x.... 0x....      BL       __aeabi_fadd
   \   00000136   0x....             LDR      R1,??DataTable0_5
   \   00000138   0x6008             STR      R0,[R1, #+0]
     76                      break;          
   \   0000013A   0xE00F             B        ??LCD_Key_ZS_30
     77                      
     78                  case MENU_5:
     79                      Speed_P-=10;
   \                     ??LCD_Key_ZS_29: (+1)
   \   0000013C   0x....             LDR      R0,??DataTable0_6
   \   0000013E   0x6801             LDR      R1,[R0, #+0]
   \   00000140   0x....             LDR      R0,??DataTable1  ;; 0xc1200000
   \   00000142   0x.... 0x....      BL       __aeabi_fadd
   \   00000146   0x....             LDR      R1,??DataTable0_6
   \   00000148   0x6008             STR      R0,[R1, #+0]
     80                      break;
   \   0000014A   0xE007             B        ??LCD_Key_ZS_30
     81                  
     82                  case MENU_6:
     83                    Speed_I-=10;
   \                     ??LCD_Key_ZS_28: (+1)
   \   0000014C   0x....             LDR      R0,??DataTable0_7
   \   0000014E   0x6801             LDR      R1,[R0, #+0]
   \   00000150   0x....             LDR      R0,??DataTable1  ;; 0xc1200000
   \   00000152   0x.... 0x....      BL       __aeabi_fadd
   \   00000156   0x....             LDR      R1,??DataTable0_7
   \   00000158   0x6008             STR      R0,[R1, #+0]
     84                      break;
   \   0000015A   0xE7FF             B        ??LCD_Key_ZS_30
     85                                      
     86                   
     87                                      
     88                      
     89          
     90                  default :
     91                      break;
     92                  }
     93                              break;
   \                     ??LCD_Key_ZS_23: (+1)
   \                     ??LCD_Key_ZS_30: (+1)
   \   0000015C   0xE0C8             B        ??LCD_Key_ZS_19
     94              case 3: /* ------------------------------ 左 */
     95                  KEY_sta = !KEY_sta;//控制状态OLED是否更新
   \                     ??LCD_Key_ZS_2: (+1)
   \   0000015E   0x485B             LDR      R0,??LCD_Key_ZS_6
   \   00000160   0x7800             LDRB     R0,[R0, #+0]
   \   00000162   0x2800             CMP      R0,#+0
   \   00000164   0xD103             BNE      ??LCD_Key_ZS_31
   \   00000166   0x2001             MOVS     R0,#+1
   \   00000168   0x4958             LDR      R1,??LCD_Key_ZS_6
   \   0000016A   0x7008             STRB     R0,[R1, #+0]
   \   0000016C   0xE002             B        ??LCD_Key_ZS_32
   \                     ??LCD_Key_ZS_31: (+1)
   \   0000016E   0x2000             MOVS     R0,#+0
   \   00000170   0x4956             LDR      R1,??LCD_Key_ZS_6
   \   00000172   0x7008             STRB     R0,[R1, #+0]
     96                  switch (menuSelect)
   \                     ??LCD_Key_ZS_32: (+1)
   \   00000174   0x485F             LDR      R0,??LCD_Key_ZS_9
   \   00000176   0x7800             LDRB     R0,[R0, #+0]
   \   00000178   0x2801             CMP      R0,#+1
   \   0000017A   0xD00A             BEQ      ??LCD_Key_ZS_33
   \   0000017C   0xD343             BCC      ??LCD_Key_ZS_34
   \   0000017E   0x2803             CMP      R0,#+3
   \   00000180   0xD014             BEQ      ??LCD_Key_ZS_35
   \   00000182   0xD30A             BCC      ??LCD_Key_ZS_36
   \   00000184   0x2805             CMP      R0,#+5
   \   00000186   0xD023             BEQ      ??LCD_Key_ZS_37
   \   00000188   0xD319             BCC      ??LCD_Key_ZS_38
   \   0000018A   0x2807             CMP      R0,#+7
   \   0000018C   0xD032             BEQ      ??LCD_Key_ZS_39
   \   0000018E   0xD328             BCC      ??LCD_Key_ZS_40
   \   00000190   0xE039             B        ??LCD_Key_ZS_34
     97                  {
     98               
     99             case MENU:
    100                      zs_car=1;
   \                     ??LCD_Key_ZS_33: (+1)
   \   00000192   0x2001             MOVS     R0,#+1
   \   00000194   0x....             LDR      R1,??DataTable0
   \   00000196   0x6008             STR      R0,[R1, #+0]
    101                      break; 
   \   00000198   0xE035             B        ??LCD_Key_ZS_41
    102                  case MENU_1:
    103                      speed_set += 1;
   \                     ??LCD_Key_ZS_36: (+1)
   \   0000019A   0x....             LDR      R0,??DataTable0_1
   \   0000019C   0x6801             LDR      R1,[R0, #+0]
   \   0000019E   0x20FE             MOVS     R0,#+254
   \   000001A0   0x0580             LSLS     R0,R0,#+22       ;; #+1065353216
   \   000001A2   0x.... 0x....      BL       __aeabi_fadd
   \   000001A6   0x....             LDR      R1,??DataTable0_1
   \   000001A8   0x6008             STR      R0,[R1, #+0]
    104                      break;
   \   000001AA   0xE02C             B        ??LCD_Key_ZS_41
    105                      
    106                  case MENU_2:
    107                      Direction_P += 1;
   \                     ??LCD_Key_ZS_35: (+1)
   \   000001AC   0x....             LDR      R0,??DataTable0_3
   \   000001AE   0x6801             LDR      R1,[R0, #+0]
   \   000001B0   0x20FE             MOVS     R0,#+254
   \   000001B2   0x0580             LSLS     R0,R0,#+22       ;; #+1065353216
   \   000001B4   0x.... 0x....      BL       __aeabi_fadd
   \   000001B8   0x....             LDR      R1,??DataTable0_3
   \   000001BA   0x6008             STR      R0,[R1, #+0]
    108                      break;
   \   000001BC   0xE023             B        ??LCD_Key_ZS_41
    109                      
    110            case MENU_3:
    111                      Direction_P2+=1;
   \                     ??LCD_Key_ZS_38: (+1)
   \   000001BE   0x....             LDR      R0,??DataTable0_4
   \   000001C0   0x6801             LDR      R1,[R0, #+0]
   \   000001C2   0x20FE             MOVS     R0,#+254
   \   000001C4   0x0580             LSLS     R0,R0,#+22       ;; #+1065353216
   \   000001C6   0x.... 0x....      BL       __aeabi_fadd
   \   000001CA   0x....             LDR      R1,??DataTable0_4
   \   000001CC   0x6008             STR      R0,[R1, #+0]
    112          //          Chazhi+=10;
    113                      break;
   \   000001CE   0xE01A             B        ??LCD_Key_ZS_41
    114                      
    115                  case MENU_4:
    116                      Angle_D+=1;  
   \                     ??LCD_Key_ZS_37: (+1)
   \   000001D0   0x....             LDR      R0,??DataTable0_5
   \   000001D2   0x6801             LDR      R1,[R0, #+0]
   \   000001D4   0x20FE             MOVS     R0,#+254
   \   000001D6   0x0580             LSLS     R0,R0,#+22       ;; #+1065353216
   \   000001D8   0x.... 0x....      BL       __aeabi_fadd
   \   000001DC   0x....             LDR      R1,??DataTable0_5
   \   000001DE   0x6008             STR      R0,[R1, #+0]
    117                      break;          
   \   000001E0   0xE011             B        ??LCD_Key_ZS_41
    118                      
    119                  case MENU_5:
    120                      Speed_P+=1;
   \                     ??LCD_Key_ZS_40: (+1)
   \   000001E2   0x....             LDR      R0,??DataTable0_6
   \   000001E4   0x6801             LDR      R1,[R0, #+0]
   \   000001E6   0x20FE             MOVS     R0,#+254
   \   000001E8   0x0580             LSLS     R0,R0,#+22       ;; #+1065353216
   \   000001EA   0x.... 0x....      BL       __aeabi_fadd
   \   000001EE   0x....             LDR      R1,??DataTable0_6
   \   000001F0   0x6008             STR      R0,[R1, #+0]
    121                      break;
   \   000001F2   0xE008             B        ??LCD_Key_ZS_41
    122                  
    123                  case MENU_6:
    124                    Speed_I+=1;
   \                     ??LCD_Key_ZS_39: (+1)
   \   000001F4   0x....             LDR      R0,??DataTable0_7
   \   000001F6   0x6801             LDR      R1,[R0, #+0]
   \   000001F8   0x20FE             MOVS     R0,#+254
   \   000001FA   0x0580             LSLS     R0,R0,#+22       ;; #+1065353216
   \   000001FC   0x.... 0x....      BL       __aeabi_fadd
   \   00000200   0x....             LDR      R1,??DataTable0_7
   \   00000202   0x6008             STR      R0,[R1, #+0]
    125                      break;
   \   00000204   0xE7FF             B        ??LCD_Key_ZS_41
    126                                      
    127               
    128                      
    129                  default :
    130                      break;
    131                  }
    132                  break;
   \                     ??LCD_Key_ZS_34: (+1)
   \                     ??LCD_Key_ZS_41: (+1)
   \   00000206   0xE073             B        ??LCD_Key_ZS_19
    133              case 4: /* ------------------------------ 右 */
    134                  KEY_sta = !KEY_sta;//控制状态OLED是否更新
   \                     ??LCD_Key_ZS_5: (+1)
   \   00000208   0x4830             LDR      R0,??LCD_Key_ZS_6
   \   0000020A   0x7800             LDRB     R0,[R0, #+0]
   \   0000020C   0x2800             CMP      R0,#+0
   \   0000020E   0xD103             BNE      ??LCD_Key_ZS_42
   \   00000210   0x2001             MOVS     R0,#+1
   \   00000212   0x492E             LDR      R1,??LCD_Key_ZS_6
   \   00000214   0x7008             STRB     R0,[R1, #+0]
   \   00000216   0xE002             B        ??LCD_Key_ZS_43
   \                     ??LCD_Key_ZS_42: (+1)
   \   00000218   0x2000             MOVS     R0,#+0
   \   0000021A   0x492C             LDR      R1,??LCD_Key_ZS_6
   \   0000021C   0x7008             STRB     R0,[R1, #+0]
    135                  switch (menuSelect)
   \                     ??LCD_Key_ZS_43: (+1)
   \   0000021E   0x4835             LDR      R0,??LCD_Key_ZS_9
   \   00000220   0x7800             LDRB     R0,[R0, #+0]
   \   00000222   0x2801             CMP      R0,#+1
   \   00000224   0xD00A             BEQ      ??LCD_Key_ZS_44
   \   00000226   0xD33D             BCC      ??LCD_Key_ZS_45
   \   00000228   0x2803             CMP      R0,#+3
   \   0000022A   0xD013             BEQ      ??LCD_Key_ZS_46
   \   0000022C   0xD30A             BCC      ??LCD_Key_ZS_47
   \   0000022E   0x2805             CMP      R0,#+5
   \   00000230   0xD020             BEQ      ??LCD_Key_ZS_48
   \   00000232   0xD317             BCC      ??LCD_Key_ZS_49
   \   00000234   0x2807             CMP      R0,#+7
   \   00000236   0xD02D             BEQ      ??LCD_Key_ZS_50
   \   00000238   0xD324             BCC      ??LCD_Key_ZS_51
   \   0000023A   0xE033             B        ??LCD_Key_ZS_45
    136                  {
    137              
    138                    case MENU:
    139                      zs_car=0;
   \                     ??LCD_Key_ZS_44: (+1)
   \   0000023C   0x2000             MOVS     R0,#+0
   \   0000023E   0x....             LDR      R1,??DataTable0
   \   00000240   0x6008             STR      R0,[R1, #+0]
    140                      break; 
   \   00000242   0xE02F             B        ??LCD_Key_ZS_52
    141                  case MENU_1:
    142                      speed_set-= 1;
   \                     ??LCD_Key_ZS_47: (+1)
   \   00000244   0x....             LDR      R0,??DataTable0_1
   \   00000246   0x6801             LDR      R1,[R0, #+0]
   \   00000248   0x....             LDR      R0,??DataTable2  ;; 0xbf800000
   \   0000024A   0x.... 0x....      BL       __aeabi_fadd
   \   0000024E   0x....             LDR      R1,??DataTable0_1
   \   00000250   0x6008             STR      R0,[R1, #+0]
    143                      break;
   \   00000252   0xE027             B        ??LCD_Key_ZS_52
    144                      
    145                  case MENU_2:
    146                      Direction_P -= 1;
   \                     ??LCD_Key_ZS_46: (+1)
   \   00000254   0x....             LDR      R0,??DataTable0_3
   \   00000256   0x6801             LDR      R1,[R0, #+0]
   \   00000258   0x....             LDR      R0,??DataTable2  ;; 0xbf800000
   \   0000025A   0x.... 0x....      BL       __aeabi_fadd
   \   0000025E   0x....             LDR      R1,??DataTable0_3
   \   00000260   0x6008             STR      R0,[R1, #+0]
    147                      break;
   \   00000262   0xE01F             B        ??LCD_Key_ZS_52
    148                      
    149            case MENU_3:
    150                      Direction_P2-=1;
   \                     ??LCD_Key_ZS_49: (+1)
   \   00000264   0x....             LDR      R0,??DataTable0_4
   \   00000266   0x6801             LDR      R1,[R0, #+0]
   \   00000268   0x....             LDR      R0,??DataTable2  ;; 0xbf800000
   \   0000026A   0x.... 0x....      BL       __aeabi_fadd
   \   0000026E   0x....             LDR      R1,??DataTable0_4
   \   00000270   0x6008             STR      R0,[R1, #+0]
    151          //          Chazhi+=10;
    152                      break;
   \   00000272   0xE017             B        ??LCD_Key_ZS_52
    153                      
    154                  case MENU_4:
    155                      Angle_D-=1;  
   \                     ??LCD_Key_ZS_48: (+1)
   \   00000274   0x....             LDR      R0,??DataTable0_5
   \   00000276   0x6801             LDR      R1,[R0, #+0]
   \   00000278   0x....             LDR      R0,??DataTable2  ;; 0xbf800000
   \   0000027A   0x.... 0x....      BL       __aeabi_fadd
   \   0000027E   0x....             LDR      R1,??DataTable0_5
   \   00000280   0x6008             STR      R0,[R1, #+0]
    156                      break;          
   \   00000282   0xE00F             B        ??LCD_Key_ZS_52
    157                      
    158                  case MENU_5:
    159                      Speed_P-=1;
   \                     ??LCD_Key_ZS_51: (+1)
   \   00000284   0x....             LDR      R0,??DataTable0_6
   \   00000286   0x6801             LDR      R1,[R0, #+0]
   \   00000288   0x....             LDR      R0,??DataTable2  ;; 0xbf800000
   \   0000028A   0x.... 0x....      BL       __aeabi_fadd
   \   0000028E   0x....             LDR      R1,??DataTable0_6
   \   00000290   0x6008             STR      R0,[R1, #+0]
    160                      break;
   \   00000292   0xE007             B        ??LCD_Key_ZS_52
    161                  
    162                  case MENU_6:
    163                    Speed_I-=1;
   \                     ??LCD_Key_ZS_50: (+1)
   \   00000294   0x....             LDR      R0,??DataTable0_7
   \   00000296   0x6801             LDR      R1,[R0, #+0]
   \   00000298   0x....             LDR      R0,??DataTable2  ;; 0xbf800000
   \   0000029A   0x.... 0x....      BL       __aeabi_fadd
   \   0000029E   0x....             LDR      R1,??DataTable0_7
   \   000002A0   0x6008             STR      R0,[R1, #+0]
    164                      break;
   \   000002A2   0xE7FF             B        ??LCD_Key_ZS_52
    165          
    166                  default :
    167                      break;
    168                  }
    169                  break;
   \                     ??LCD_Key_ZS_45: (+1)
   \                     ??LCD_Key_ZS_52: (+1)
   \   000002A4   0xE024             B        ??LCD_Key_ZS_19
    170              case 5: /* ------------------------------ 中 */
    171                  KEY_sta = !KEY_sta;
   \                     ??LCD_Key_ZS_4: (+1)
   \   000002A6   0x4809             LDR      R0,??LCD_Key_ZS_6
   \   000002A8   0x7800             LDRB     R0,[R0, #+0]
   \   000002AA   0x2800             CMP      R0,#+0
   \   000002AC   0xD103             BNE      ??LCD_Key_ZS_53
   \   000002AE   0x2001             MOVS     R0,#+1
   \   000002B0   0x4906             LDR      R1,??LCD_Key_ZS_6
   \   000002B2   0x7008             STRB     R0,[R1, #+0]
   \   000002B4   0xE002             B        ??LCD_Key_ZS_54
   \                     ??LCD_Key_ZS_53: (+1)
   \   000002B6   0x2000             MOVS     R0,#+0
   \   000002B8   0x4904             LDR      R1,??LCD_Key_ZS_6
   \   000002BA   0x7008             STRB     R0,[R1, #+0]
    172                  KEY_menuChange = !KEY_menuChange;
   \                     ??LCD_Key_ZS_54: (+1)
   \   000002BC   0x....             LDR      R0,??DataTable4
   \   000002BE   0x7800             LDRB     R0,[R0, #+0]
   \   000002C0   0x2800             CMP      R0,#+0
   \   000002C2   0xD105             BNE      ??LCD_Key_ZS_55
   \   000002C4   0x2001             MOVS     R0,#+1
   \   000002C6   0x....             LDR      R1,??DataTable4
   \   000002C8   0x7008             STRB     R0,[R1, #+0]
   \   000002CA   0xE004             B        ??LCD_Key_ZS_56
   \                     ??LCD_Key_ZS_6:
   \   000002CC   0x........         DC32     KEY_sta
   \                     ??LCD_Key_ZS_55: (+1)
   \   000002D0   0x2000             MOVS     R0,#+0
   \   000002D2   0x....             LDR      R1,??DataTable4
   \   000002D4   0x7008             STRB     R0,[R1, #+0]
    173                  if (++menuSelect > 7)//logo 和 菜单显示只一次
   \                     ??LCD_Key_ZS_56: (+1)
   \   000002D6   0x4807             LDR      R0,??LCD_Key_ZS_9
   \   000002D8   0x7800             LDRB     R0,[R0, #+0]
   \   000002DA   0x1C40             ADDS     R0,R0,#+1
   \   000002DC   0x4905             LDR      R1,??LCD_Key_ZS_9
   \   000002DE   0x7008             STRB     R0,[R1, #+0]
   \   000002E0   0x4804             LDR      R0,??LCD_Key_ZS_9
   \   000002E2   0x7800             LDRB     R0,[R0, #+0]
   \   000002E4   0x2808             CMP      R0,#+8
   \   000002E6   0xDB02             BLT      ??LCD_Key_ZS_57
    174                  {
    175                      menuSelect = MENU;
   \   000002E8   0x2001             MOVS     R0,#+1
   \   000002EA   0x4902             LDR      R1,??LCD_Key_ZS_9
   \   000002EC   0x7008             STRB     R0,[R1, #+0]
    176                  }
    177                  break;
   \                     ??LCD_Key_ZS_57: (+1)
   \   000002EE   0xE7FF             B        ??LCD_Key_ZS_19
    178          
    179              default :
    180                  break;
    181              }
    182          }
   \                     ??LCD_Key_ZS_1: (+1)
   \                     ??LCD_Key_ZS_19: (+1)
   \   000002F0   0xBD01             POP      {R0,PC}          ;; return
   \   000002F2   0xBF00             Nop      
   \                     ??LCD_Key_ZS_9:
   \   000002F4   0x........         DC32     menuSelect
    183          
    184          
    185          
    186          
    187          
    188          //-------常用颜色----------
    189          //#define RED     	0XF800    //红色
    190          //#define GREEN   	0X07E0    //绿色
    191          //#define BLUE    	0X001F    //蓝色
    192          //#define BRED    	0XF81F    //紫色
    193          //#define GRED    	0XFFE0    //灰色
    194          //#define GBLUE   	0X07FF    //青蓝
    195          //#define BLACK   	0X0000    //黑色
    196          //#define WHITE   	0XFFFF    //白色
    197          //#define YELLOW  	0xFFE0    //黄色
    198          //
    199          //
    200          //
    201          //extern uint16 LCD_pen;//笔颜色
    202          //extern uint16 LCD_backGround;//背景颜色
    203          
    204          

   \                                 In section .text, align 2, keep-with-next
    205          void LCD_Name_ZS(void)
    206          {
   \                     LCD_Name_ZS: (+1)
   \   00000000   0xB580             PUSH     {R7,LR}
    207           LCD_showStr0608(1,10, "Speed:");
   \   00000002   0x....             LDR      R2,??DataTable4_1
   \   00000004   0x210A             MOVS     R1,#+10
   \   00000006   0x2001             MOVS     R0,#+1
   \   00000008   0x.... 0x....      BL       LCD_showStr0608
    208           LCD_showStr0608(1,20, "P_Dir:");
   \   0000000C   0x....             LDR      R2,??DataTable4_2
   \   0000000E   0x2114             MOVS     R1,#+20
   \   00000010   0x2001             MOVS     R0,#+1
   \   00000012   0x.... 0x....      BL       LCD_showStr0608
    209           LCD_showStr0608(1,30, "P_Cha:");
   \   00000016   0x....             LDR      R2,??DataTable4_3
   \   00000018   0x211E             MOVS     R1,#+30
   \   0000001A   0x2001             MOVS     R0,#+1
   \   0000001C   0x.... 0x....      BL       LCD_showStr0608
    210           LCD_showStr0608(1,40, "D_Ang:");
   \   00000020   0x....             LDR      R2,??DataTable4_4
   \   00000022   0x2128             MOVS     R1,#+40
   \   00000024   0x2001             MOVS     R0,#+1
   \   00000026   0x.... 0x....      BL       LCD_showStr0608
    211           LCD_showStr0608(1,50, "P_Spe:");
   \   0000002A   0x....             LDR      R2,??DataTable4_5
   \   0000002C   0x2132             MOVS     R1,#+50
   \   0000002E   0x2001             MOVS     R0,#+1
   \   00000030   0x.... 0x....      BL       LCD_showStr0608
    212           LCD_showStr0608(1,60, "I_Spe:");
   \   00000034   0x....             LDR      R2,??DataTable4_6
   \   00000036   0x213C             MOVS     R1,#+60
   \   00000038   0x2001             MOVS     R0,#+1
   \   0000003A   0x.... 0x....      BL       LCD_showStr0608
    213          
    214             
    215          }
   \   0000003E   0xBD01             POP      {R0,PC}          ;; return
    216          

   \                                 In section .text, align 2, keep-with-next
    217          void LCD_Data_ZS(void)
    218          {
   \                     LCD_Data_ZS: (+1)
   \   00000000   0xB510             PUSH     {R4,LR}
    219            uint16 LCD_pen_one = RED;//笔颜色
   \   00000002   0x20F8             MOVS     R0,#+248
   \   00000004   0x0200             LSLS     R0,R0,#+8        ;; #+63488
    220            uint16 LCD_pen_other = BLACK;//笔颜色
   \   00000006   0x2400             MOVS     R4,#+0
    221            int menuSelect_old = menuSelect;//菜单选择
   \   00000008   0x....             LDR      R1,??DataTable4_7
   \   0000000A   0x7809             LDRB     R1,[R1, #+0]
    222          //uint16 LCD_pen = BLACK;//笔颜色
    223          
    224            
    225                LCD_pen=LCD_pen_one ;
   \   0000000C   0x....             LDR      R1,??DataTable4_8
   \   0000000E   0x8008             STRH     R0,[R1, #+0]
    226          
    227              switch (menuSelect) 
   \   00000010   0x....             LDR      R0,??DataTable4_7
   \   00000012   0x7800             LDRB     R0,[R0, #+0]
   \   00000014   0x2801             CMP      R0,#+1
   \   00000016   0xD00A             BEQ      ??LCD_Data_ZS_0
   \   00000018   0xD349             BCC      ??LCD_Data_ZS_1
   \   0000001A   0x2803             CMP      R0,#+3
   \   0000001C   0xD01F             BEQ      ??LCD_Data_ZS_2
   \   0000001E   0xD316             BCC      ??LCD_Data_ZS_3
   \   00000020   0x2805             CMP      R0,#+5
   \   00000022   0xD02C             BEQ      ??LCD_Data_ZS_4
   \   00000024   0xD323             BCC      ??LCD_Data_ZS_5
   \   00000026   0x2807             CMP      R0,#+7
   \   00000028   0xD039             BEQ      ??LCD_Data_ZS_6
   \   0000002A   0xD330             BCC      ??LCD_Data_ZS_7
   \   0000002C   0xE03F             B        ??LCD_Data_ZS_1
    228              {
    229                
    230              case MENU:
    231              if(zs_car==1)
   \                     ??LCD_Data_ZS_0: (+1)
   \   0000002E   0x....             LDR      R0,??DataTable4_9
   \   00000030   0x6800             LDR      R0,[R0, #+0]
   \   00000032   0x2801             CMP      R0,#+1
   \   00000034   0xD105             BNE      ??LCD_Data_ZS_8
    232                 LCD_showStr0608(1,0, "RUN");
   \   00000036   0x....             ADR      R2,??DataTable4_10  ;; "RUN"
   \   00000038   0x2100             MOVS     R1,#+0
   \   0000003A   0x2001             MOVS     R0,#+1
   \   0000003C   0x.... 0x....      BL       LCD_showStr0608
   \   00000040   0xE004             B        ??LCD_Data_ZS_9
    233              else
    234                 LCD_showStr0608(1,0, "STOP");
   \                     ??LCD_Data_ZS_8: (+1)
   \   00000042   0x....             LDR      R2,??DataTable4_11
   \   00000044   0x2100             MOVS     R1,#+0
   \   00000046   0x2001             MOVS     R0,#+1
   \   00000048   0x.... 0x....      BL       LCD_showStr0608
    235              break;
   \                     ??LCD_Data_ZS_9: (+1)
   \   0000004C   0xE02F             B        ??LCD_Data_ZS_10
    236             
    237              case MENU_1:
    238          LCD_DisplayFloat(40, 10, speed_set, 1);
   \                     ??LCD_Data_ZS_3: (+1)
   \   0000004E   0x2301             MOVS     R3,#+1
   \   00000050   0x....             LDR      R0,??DataTable4_12
   \   00000052   0x6802             LDR      R2,[R0, #+0]
   \   00000054   0x210A             MOVS     R1,#+10
   \   00000056   0x2028             MOVS     R0,#+40
   \   00000058   0x.... 0x....      BL       LCD_DisplayFloat
    239              break;  
   \   0000005C   0xE027             B        ??LCD_Data_ZS_10
    240              
    241              case MENU_2:
    242          LCD_DisplayFloat(40, 20, Direction_P, 1);
   \                     ??LCD_Data_ZS_2: (+1)
   \   0000005E   0x2301             MOVS     R3,#+1
   \   00000060   0x....             LDR      R0,??DataTable4_13
   \   00000062   0x6802             LDR      R2,[R0, #+0]
   \   00000064   0x2114             MOVS     R1,#+20
   \   00000066   0x2028             MOVS     R0,#+40
   \   00000068   0x.... 0x....      BL       LCD_DisplayFloat
    243              break;
   \   0000006C   0xE01F             B        ??LCD_Data_ZS_10
    244              
    245                 case MENU_3:
    246          LCD_DisplayFloat(40, 30, Direction_P2, 1);
   \                     ??LCD_Data_ZS_5: (+1)
   \   0000006E   0x2301             MOVS     R3,#+1
   \   00000070   0x....             LDR      R0,??DataTable4_14
   \   00000072   0x6802             LDR      R2,[R0, #+0]
   \   00000074   0x211E             MOVS     R1,#+30
   \   00000076   0x2028             MOVS     R0,#+40
   \   00000078   0x.... 0x....      BL       LCD_DisplayFloat
    247          //LCD_DisplayFloat(40, 30, Chazhi, 1);         
    248              break;
   \   0000007C   0xE017             B        ??LCD_Data_ZS_10
    249              
    250              case MENU_4:
    251          LCD_DisplayFloat(40, 40, Angle_D, 1);
   \                     ??LCD_Data_ZS_4: (+1)
   \   0000007E   0x2301             MOVS     R3,#+1
   \   00000080   0x....             LDR      R0,??DataTable4_15
   \   00000082   0x6802             LDR      R2,[R0, #+0]
   \   00000084   0x2128             MOVS     R1,#+40
   \   00000086   0x2028             MOVS     R0,#+40
   \   00000088   0x.... 0x....      BL       LCD_DisplayFloat
    252              break;
   \   0000008C   0xE00F             B        ??LCD_Data_ZS_10
    253              
    254                 case MENU_5:
    255          LCD_DisplayFloat(40, 50, Speed_P, 1);
   \                     ??LCD_Data_ZS_7: (+1)
   \   0000008E   0x2301             MOVS     R3,#+1
   \   00000090   0x....             LDR      R0,??DataTable4_16
   \   00000092   0x6802             LDR      R2,[R0, #+0]
   \   00000094   0x2132             MOVS     R1,#+50
   \   00000096   0x2028             MOVS     R0,#+40
   \   00000098   0x.... 0x....      BL       LCD_DisplayFloat
    256              break;
   \   0000009C   0xE007             B        ??LCD_Data_ZS_10
    257              
    258                 case MENU_6:
    259          LCD_DisplayFloat(40, 60, Speed_I, 1);
   \                     ??LCD_Data_ZS_6: (+1)
   \   0000009E   0x2301             MOVS     R3,#+1
   \   000000A0   0x....             LDR      R0,??DataTable4_17
   \   000000A2   0x6802             LDR      R2,[R0, #+0]
   \   000000A4   0x213C             MOVS     R1,#+60
   \   000000A6   0x2028             MOVS     R0,#+40
   \   000000A8   0x.... 0x....      BL       LCD_DisplayFloat
    260              break;
   \   000000AC   0xE7FF             B        ??LCD_Data_ZS_10
    261              
    262          //        case MENU_6:
    263          //LCD_DisplayFloat(40, 60, Direction_P2, 1);
    264          //    break;
    265          //    
    266          //        case MENU_7:
    267          //LCD_DisplayFloat(40, 70, Angle_P, 1);
    268          //    break;
    269          //    
    270          //        case MENU_8:
    271          //LCD_DisplayFloat(40, 80, Angle_D, 1);
    272          //    break;
    273             
    274              default :
    275                  break;
    276              }
    277           //旧数据变成共色   
    278            menuSelect_old = menuSelect-1;//菜单选择
   \                     ??LCD_Data_ZS_1: (+1)
   \                     ??LCD_Data_ZS_10: (+1)
   \   000000AE   0x....             LDR      R0,??DataTable4_7
   \   000000B0   0x7801             LDRB     R1,[R0, #+0]
   \   000000B2   0x1E49             SUBS     R1,R1,#+1
    279            if(menuSelect_old<1) 
   \   000000B4   0x2901             CMP      R1,#+1
   \   000000B6   0xDA00             BGE      ??LCD_Data_ZS_11
    280               menuSelect_old=MENU_6;
   \   000000B8   0x2107             MOVS     R1,#+7
    281                   LCD_pen=LCD_pen_other ;
   \                     ??LCD_Data_ZS_11: (+1)
   \   000000BA   0x....             LDR      R0,??DataTable4_8
   \   000000BC   0x8004             STRH     R4,[R0, #+0]
    282            
    283               switch (menuSelect_old) 
   \   000000BE   0x2901             CMP      R1,#+1
   \   000000C0   0xD00A             BEQ      ??LCD_Data_ZS_12
   \   000000C2   0xD349             BCC      ??LCD_Data_ZS_13
   \   000000C4   0x2903             CMP      R1,#+3
   \   000000C6   0xD01F             BEQ      ??LCD_Data_ZS_14
   \   000000C8   0xD316             BCC      ??LCD_Data_ZS_15
   \   000000CA   0x2905             CMP      R1,#+5
   \   000000CC   0xD02C             BEQ      ??LCD_Data_ZS_16
   \   000000CE   0xD323             BCC      ??LCD_Data_ZS_17
   \   000000D0   0x2907             CMP      R1,#+7
   \   000000D2   0xD039             BEQ      ??LCD_Data_ZS_18
   \   000000D4   0xD330             BCC      ??LCD_Data_ZS_19
   \   000000D6   0xE03F             B        ??LCD_Data_ZS_13
    284              {
    285                
    286            case MENU:
    287              if(zs_car==1)
   \                     ??LCD_Data_ZS_12: (+1)
   \   000000D8   0x....             LDR      R0,??DataTable4_9
   \   000000DA   0x6800             LDR      R0,[R0, #+0]
   \   000000DC   0x2801             CMP      R0,#+1
   \   000000DE   0xD105             BNE      ??LCD_Data_ZS_20
    288                 LCD_showStr0608(1,0, "RUN");
   \   000000E0   0x....             ADR      R2,??DataTable4_10  ;; "RUN"
   \   000000E2   0x2100             MOVS     R1,#+0
   \   000000E4   0x2001             MOVS     R0,#+1
   \   000000E6   0x.... 0x....      BL       LCD_showStr0608
   \   000000EA   0xE004             B        ??LCD_Data_ZS_21
    289              else
    290                 LCD_showStr0608(1,0, "STOP");
   \                     ??LCD_Data_ZS_20: (+1)
   \   000000EC   0x....             LDR      R2,??DataTable4_11
   \   000000EE   0x2100             MOVS     R1,#+0
   \   000000F0   0x2001             MOVS     R0,#+1
   \   000000F2   0x.... 0x....      BL       LCD_showStr0608
    291              break;
   \                     ??LCD_Data_ZS_21: (+1)
   \   000000F6   0xE02F             B        ??LCD_Data_ZS_22
    292             
    293              case MENU_1:
    294          LCD_DisplayFloat(40, 10, speed_set, 1);
   \                     ??LCD_Data_ZS_15: (+1)
   \   000000F8   0x2301             MOVS     R3,#+1
   \   000000FA   0x....             LDR      R0,??DataTable4_12
   \   000000FC   0x6802             LDR      R2,[R0, #+0]
   \   000000FE   0x210A             MOVS     R1,#+10
   \   00000100   0x2028             MOVS     R0,#+40
   \   00000102   0x.... 0x....      BL       LCD_DisplayFloat
    295              break;  
   \   00000106   0xE027             B        ??LCD_Data_ZS_22
    296              
    297              case MENU_2:
    298          LCD_DisplayFloat(40, 20, Direction_P, 1);
   \                     ??LCD_Data_ZS_14: (+1)
   \   00000108   0x2301             MOVS     R3,#+1
   \   0000010A   0x....             LDR      R0,??DataTable4_13
   \   0000010C   0x6802             LDR      R2,[R0, #+0]
   \   0000010E   0x2114             MOVS     R1,#+20
   \   00000110   0x2028             MOVS     R0,#+40
   \   00000112   0x.... 0x....      BL       LCD_DisplayFloat
    299              break;
   \   00000116   0xE01F             B        ??LCD_Data_ZS_22
    300              
    301                 case MENU_3:
    302          LCD_DisplayFloat(40, 30, Direction_P2, 1);
   \                     ??LCD_Data_ZS_17: (+1)
   \   00000118   0x2301             MOVS     R3,#+1
   \   0000011A   0x....             LDR      R0,??DataTable4_14
   \   0000011C   0x6802             LDR      R2,[R0, #+0]
   \   0000011E   0x211E             MOVS     R1,#+30
   \   00000120   0x2028             MOVS     R0,#+40
   \   00000122   0x.... 0x....      BL       LCD_DisplayFloat
    303          //LCD_DisplayFloat(40, 30, Chazhi, 1);         
    304              break;
   \   00000126   0xE017             B        ??LCD_Data_ZS_22
    305              
    306              case MENU_4:
    307          LCD_DisplayFloat(40, 40, Angle_D, 1);
   \                     ??LCD_Data_ZS_16: (+1)
   \   00000128   0x2301             MOVS     R3,#+1
   \   0000012A   0x....             LDR      R0,??DataTable4_15
   \   0000012C   0x6802             LDR      R2,[R0, #+0]
   \   0000012E   0x2128             MOVS     R1,#+40
   \   00000130   0x2028             MOVS     R0,#+40
   \   00000132   0x.... 0x....      BL       LCD_DisplayFloat
    308              break;
   \   00000136   0xE00F             B        ??LCD_Data_ZS_22
    309              
    310                 case MENU_5:
    311          LCD_DisplayFloat(40, 50, Speed_P, 1);
   \                     ??LCD_Data_ZS_19: (+1)
   \   00000138   0x2301             MOVS     R3,#+1
   \   0000013A   0x....             LDR      R0,??DataTable4_16
   \   0000013C   0x6802             LDR      R2,[R0, #+0]
   \   0000013E   0x2132             MOVS     R1,#+50
   \   00000140   0x2028             MOVS     R0,#+40
   \   00000142   0x.... 0x....      BL       LCD_DisplayFloat
    312              break;
   \   00000146   0xE007             B        ??LCD_Data_ZS_22
    313              
    314                 case MENU_6:
    315          LCD_DisplayFloat(40, 60, Speed_I, 1);
   \                     ??LCD_Data_ZS_18: (+1)
   \   00000148   0x2301             MOVS     R3,#+1
   \   0000014A   0x....             LDR      R0,??DataTable4_17
   \   0000014C   0x6802             LDR      R2,[R0, #+0]
   \   0000014E   0x213C             MOVS     R1,#+60
   \   00000150   0x2028             MOVS     R0,#+40
   \   00000152   0x.... 0x....      BL       LCD_DisplayFloat
    316              break;
   \   00000156   0xE7FF             B        ??LCD_Data_ZS_22
    317              
    318          //        case MENU_6:
    319          //LCD_DisplayFloat(40, 60, Direction_P2, 1);
    320          //    break;
    321          //    
    322          //        case MENU_7:
    323          //LCD_DisplayFloat(40, 70, Angle_P, 1);
    324          //    break;
    325          //    
    326          //        case MENU_8:
    327          //LCD_DisplayFloat(40, 80, Angle_D, 1);
    328          //    break;
    329              
    330              
    331              default :
    332                  break;
    333              }
    334              
    335             
    336              
    337          }
   \                     ??LCD_Data_ZS_13: (+1)
   \                     ??LCD_Data_ZS_22: (+1)
   \   00000158   0xBD10             POP      {R4,PC}          ;; return
    338          
    339          
    340          
    341          //LCD显示数据动态

   \                                 In section .text, align 2, keep-with-next
    342          void LCD_Inductor_Dynamic(void)
    343          {
   \                     LCD_Inductor_Dynamic: (+1)
   \   00000000   0xB580             PUSH     {R7,LR}
    344            LCD_Int16(0, 0, AD_valu[0]);
   \   00000002   0x....             LDR      R0,??DataTable4_18
   \   00000004   0x6802             LDR      R2,[R0, #+0]
   \   00000006   0xB212             SXTH     R2,R2
   \   00000008   0x2100             MOVS     R1,#+0
   \   0000000A   0x2000             MOVS     R0,#+0
   \   0000000C   0x.... 0x....      BL       LCD_Int16
    345            LCD_DisplayFloat(80,0,AD_inductor[0], 3); 
   \   00000010   0x2303             MOVS     R3,#+3
   \   00000012   0x....             LDR      R0,??DataTable4_19
   \   00000014   0x6802             LDR      R2,[R0, #+0]
   \   00000016   0x2100             MOVS     R1,#+0
   \   00000018   0x2050             MOVS     R0,#+80
   \   0000001A   0x.... 0x....      BL       LCD_DisplayFloat
    346            
    347            LCD_Int16(0, 10, AD_valu[1]);
   \   0000001E   0x....             LDR      R0,??DataTable4_18
   \   00000020   0x6842             LDR      R2,[R0, #+4]
   \   00000022   0xB212             SXTH     R2,R2
   \   00000024   0x210A             MOVS     R1,#+10
   \   00000026   0x2000             MOVS     R0,#+0
   \   00000028   0x.... 0x....      BL       LCD_Int16
    348            LCD_DisplayFloat(80,10,AD_inductor[1], 3); 
   \   0000002C   0x2303             MOVS     R3,#+3
   \   0000002E   0x....             LDR      R0,??DataTable4_19
   \   00000030   0x6842             LDR      R2,[R0, #+4]
   \   00000032   0x210A             MOVS     R1,#+10
   \   00000034   0x2050             MOVS     R0,#+80
   \   00000036   0x.... 0x....      BL       LCD_DisplayFloat
    349            
    350          //  LCD_Int16(40, 2, AD_valu[2]);
    351          //  LCD_DisplayFloat(80,20,AD_inductor[2], 3); 
    352          //  
    353          //  LCD_Int16(40, 40, AD_valu[3]);
    354          //  LCD_DisplayFloat(80,40,AD_inductor[3], 3); 
    355          //  
    356          //  LCD_Int16(40, 50, AD_valu[4]);
    357          //  LCD_DisplayFloat(80,50,AD_inductor[4], 3); 
    358            
    359          //  LCD_DisplayFloat(60,60,Chazhi, 3); 
    360          //  LCD_DisplayFloat(1,70,Circle_Flag, 0); 
    361          //  LCD_DisplayFloat(1,70,angle, 0); 
    362          //  LCD_DisplayFloat(60,70,Chazhi_Rate, 3); 
    363          }
   \   0000003A   0xBD01             POP      {R0,PC}          ;; return
    364          
    365          
    366          
    367          //LCD显示数据

   \                                 In section .text, align 2, keep-with-next
    368          void LCD_Speed_Dynamic(void)
    369          {
   \                     LCD_Speed_Dynamic: (+1)
   \   00000000   0xB580             PUSH     {R7,LR}
    370            
    371          //  LCD_DisplayFloat(40,10,wgy, 3);//255
    372          //  LCD_DisplayFloat(40,20,gy, 3);//-1
    373          //  LCD_DisplayFloat(40,30,gyro_y, 3);//-1哦了吗                                                                                                         
    374          ////  LCD_DisplayFloat(40,30,gyr_angle_speed, 3);
    375          ////  LCD_DisplayFloat(40,50,gyr_angle, 3);
    376          //  LCD_DisplayFloat(40,20,Speed_I_lntegral_L, 3);
    377          //  LCD_DisplayFloat(40,50,Speed_I_lntegral_R, 3);
    378          //  LCD_DisplayFloat(40,00,Chazhi, 3);   
    379          //    LCD_DisplayFloat(40,00,Chasu_Bili, 3);   
    380          //    LCD_DisplayFloat(40,10,angle, 3); 
    381          ////  
    382          //  LCD_DisplayFloat(40,10,speed_set_L, 3); 
    383          //  LCD_DisplayFloat(40,20,speed_set_R, 3); 
    384          //  
    385                LCD_DisplayFloat(40,70,speed_L, 1); 
   \   00000002   0x2301             MOVS     R3,#+1
   \   00000004   0x....             LDR      R0,??DataTable4_20
   \   00000006   0x6802             LDR      R2,[R0, #+0]
   \   00000008   0x2146             MOVS     R1,#+70
   \   0000000A   0x2028             MOVS     R0,#+40
   \   0000000C   0x.... 0x....      BL       LCD_DisplayFloat
    386            LCD_DisplayFloat(80,70,speed_R, 1); 
   \   00000010   0x2301             MOVS     R3,#+1
   \   00000012   0x....             LDR      R0,??DataTable4_21
   \   00000014   0x6802             LDR      R2,[R0, #+0]
   \   00000016   0x2146             MOVS     R1,#+70
   \   00000018   0x2050             MOVS     R0,#+80
   \   0000001A   0x.... 0x....      BL       LCD_DisplayFloat
    387          //    LCD_DisplayFloat(40,50,speed_set, 3); 
    388          //    LCD_DisplayFloat(40,60,Chazhi_Rate, 3); 
    389          
    390          
    391          }
   \   0000001E   0xBD01             POP      {R0,PC}          ;; return

   \                                 In section .text, align 4, keep-with-next
   \                     ??DataTable0:
   \   00000000   0x........         DC32     zs_car

   \                                 In section .text, align 4, keep-with-next
   \                     ??DataTable0_1:
   \   00000000   0x........         DC32     speed_set

   \                                 In section .text, align 4, keep-with-next
   \                     ??DataTable0_2:
   \   00000000   0x41200000         DC32     0x41200000

   \                                 In section .text, align 4, keep-with-next
   \                     ??DataTable0_3:
   \   00000000   0x........         DC32     Direction_P

   \                                 In section .text, align 4, keep-with-next
   \                     ??DataTable0_4:
   \   00000000   0x........         DC32     Direction_P2

   \                                 In section .text, align 4, keep-with-next
   \                     ??DataTable0_5:
   \   00000000   0x........         DC32     Angle_D

   \                                 In section .text, align 4, keep-with-next
   \                     ??DataTable0_6:
   \   00000000   0x........         DC32     Speed_P

   \                                 In section .text, align 4, keep-with-next
   \                     ??DataTable0_7:
   \   00000000   0x........         DC32     Speed_I

   \                                 In section .text, align 4, keep-with-next
   \                     ??DataTable1:
   \   00000000   0xC1200000         DC32     0xc1200000

   \                                 In section .text, align 4, keep-with-next
   \                     ??DataTable2:
   \   00000000   0xBF800000         DC32     0xbf800000

   \                                 In section .text, align 4, keep-with-next
   \                     ??DataTable4:
   \   00000000   0x........         DC32     KEY_menuChange

   \                                 In section .text, align 4, keep-with-next
   \                     ??DataTable4_1:
   \   00000000   0x........         DC32     ?_0

   \                                 In section .text, align 4, keep-with-next
   \                     ??DataTable4_2:
   \   00000000   0x........         DC32     ?_1

   \                                 In section .text, align 4, keep-with-next
   \                     ??DataTable4_3:
   \   00000000   0x........         DC32     ?_2

   \                                 In section .text, align 4, keep-with-next
   \                     ??DataTable4_4:
   \   00000000   0x........         DC32     ?_3

   \                                 In section .text, align 4, keep-with-next
   \                     ??DataTable4_5:
   \   00000000   0x........         DC32     ?_4

   \                                 In section .text, align 4, keep-with-next
   \                     ??DataTable4_6:
   \   00000000   0x........         DC32     ?_5

   \                                 In section .text, align 4, keep-with-next
   \                     ??DataTable4_7:
   \   00000000   0x........         DC32     menuSelect

   \                                 In section .text, align 4, keep-with-next
   \                     ??DataTable4_8:
   \   00000000   0x........         DC32     LCD_pen

   \                                 In section .text, align 4, keep-with-next
   \                     ??DataTable4_9:
   \   00000000   0x........         DC32     zs_car

   \                                 In section .text, align 4, keep-with-next
   \                     ??DataTable4_10:
   \   00000000   0x52 0x55          DC8      "RUN"
   \              0x4E 0x00    

   \                                 In section .text, align 4, keep-with-next
   \                     ??DataTable4_11:
   \   00000000   0x........         DC32     ?_7

   \                                 In section .text, align 4, keep-with-next
   \                     ??DataTable4_12:
   \   00000000   0x........         DC32     speed_set

   \                                 In section .text, align 4, keep-with-next
   \                     ??DataTable4_13:
   \   00000000   0x........         DC32     Direction_P

   \                                 In section .text, align 4, keep-with-next
   \                     ??DataTable4_14:
   \   00000000   0x........         DC32     Direction_P2

   \                                 In section .text, align 4, keep-with-next
   \                     ??DataTable4_15:
   \   00000000   0x........         DC32     Angle_D

   \                                 In section .text, align 4, keep-with-next
   \                     ??DataTable4_16:
   \   00000000   0x........         DC32     Speed_P

   \                                 In section .text, align 4, keep-with-next
   \                     ??DataTable4_17:
   \   00000000   0x........         DC32     Speed_I

   \                                 In section .text, align 4, keep-with-next
   \                     ??DataTable4_18:
   \   00000000   0x........         DC32     AD_valu

   \                                 In section .text, align 4, keep-with-next
   \                     ??DataTable4_19:
   \   00000000   0x........         DC32     AD_inductor

   \                                 In section .text, align 4, keep-with-next
   \                     ??DataTable4_20:
   \   00000000   0x........         DC32     speed_L

   \                                 In section .text, align 4, keep-with-next
   \                     ??DataTable4_21:
   \   00000000   0x........         DC32     speed_R

   \                                 In section .rodata, align 4
   \                     ?_0:
   \   00000000   0x53 0x70          DC8 "Speed:"
   \              0x65 0x65    
   \              0x64 0x3A    
   \              0x00         
   \   00000007   0x00               DC8 0

   \                                 In section .rodata, align 4
   \                     ?_1:
   \   00000000   0x50 0x5F          DC8 "P_Dir:"
   \              0x44 0x69    
   \              0x72 0x3A    
   \              0x00         
   \   00000007   0x00               DC8 0

   \                                 In section .rodata, align 4
   \                     ?_2:
   \   00000000   0x50 0x5F          DC8 "P_Cha:"
   \              0x43 0x68    
   \              0x61 0x3A    
   \              0x00         
   \   00000007   0x00               DC8 0

   \                                 In section .rodata, align 4
   \                     ?_3:
   \   00000000   0x44 0x5F          DC8 "D_Ang:"
   \              0x41 0x6E    
   \              0x67 0x3A    
   \              0x00         
   \   00000007   0x00               DC8 0

   \                                 In section .rodata, align 4
   \                     ?_4:
   \   00000000   0x50 0x5F          DC8 "P_Spe:"
   \              0x53 0x70    
   \              0x65 0x3A    
   \              0x00         
   \   00000007   0x00               DC8 0

   \                                 In section .rodata, align 4
   \                     ?_5:
   \   00000000   0x49 0x5F          DC8 "I_Spe:"
   \              0x53 0x70    
   \              0x65 0x3A    
   \              0x00         
   \   00000007   0x00               DC8 0

   \                                 In section .rodata, align 4
   \   00000000   0x52 0x55          DC8 "RUN"
   \              0x4E 0x00    

   \                                 In section .rodata, align 4
   \                     ?_7:
   \   00000000   0x53 0x54          DC8 "STOP"
   \              0x4F 0x50    
   \              0x00         
   \   00000005   0x00 0x00          DC8 0, 0, 0
   \              0x00         
    392          

   Maximum stack usage in bytes:

   .cstack Function
   ------- --------
       8   LCD_Data_ZS
         8   -> LCD_DisplayFloat
         8   -> LCD_showStr0608
       8   LCD_Inductor_Dynamic
         8   -> LCD_DisplayFloat
         8   -> LCD_Int16
       8   LCD_Key_ZS
         8   -> KEY_Scan
         8   -> __aeabi_fadd
       8   LCD_Name_ZS
         8   -> LCD_showStr0608
       8   LCD_Speed_Dynamic
         8   -> LCD_DisplayFloat


   Section sizes:

   Bytes  Function/Label
   -----  --------------
       4  ??DataTable0
       4  ??DataTable0_1
       4  ??DataTable0_2
       4  ??DataTable0_3
       4  ??DataTable0_4
       4  ??DataTable0_5
       4  ??DataTable0_6
       4  ??DataTable0_7
       4  ??DataTable1
       4  ??DataTable2
       4  ??DataTable4
       4  ??DataTable4_1
       4  ??DataTable4_10
       4  ??DataTable4_11
       4  ??DataTable4_12
       4  ??DataTable4_13
       4  ??DataTable4_14
       4  ??DataTable4_15
       4  ??DataTable4_16
       4  ??DataTable4_17
       4  ??DataTable4_18
       4  ??DataTable4_19
       4  ??DataTable4_2
       4  ??DataTable4_20
       4  ??DataTable4_21
       4  ??DataTable4_3
       4  ??DataTable4_4
       4  ??DataTable4_5
       4  ??DataTable4_6
       4  ??DataTable4_7
       4  ??DataTable4_8
       4  ??DataTable4_9
       8  ?_0
       8  ?_1
       8  ?_2
       8  ?_3
       8  ?_4
       8  ?_5
       4  ?_6
       8  ?_7
     346  LCD_Data_ZS
      60  LCD_Inductor_Dynamic
     760  LCD_Key_ZS
      64  LCD_Name_ZS
      32  LCD_Speed_Dynamic

 
    60 bytes in section .rodata
 1 390 bytes in section .text
 
 1 390 bytes of CODE  memory
    60 bytes of CONST memory

Errors: none
Warnings: none
