###############################################################################
#
# IAR ANSI C/C++ Compiler V7.30.3.8024/W32 for ARM        17/Jul/2018  09:40:43
# Copyright 1999-2014 IAR Systems AB.
#
#    Cpu mode     =  thumb
#    Endian       =  little
#    Source file  =  H:\智能车程序2018\电磁三轮――ZS\7.17\user\C\oled_zs.c
#    Command line =  
#        H:\智能车程序2018\电磁三轮――ZS\7.17\user\C\oled_zs.c -D IAR -D
#        TWR_K60N512 -D _DLIB_FILE_DESCRIPTOR -lCN
#        H:\智能车程序2018\电磁三轮――ZS\7.17\iar\KEA_128_RAM\List\ -lB
#        H:\智能车程序2018\电磁三轮――ZS\7.17\iar\KEA_128_RAM\List\ -o
#        H:\智能车程序2018\电磁三轮――ZS\7.17\iar\KEA_128_RAM\Obj\ --no_cse
#        --no_unroll --no_inline --no_code_motion --no_tbaa --no_clustering
#        --no_scheduling --debug --endian=little --cpu=Cortex-M0+ -e --fpu=None
#        --dlib_config H:\IAR7.3\arm\INC\c\DLib_Config_Normal.h -I
#        H:\智能车程序2018\电磁三轮――ZS\7.17\iar\..\device\H\ -I
#        H:\智能车程序2018\电磁三轮――ZS\7.17\iar\..\user\H\ -I
#        H:\智能车程序2018\电磁三轮――ZS\7.17\iar\..\system\ -I
#        H:\智能车程序2018\电磁三轮――ZS\7.17\iar\..\lib\H\ -I
#        H:\智能车程序2018\电磁三轮――ZS\7.17\iar\..\system\coreSupport\ -Ol
#    List file    =  
#        H:\智能车程序2018\电磁三轮――ZS\7.17\iar\KEA_128_RAM\List\oled_zs.lst
#    Object file  =  
#        H:\智能车程序2018\电磁三轮――ZS\7.17\iar\KEA_128_RAM\Obj\oled_zs.o
#
###############################################################################

H:\智能车程序2018\电磁三轮――ZS\7.17\user\C\oled_zs.c
      1          #include "Variable.h"
      2          #include "common.h"
      3          #include "allHead.h"

   \                                 In section .text, align 4, keep-with-next
      4          void OLED_Key_ZS(void)
      5          {
   \                     OLED_Key_ZS: (+1)
   \   00000000   0xB580             PUSH     {R7,LR}
      6              switch (KEY_Scan())
   \   00000002   0x.... 0x....      BL       KEY_Scan
   \   00000006   0x2801             CMP      R0,#+1
   \   00000008   0xD00B             BEQ      ??OLED_Key_ZS_0
   \   0000000A   0xD200             BCS      .+4
   \   0000000C   0xE16A             B        ??OLED_Key_ZS_1
   \   0000000E   0x2803             CMP      R0,#+3
   \   00000010   0xD100             BNE      .+4
   \   00000012   0xE0A4             B        ??OLED_Key_ZS_2
   \   00000014   0xD354             BCC      ??OLED_Key_ZS_3
   \   00000016   0x2805             CMP      R0,#+5
   \   00000018   0xD100             BNE      .+4
   \   0000001A   0xE13E             B        ??OLED_Key_ZS_4
   \   0000001C   0xD200             BCS      .+4
   \   0000001E   0xE0ED             B        ??OLED_Key_ZS_5
   \   00000020   0xE160             B        ??OLED_Key_ZS_1
      7          {
      8              case 1: /* ------------------------------ 上 */
      9                  KEY_sta = !KEY_sta;//控制状态OLED是否更新
   \                     ??OLED_Key_ZS_0: (+1)
   \   00000022   0x48A7             LDR      R0,??OLED_Key_ZS_6
   \   00000024   0x7800             LDRB     R0,[R0, #+0]
   \   00000026   0x2800             CMP      R0,#+0
   \   00000028   0xD103             BNE      ??OLED_Key_ZS_7
   \   0000002A   0x2001             MOVS     R0,#+1
   \   0000002C   0x49A4             LDR      R1,??OLED_Key_ZS_6
   \   0000002E   0x7008             STRB     R0,[R1, #+0]
   \   00000030   0xE002             B        ??OLED_Key_ZS_8
   \                     ??OLED_Key_ZS_7: (+1)
   \   00000032   0x2000             MOVS     R0,#+0
   \   00000034   0x49A2             LDR      R1,??OLED_Key_ZS_6
   \   00000036   0x7008             STRB     R0,[R1, #+0]
     10                  switch (menuSelect)
   \                     ??OLED_Key_ZS_8: (+1)
   \   00000038   0x48AB             LDR      R0,??OLED_Key_ZS_9
   \   0000003A   0x7800             LDRB     R0,[R0, #+0]
   \   0000003C   0x2801             CMP      R0,#+1
   \   0000003E   0xD00A             BEQ      ??OLED_Key_ZS_10
   \   00000040   0xD33D             BCC      ??OLED_Key_ZS_11
   \   00000042   0x2803             CMP      R0,#+3
   \   00000044   0xD013             BEQ      ??OLED_Key_ZS_12
   \   00000046   0xD30A             BCC      ??OLED_Key_ZS_13
   \   00000048   0x2805             CMP      R0,#+5
   \   0000004A   0xD020             BEQ      ??OLED_Key_ZS_14
   \   0000004C   0xD317             BCC      ??OLED_Key_ZS_15
   \   0000004E   0x2807             CMP      R0,#+7
   \   00000050   0xD02D             BEQ      ??OLED_Key_ZS_16
   \   00000052   0xD324             BCC      ??OLED_Key_ZS_17
   \   00000054   0xE033             B        ??OLED_Key_ZS_11
     11                  {
     12                     case MENU:
     13                      zs_car=1;
   \                     ??OLED_Key_ZS_10: (+1)
   \   00000056   0x2001             MOVS     R0,#+1
   \   00000058   0x....             LDR      R1,??DataTable0
   \   0000005A   0x6008             STR      R0,[R1, #+0]
     14                      break; 
   \   0000005C   0xE02F             B        ??OLED_Key_ZS_18
     15                  case MENU_1:
     16                      speed_set += 10;
   \                     ??OLED_Key_ZS_13: (+1)
   \   0000005E   0x....             LDR      R0,??DataTable0_1
   \   00000060   0x6801             LDR      R1,[R0, #+0]
   \   00000062   0x....             LDR      R0,??DataTable0_2  ;; 0x41200000
   \   00000064   0x.... 0x....      BL       __aeabi_fadd
   \   00000068   0x....             LDR      R1,??DataTable0_1
   \   0000006A   0x6008             STR      R0,[R1, #+0]
     17                      break;
   \   0000006C   0xE027             B        ??OLED_Key_ZS_18
     18                      
     19                  case MENU_2:
     20                      Direction_P += 10;
   \                     ??OLED_Key_ZS_12: (+1)
   \   0000006E   0x....             LDR      R0,??DataTable0_3
   \   00000070   0x6801             LDR      R1,[R0, #+0]
   \   00000072   0x....             LDR      R0,??DataTable0_2  ;; 0x41200000
   \   00000074   0x.... 0x....      BL       __aeabi_fadd
   \   00000078   0x....             LDR      R1,??DataTable0_3
   \   0000007A   0x6008             STR      R0,[R1, #+0]
     21                      break;
   \   0000007C   0xE01F             B        ??OLED_Key_ZS_18
     22                      
     23            case MENU_3:
     24                      Direction_P2+=10;
   \                     ??OLED_Key_ZS_15: (+1)
   \   0000007E   0x....             LDR      R0,??DataTable0_4
   \   00000080   0x6801             LDR      R1,[R0, #+0]
   \   00000082   0x....             LDR      R0,??DataTable0_2  ;; 0x41200000
   \   00000084   0x.... 0x....      BL       __aeabi_fadd
   \   00000088   0x....             LDR      R1,??DataTable0_4
   \   0000008A   0x6008             STR      R0,[R1, #+0]
     25          //          Chazhi+=10;
     26                      break;
   \   0000008C   0xE017             B        ??OLED_Key_ZS_18
     27                      
     28                  case MENU_4:
     29                      Direction_D2+=10;
   \                     ??OLED_Key_ZS_14: (+1)
   \   0000008E   0x....             LDR      R0,??DataTable0_5
   \   00000090   0x6801             LDR      R1,[R0, #+0]
   \   00000092   0x....             LDR      R0,??DataTable0_2  ;; 0x41200000
   \   00000094   0x.... 0x....      BL       __aeabi_fadd
   \   00000098   0x....             LDR      R1,??DataTable0_5
   \   0000009A   0x6008             STR      R0,[R1, #+0]
     30                      break;          
   \   0000009C   0xE00F             B        ??OLED_Key_ZS_18
     31                      
     32                  case MENU_5:
     33                     Angle_P+=10;  
   \                     ??OLED_Key_ZS_17: (+1)
   \   0000009E   0x....             LDR      R0,??DataTable0_6
   \   000000A0   0x6801             LDR      R1,[R0, #+0]
   \   000000A2   0x....             LDR      R0,??DataTable0_2  ;; 0x41200000
   \   000000A4   0x.... 0x....      BL       __aeabi_fadd
   \   000000A8   0x....             LDR      R1,??DataTable0_6
   \   000000AA   0x6008             STR      R0,[R1, #+0]
     34                      break;
   \   000000AC   0xE007             B        ??OLED_Key_ZS_18
     35                  
     36                  case MENU_6:
     37                      Angle_D+=10;  
   \                     ??OLED_Key_ZS_16: (+1)
   \   000000AE   0x....             LDR      R0,??DataTable0_7
   \   000000B0   0x6801             LDR      R1,[R0, #+0]
   \   000000B2   0x....             LDR      R0,??DataTable0_2  ;; 0x41200000
   \   000000B4   0x.... 0x....      BL       __aeabi_fadd
   \   000000B8   0x....             LDR      R1,??DataTable0_7
   \   000000BA   0x6008             STR      R0,[R1, #+0]
     38                      break;
   \   000000BC   0xE7FF             B        ??OLED_Key_ZS_18
     39                                      
     40               
     41          
     42                  default :
     43                      break;
     44                  }
     45                  break;
   \                     ??OLED_Key_ZS_11: (+1)
   \                     ??OLED_Key_ZS_18: (+1)
   \   000000BE   0xE111             B        ??OLED_Key_ZS_19
     46              case 2: /* ------------------------------ 下 */
     47                  KEY_sta = !KEY_sta;//控制状态OLED是否更新
   \                     ??OLED_Key_ZS_3: (+1)
   \   000000C0   0x487F             LDR      R0,??OLED_Key_ZS_6
   \   000000C2   0x7800             LDRB     R0,[R0, #+0]
   \   000000C4   0x2800             CMP      R0,#+0
   \   000000C6   0xD103             BNE      ??OLED_Key_ZS_20
   \   000000C8   0x2001             MOVS     R0,#+1
   \   000000CA   0x497D             LDR      R1,??OLED_Key_ZS_6
   \   000000CC   0x7008             STRB     R0,[R1, #+0]
   \   000000CE   0xE002             B        ??OLED_Key_ZS_21
   \                     ??OLED_Key_ZS_20: (+1)
   \   000000D0   0x2000             MOVS     R0,#+0
   \   000000D2   0x497B             LDR      R1,??OLED_Key_ZS_6
   \   000000D4   0x7008             STRB     R0,[R1, #+0]
     48                  switch (menuSelect)
   \                     ??OLED_Key_ZS_21: (+1)
   \   000000D6   0x4884             LDR      R0,??OLED_Key_ZS_9
   \   000000D8   0x7800             LDRB     R0,[R0, #+0]
   \   000000DA   0x2801             CMP      R0,#+1
   \   000000DC   0xD00A             BEQ      ??OLED_Key_ZS_22
   \   000000DE   0xD33D             BCC      ??OLED_Key_ZS_23
   \   000000E0   0x2803             CMP      R0,#+3
   \   000000E2   0xD013             BEQ      ??OLED_Key_ZS_24
   \   000000E4   0xD30A             BCC      ??OLED_Key_ZS_25
   \   000000E6   0x2805             CMP      R0,#+5
   \   000000E8   0xD020             BEQ      ??OLED_Key_ZS_26
   \   000000EA   0xD317             BCC      ??OLED_Key_ZS_27
   \   000000EC   0x2807             CMP      R0,#+7
   \   000000EE   0xD02D             BEQ      ??OLED_Key_ZS_28
   \   000000F0   0xD324             BCC      ??OLED_Key_ZS_29
   \   000000F2   0xE033             B        ??OLED_Key_ZS_23
     49                  {
     50             case MENU:
     51                      zs_car=0;
   \                     ??OLED_Key_ZS_22: (+1)
   \   000000F4   0x2000             MOVS     R0,#+0
   \   000000F6   0x....             LDR      R1,??DataTable0
   \   000000F8   0x6008             STR      R0,[R1, #+0]
     52                      break; 
   \   000000FA   0xE02F             B        ??OLED_Key_ZS_30
     53                  case MENU_1:
     54                      speed_set -= 10;
   \                     ??OLED_Key_ZS_25: (+1)
   \   000000FC   0x....             LDR      R0,??DataTable0_1
   \   000000FE   0x6801             LDR      R1,[R0, #+0]
   \   00000100   0x....             LDR      R0,??DataTable0_8  ;; 0xc1200000
   \   00000102   0x.... 0x....      BL       __aeabi_fadd
   \   00000106   0x....             LDR      R1,??DataTable0_1
   \   00000108   0x6008             STR      R0,[R1, #+0]
     55                      break;
   \   0000010A   0xE027             B        ??OLED_Key_ZS_30
     56                      
     57                  case MENU_2:
     58                      Direction_P -= 10;
   \                     ??OLED_Key_ZS_24: (+1)
   \   0000010C   0x....             LDR      R0,??DataTable0_3
   \   0000010E   0x6801             LDR      R1,[R0, #+0]
   \   00000110   0x....             LDR      R0,??DataTable0_8  ;; 0xc1200000
   \   00000112   0x.... 0x....      BL       __aeabi_fadd
   \   00000116   0x....             LDR      R1,??DataTable0_3
   \   00000118   0x6008             STR      R0,[R1, #+0]
     59                      break;
   \   0000011A   0xE01F             B        ??OLED_Key_ZS_30
     60                      
     61            case MENU_3:
     62                      Direction_P2-=10;
   \                     ??OLED_Key_ZS_27: (+1)
   \   0000011C   0x....             LDR      R0,??DataTable0_4
   \   0000011E   0x6801             LDR      R1,[R0, #+0]
   \   00000120   0x....             LDR      R0,??DataTable0_8  ;; 0xc1200000
   \   00000122   0x.... 0x....      BL       __aeabi_fadd
   \   00000126   0x....             LDR      R1,??DataTable0_4
   \   00000128   0x6008             STR      R0,[R1, #+0]
     63          //          Chazhi+=10;
     64                      break;
   \   0000012A   0xE017             B        ??OLED_Key_ZS_30
     65                      
     66                  case MENU_4:
     67                      Direction_D2-=10;
   \                     ??OLED_Key_ZS_26: (+1)
   \   0000012C   0x....             LDR      R0,??DataTable0_5
   \   0000012E   0x6801             LDR      R1,[R0, #+0]
   \   00000130   0x....             LDR      R0,??DataTable0_8  ;; 0xc1200000
   \   00000132   0x.... 0x....      BL       __aeabi_fadd
   \   00000136   0x....             LDR      R1,??DataTable0_5
   \   00000138   0x6008             STR      R0,[R1, #+0]
     68                      break;          
   \   0000013A   0xE00F             B        ??OLED_Key_ZS_30
     69                      
     70                  case MENU_5:
     71                      Angle_P-=10;  
   \                     ??OLED_Key_ZS_29: (+1)
   \   0000013C   0x....             LDR      R0,??DataTable0_6
   \   0000013E   0x6801             LDR      R1,[R0, #+0]
   \   00000140   0x....             LDR      R0,??DataTable0_8  ;; 0xc1200000
   \   00000142   0x.... 0x....      BL       __aeabi_fadd
   \   00000146   0x....             LDR      R1,??DataTable0_6
   \   00000148   0x6008             STR      R0,[R1, #+0]
     72                      break;
   \   0000014A   0xE007             B        ??OLED_Key_ZS_30
     73                  
     74                  case MENU_6:
     75                      Angle_D-=10;  
   \                     ??OLED_Key_ZS_28: (+1)
   \   0000014C   0x....             LDR      R0,??DataTable0_7
   \   0000014E   0x6801             LDR      R1,[R0, #+0]
   \   00000150   0x....             LDR      R0,??DataTable0_8  ;; 0xc1200000
   \   00000152   0x.... 0x....      BL       __aeabi_fadd
   \   00000156   0x....             LDR      R1,??DataTable0_7
   \   00000158   0x6008             STR      R0,[R1, #+0]
     76                      break;
   \   0000015A   0xE7FF             B        ??OLED_Key_ZS_30
     77                                      
     78                   
     79                                      
     80                      
     81          
     82                  default :
     83                      break;
     84                  }
     85                              break;
   \                     ??OLED_Key_ZS_23: (+1)
   \                     ??OLED_Key_ZS_30: (+1)
   \   0000015C   0xE0C2             B        ??OLED_Key_ZS_19
     86              case 3: /* ------------------------------ 左 */
     87                  KEY_sta = !KEY_sta;//控制状态OLED是否更新
   \                     ??OLED_Key_ZS_2: (+1)
   \   0000015E   0x4858             LDR      R0,??OLED_Key_ZS_6
   \   00000160   0x7800             LDRB     R0,[R0, #+0]
   \   00000162   0x2800             CMP      R0,#+0
   \   00000164   0xD103             BNE      ??OLED_Key_ZS_31
   \   00000166   0x2001             MOVS     R0,#+1
   \   00000168   0x4955             LDR      R1,??OLED_Key_ZS_6
   \   0000016A   0x7008             STRB     R0,[R1, #+0]
   \   0000016C   0xE002             B        ??OLED_Key_ZS_32
   \                     ??OLED_Key_ZS_31: (+1)
   \   0000016E   0x2000             MOVS     R0,#+0
   \   00000170   0x4953             LDR      R1,??OLED_Key_ZS_6
   \   00000172   0x7008             STRB     R0,[R1, #+0]
     88                  switch (menuSelect)
   \                     ??OLED_Key_ZS_32: (+1)
   \   00000174   0x485C             LDR      R0,??OLED_Key_ZS_9
   \   00000176   0x7800             LDRB     R0,[R0, #+0]
   \   00000178   0x2801             CMP      R0,#+1
   \   0000017A   0xD00A             BEQ      ??OLED_Key_ZS_33
   \   0000017C   0xD33D             BCC      ??OLED_Key_ZS_34
   \   0000017E   0x2803             CMP      R0,#+3
   \   00000180   0xD013             BEQ      ??OLED_Key_ZS_35
   \   00000182   0xD30A             BCC      ??OLED_Key_ZS_36
   \   00000184   0x2805             CMP      R0,#+5
   \   00000186   0xD020             BEQ      ??OLED_Key_ZS_37
   \   00000188   0xD317             BCC      ??OLED_Key_ZS_38
   \   0000018A   0x2807             CMP      R0,#+7
   \   0000018C   0xD02D             BEQ      ??OLED_Key_ZS_39
   \   0000018E   0xD324             BCC      ??OLED_Key_ZS_40
   \   00000190   0xE033             B        ??OLED_Key_ZS_34
     89                  {
     90               
     91             case MENU:
     92                      zs_car=1;
   \                     ??OLED_Key_ZS_33: (+1)
   \   00000192   0x2001             MOVS     R0,#+1
   \   00000194   0x....             LDR      R1,??DataTable0
   \   00000196   0x6008             STR      R0,[R1, #+0]
     93                      break; 
   \   00000198   0xE02F             B        ??OLED_Key_ZS_41
     94                  case MENU_1:
     95                      speed_set += 5;
   \                     ??OLED_Key_ZS_36: (+1)
   \   0000019A   0x....             LDR      R0,??DataTable0_1
   \   0000019C   0x6801             LDR      R1,[R0, #+0]
   \   0000019E   0x....             LDR      R0,??DataTable0_9  ;; 0x40a00000
   \   000001A0   0x.... 0x....      BL       __aeabi_fadd
   \   000001A4   0x....             LDR      R1,??DataTable0_1
   \   000001A6   0x6008             STR      R0,[R1, #+0]
     96                      break;
   \   000001A8   0xE027             B        ??OLED_Key_ZS_41
     97                      
     98                  case MENU_2:
     99                      Direction_P += 50;
   \                     ??OLED_Key_ZS_35: (+1)
   \   000001AA   0x....             LDR      R0,??DataTable0_3
   \   000001AC   0x6801             LDR      R1,[R0, #+0]
   \   000001AE   0x....             LDR      R0,??DataTable0_10  ;; 0x42480000
   \   000001B0   0x.... 0x....      BL       __aeabi_fadd
   \   000001B4   0x....             LDR      R1,??DataTable0_3
   \   000001B6   0x6008             STR      R0,[R1, #+0]
    100                      break;
   \   000001B8   0xE01F             B        ??OLED_Key_ZS_41
    101                      
    102            case MENU_3:
    103                      Direction_P2+=50;
   \                     ??OLED_Key_ZS_38: (+1)
   \   000001BA   0x....             LDR      R0,??DataTable0_4
   \   000001BC   0x6801             LDR      R1,[R0, #+0]
   \   000001BE   0x....             LDR      R0,??DataTable0_10  ;; 0x42480000
   \   000001C0   0x.... 0x....      BL       __aeabi_fadd
   \   000001C4   0x....             LDR      R1,??DataTable0_4
   \   000001C6   0x6008             STR      R0,[R1, #+0]
    104          //          Chazhi+=10;
    105                      break;
   \   000001C8   0xE017             B        ??OLED_Key_ZS_41
    106                      
    107                  case MENU_4:
    108                     Direction_D2+=100;
   \                     ??OLED_Key_ZS_37: (+1)
   \   000001CA   0x....             LDR      R0,??DataTable0_5
   \   000001CC   0x6801             LDR      R1,[R0, #+0]
   \   000001CE   0x....             LDR      R0,??DataTable0_11  ;; 0x42c80000
   \   000001D0   0x.... 0x....      BL       __aeabi_fadd
   \   000001D4   0x....             LDR      R1,??DataTable0_5
   \   000001D6   0x6008             STR      R0,[R1, #+0]
    109                      break;          
   \   000001D8   0xE00F             B        ??OLED_Key_ZS_41
    110                      
    111                  case MENU_5:
    112                      Angle_P+=50;  
   \                     ??OLED_Key_ZS_40: (+1)
   \   000001DA   0x....             LDR      R0,??DataTable0_6
   \   000001DC   0x6801             LDR      R1,[R0, #+0]
   \   000001DE   0x....             LDR      R0,??DataTable0_10  ;; 0x42480000
   \   000001E0   0x.... 0x....      BL       __aeabi_fadd
   \   000001E4   0x....             LDR      R1,??DataTable0_6
   \   000001E6   0x6008             STR      R0,[R1, #+0]
    113                      break;
   \   000001E8   0xE007             B        ??OLED_Key_ZS_41
    114                  
    115                  case MENU_6:
    116                      Angle_D+=50;  
   \                     ??OLED_Key_ZS_39: (+1)
   \   000001EA   0x....             LDR      R0,??DataTable0_7
   \   000001EC   0x6801             LDR      R1,[R0, #+0]
   \   000001EE   0x....             LDR      R0,??DataTable0_10  ;; 0x42480000
   \   000001F0   0x.... 0x....      BL       __aeabi_fadd
   \   000001F4   0x....             LDR      R1,??DataTable0_7
   \   000001F6   0x6008             STR      R0,[R1, #+0]
    117                      break;
   \   000001F8   0xE7FF             B        ??OLED_Key_ZS_41
    118                                      
    119               
    120                      
    121                  default :
    122                      break;
    123                  }
    124                  break;
   \                     ??OLED_Key_ZS_34: (+1)
   \                     ??OLED_Key_ZS_41: (+1)
   \   000001FA   0xE073             B        ??OLED_Key_ZS_19
    125              case 4: /* ------------------------------ 右 */
    126                  KEY_sta = !KEY_sta;//控制状态OLED是否更新
   \                     ??OLED_Key_ZS_5: (+1)
   \   000001FC   0x4830             LDR      R0,??OLED_Key_ZS_6
   \   000001FE   0x7800             LDRB     R0,[R0, #+0]
   \   00000200   0x2800             CMP      R0,#+0
   \   00000202   0xD103             BNE      ??OLED_Key_ZS_42
   \   00000204   0x2001             MOVS     R0,#+1
   \   00000206   0x492E             LDR      R1,??OLED_Key_ZS_6
   \   00000208   0x7008             STRB     R0,[R1, #+0]
   \   0000020A   0xE002             B        ??OLED_Key_ZS_43
   \                     ??OLED_Key_ZS_42: (+1)
   \   0000020C   0x2000             MOVS     R0,#+0
   \   0000020E   0x492C             LDR      R1,??OLED_Key_ZS_6
   \   00000210   0x7008             STRB     R0,[R1, #+0]
    127                  switch (menuSelect)
   \                     ??OLED_Key_ZS_43: (+1)
   \   00000212   0x4835             LDR      R0,??OLED_Key_ZS_9
   \   00000214   0x7800             LDRB     R0,[R0, #+0]
   \   00000216   0x2801             CMP      R0,#+1
   \   00000218   0xD00A             BEQ      ??OLED_Key_ZS_44
   \   0000021A   0xD33D             BCC      ??OLED_Key_ZS_45
   \   0000021C   0x2803             CMP      R0,#+3
   \   0000021E   0xD013             BEQ      ??OLED_Key_ZS_46
   \   00000220   0xD30A             BCC      ??OLED_Key_ZS_47
   \   00000222   0x2805             CMP      R0,#+5
   \   00000224   0xD020             BEQ      ??OLED_Key_ZS_48
   \   00000226   0xD317             BCC      ??OLED_Key_ZS_49
   \   00000228   0x2807             CMP      R0,#+7
   \   0000022A   0xD02D             BEQ      ??OLED_Key_ZS_50
   \   0000022C   0xD324             BCC      ??OLED_Key_ZS_51
   \   0000022E   0xE033             B        ??OLED_Key_ZS_45
    128                  {
    129              
    130                    case MENU:
    131                      zs_car=0;
   \                     ??OLED_Key_ZS_44: (+1)
   \   00000230   0x2000             MOVS     R0,#+0
   \   00000232   0x....             LDR      R1,??DataTable0
   \   00000234   0x6008             STR      R0,[R1, #+0]
    132                      break; 
   \   00000236   0xE02F             B        ??OLED_Key_ZS_52
    133                  case MENU_1:
    134                      speed_set-= 5;
   \                     ??OLED_Key_ZS_47: (+1)
   \   00000238   0x....             LDR      R0,??DataTable0_1
   \   0000023A   0x6801             LDR      R1,[R0, #+0]
   \   0000023C   0x....             LDR      R0,??DataTable1  ;; 0xc0a00000
   \   0000023E   0x.... 0x....      BL       __aeabi_fadd
   \   00000242   0x....             LDR      R1,??DataTable0_1
   \   00000244   0x6008             STR      R0,[R1, #+0]
    135                      break;
   \   00000246   0xE027             B        ??OLED_Key_ZS_52
    136                      
    137                  case MENU_2:
    138                      Direction_P -= 50;
   \                     ??OLED_Key_ZS_46: (+1)
   \   00000248   0x....             LDR      R0,??DataTable0_3
   \   0000024A   0x6801             LDR      R1,[R0, #+0]
   \   0000024C   0x....             LDR      R0,??DataTable1_1  ;; 0xc2480000
   \   0000024E   0x.... 0x....      BL       __aeabi_fadd
   \   00000252   0x....             LDR      R1,??DataTable0_3
   \   00000254   0x6008             STR      R0,[R1, #+0]
    139                      break;
   \   00000256   0xE01F             B        ??OLED_Key_ZS_52
    140                      
    141            case MENU_3:
    142                      Direction_P2-=50;
   \                     ??OLED_Key_ZS_49: (+1)
   \   00000258   0x....             LDR      R0,??DataTable0_4
   \   0000025A   0x6801             LDR      R1,[R0, #+0]
   \   0000025C   0x....             LDR      R0,??DataTable1_1  ;; 0xc2480000
   \   0000025E   0x.... 0x....      BL       __aeabi_fadd
   \   00000262   0x....             LDR      R1,??DataTable0_4
   \   00000264   0x6008             STR      R0,[R1, #+0]
    143          //          Chazhi+=10;
    144                      break;
   \   00000266   0xE017             B        ??OLED_Key_ZS_52
    145                      
    146                  case MENU_4:
    147                      Direction_D2-=100;
   \                     ??OLED_Key_ZS_48: (+1)
   \   00000268   0x....             LDR      R0,??DataTable0_5
   \   0000026A   0x6801             LDR      R1,[R0, #+0]
   \   0000026C   0x....             LDR      R0,??DataTable1_2  ;; 0xc2c80000
   \   0000026E   0x.... 0x....      BL       __aeabi_fadd
   \   00000272   0x....             LDR      R1,??DataTable0_5
   \   00000274   0x6008             STR      R0,[R1, #+0]
    148                      break;          
   \   00000276   0xE00F             B        ??OLED_Key_ZS_52
    149                      
    150                  case MENU_5:
    151                      Angle_P-=50;  
   \                     ??OLED_Key_ZS_51: (+1)
   \   00000278   0x....             LDR      R0,??DataTable0_6
   \   0000027A   0x6801             LDR      R1,[R0, #+0]
   \   0000027C   0x....             LDR      R0,??DataTable1_1  ;; 0xc2480000
   \   0000027E   0x.... 0x....      BL       __aeabi_fadd
   \   00000282   0x....             LDR      R1,??DataTable0_6
   \   00000284   0x6008             STR      R0,[R1, #+0]
    152                      break;
   \   00000286   0xE007             B        ??OLED_Key_ZS_52
    153                  
    154                  case MENU_6:
    155                      Angle_D-=50 ; 
   \                     ??OLED_Key_ZS_50: (+1)
   \   00000288   0x....             LDR      R0,??DataTable0_7
   \   0000028A   0x6801             LDR      R1,[R0, #+0]
   \   0000028C   0x....             LDR      R0,??DataTable1_1  ;; 0xc2480000
   \   0000028E   0x.... 0x....      BL       __aeabi_fadd
   \   00000292   0x....             LDR      R1,??DataTable0_7
   \   00000294   0x6008             STR      R0,[R1, #+0]
    156                      break;
   \   00000296   0xE7FF             B        ??OLED_Key_ZS_52
    157          
    158                  default :
    159                      break;
    160                  }
    161                  break;
   \                     ??OLED_Key_ZS_45: (+1)
   \                     ??OLED_Key_ZS_52: (+1)
   \   00000298   0xE024             B        ??OLED_Key_ZS_19
    162              case 5: /* ------------------------------ 中 */
    163                  KEY_sta = !KEY_sta;
   \                     ??OLED_Key_ZS_4: (+1)
   \   0000029A   0x4809             LDR      R0,??OLED_Key_ZS_6
   \   0000029C   0x7800             LDRB     R0,[R0, #+0]
   \   0000029E   0x2800             CMP      R0,#+0
   \   000002A0   0xD103             BNE      ??OLED_Key_ZS_53
   \   000002A2   0x2001             MOVS     R0,#+1
   \   000002A4   0x4906             LDR      R1,??OLED_Key_ZS_6
   \   000002A6   0x7008             STRB     R0,[R1, #+0]
   \   000002A8   0xE002             B        ??OLED_Key_ZS_54
   \                     ??OLED_Key_ZS_53: (+1)
   \   000002AA   0x2000             MOVS     R0,#+0
   \   000002AC   0x4904             LDR      R1,??OLED_Key_ZS_6
   \   000002AE   0x7008             STRB     R0,[R1, #+0]
    164                  KEY_menuChange = !KEY_menuChange;
   \                     ??OLED_Key_ZS_54: (+1)
   \   000002B0   0x....             LDR      R0,??DataTable1_3
   \   000002B2   0x7800             LDRB     R0,[R0, #+0]
   \   000002B4   0x2800             CMP      R0,#+0
   \   000002B6   0xD105             BNE      ??OLED_Key_ZS_55
   \   000002B8   0x2001             MOVS     R0,#+1
   \   000002BA   0x....             LDR      R1,??DataTable1_3
   \   000002BC   0x7008             STRB     R0,[R1, #+0]
   \   000002BE   0xE004             B        ??OLED_Key_ZS_56
   \                     ??OLED_Key_ZS_6:
   \   000002C0   0x........         DC32     KEY_sta
   \                     ??OLED_Key_ZS_55: (+1)
   \   000002C4   0x2000             MOVS     R0,#+0
   \   000002C6   0x....             LDR      R1,??DataTable1_3
   \   000002C8   0x7008             STRB     R0,[R1, #+0]
    165                  if (++menuSelect > 7)//logo 和 菜单显示只一次
   \                     ??OLED_Key_ZS_56: (+1)
   \   000002CA   0x4807             LDR      R0,??OLED_Key_ZS_9
   \   000002CC   0x7800             LDRB     R0,[R0, #+0]
   \   000002CE   0x1C40             ADDS     R0,R0,#+1
   \   000002D0   0x4905             LDR      R1,??OLED_Key_ZS_9
   \   000002D2   0x7008             STRB     R0,[R1, #+0]
   \   000002D4   0x4804             LDR      R0,??OLED_Key_ZS_9
   \   000002D6   0x7800             LDRB     R0,[R0, #+0]
   \   000002D8   0x2808             CMP      R0,#+8
   \   000002DA   0xDB02             BLT      ??OLED_Key_ZS_57
    166                  {
    167                      menuSelect = MENU;
   \   000002DC   0x2001             MOVS     R0,#+1
   \   000002DE   0x4902             LDR      R1,??OLED_Key_ZS_9
   \   000002E0   0x7008             STRB     R0,[R1, #+0]
    168                  }
    169                  break;
   \                     ??OLED_Key_ZS_57: (+1)
   \   000002E2   0xE7FF             B        ??OLED_Key_ZS_19
    170          
    171              default :
    172                  break;
    173              }
    174          }
   \                     ??OLED_Key_ZS_1: (+1)
   \                     ??OLED_Key_ZS_19: (+1)
   \   000002E4   0xBD01             POP      {R0,PC}          ;; return
   \   000002E6   0xBF00             Nop      
   \                     ??OLED_Key_ZS_9:
   \   000002E8   0x........         DC32     menuSelect
    175           
    176          /**
    177            * 简介
    178            *     绘制 菜单
    179            * 备注
    180            *     y
    181            *         0 --- 空出
    182            *         1,5
    183            *              x  0 ~ 127 双横线
    184            *         1 ~ 7
    185            *              x  0,67,127 --- 竖线
    186            *         1,5
    187            *              x  30,94 --- 参数数字
    188            *     页分配
    189            *         0       --- 空出
    190            *         1,5     --- 菜单数字
    191            *         2~4,6~7 --- 显示区域
    192            *     显示区域坐标
    193            *         菜单     x   y --- x  y
    194            *           1      1   2    66  4  可显示 11个字符，3行
    195            *           2      68  2   126  4  可显示 9 个字符,3行
    196            *           3      1   6   126  7  可显示 21个字符,2行
    197            *           4      1   6   126  7  可显示 21个字符,2行
    198            */
    199          //void OLED_Menu()

   \                                 In section .text, align 2, keep-with-next
    200          void OLED_Biaoge_ZS()
    201          {
   \                     OLED_Biaoge_ZS: (+1)
   \   00000000   0xB538             PUSH     {R3-R5,LR}
    202            uint8 i, x, y;
    203          
    204            for (i=0; i<10; i++)
   \   00000002   0x2400             MOVS     R4,#+0
   \   00000004   0xE000             B        ??OLED_Biaoge_ZS_0
    205            {
    206                switch (i)
    207                {
    208                    //先画横再画竖线，竖线将横线覆盖掉,再画数字覆盖
    209                case 0://-------------------- 上双横线
    210                    for (x=0; x<128; x++)// 0~127
    211                    {
    212                        OLED_Set_Pos(x, 0);
    213                        OLED_WrDat(0x81);//双横杠为0x81
    214                    }
    215                    break;
    216                case 1://-------------------- 下双横线
    217                    for (x=0; x<128; x++)// 0~127
    218                    {
    219                        OLED_Set_Pos(x, 4);
    220                        OLED_WrDat(0x01);//单线0x01
    221                    }
    222                    break;
    223                case 2://-------------------- 左竖线
    224          //          for (y=1; y<8; y++)// 1~7
    225          //          {
    226          //              OLED_Set_Pos(0, y);
    227          //              OLED_WrDat(0xff);
    228          //          }
    229                    break;
    230                case 3://-------------------- 中竖线
    231                    for (y=0; y<4; y++)// 1~5
    232                    {
    233                        OLED_Set_Pos(67, y);
    234                        OLED_WrDat(0xff);
    235                    }
    236                    break;
    237                case 4://-------------------- 右竖线
    238          //          for (y=1; y<8; y++)// 1~7
    239          //          {
    240          //              OLED_Set_Pos(127, y);
    241          //              OLED_WrDat(0xff);
    242          //          }
    243                    break;
    244                case 5://-------------------- 菜单1数字
    245          //          for (x=0; x<7; x++)
    246          //          {
    247          //              OLED_Set_Pos(30+x, 1);//30~36
    248          //              OLED_WrDat(menuNum[0][x]);
    249          //          }
    250                    break;
    251                case 6://-------------------- 菜单2数字
    252          //          for (x=0; x<7; x++)
    253          //          {
    254          //              OLED_Set_Pos(94+x, 1);//94~101
    255          //              OLED_WrDat(menuNum[1][x]);
    256          //          }
    257                    break;
    258          
    259          
    260                case 9:/* 各个菜单预先显示,可屏蔽 */
    261                  
    262          
    263                   OLED_DisplaytinyStr(1, 2, "P:");//菜单1内容显示
    264                   OLED_DisplaytinyStr(1, 3, "Pc:");//菜单2内容显示
    265                   OLED_DisplaytinyStr(68, 1, "Dc:");//菜单3内容显示
    266          
    267                   OLED_DisplaytinyStr(68, 2, "AP:");//菜单4内容显示
    268                   OLED_DisplaytinyStr(68, 3, "AD:");//菜单5内容显示
    269                   
    270                   OLED_DisplayFloat(1, 1,speed_set, 0);//OLED显示 float  
    271             
    272          OLED_DisplayFloat(1+6*3+1, 2,Direction_P, 0);//3行11列
    273             
    274             
    275          OLED_DisplayFloat(1+6*3+1, 3,Direction_P2, 0);//4行11列
    276             
    277          OLED_DisplayFloat(68+6*3+1, 1,Direction_D2, 0);//3行2表格 
    278           
    279          OLED_DisplayFloat(68+6*3+1, 2,Angle_P, 0);//3行2表格
    280          
    281          OLED_DisplayFloat(68+6*3+1, 3,Angle_D, 1);//3行2表格 
    282          
    283                      if(zs_car==1)
    284            OLED_DisplaytinyStr(40, 1, "RUN ");
    285              else
    286            OLED_DisplaytinyStr(40, 1, "STOP");
    287                   
    288                      break;
    289          
    290                default :
    291                    break;
   \                     ??OLED_Biaoge_ZS_1: (+1)
   \                     ??OLED_Biaoge_ZS_2: (+1)
   \   00000006   0x1C64             ADDS     R4,R4,#+1
   \                     ??OLED_Biaoge_ZS_0: (+1)
   \   00000008   0xB2E4             UXTB     R4,R4
   \   0000000A   0x2C0A             CMP      R4,#+10
   \   0000000C   0xDB00             BLT      .+4
   \   0000000E   0xE096             B        ??OLED_Biaoge_ZS_3
   \   00000010   0xB2E4             UXTB     R4,R4
   \   00000012   0x0020             MOVS     R0,R4
   \   00000014   0x2800             CMP      R0,#+0
   \   00000016   0xD00E             BEQ      ??OLED_Biaoge_ZS_4
   \   00000018   0x2801             CMP      R0,#+1
   \   0000001A   0xD01B             BEQ      ??OLED_Biaoge_ZS_5
   \   0000001C   0x2802             CMP      R0,#+2
   \   0000001E   0xD028             BEQ      ??OLED_Biaoge_ZS_6
   \   00000020   0x2803             CMP      R0,#+3
   \   00000022   0xD027             BEQ      ??OLED_Biaoge_ZS_7
   \   00000024   0x2804             CMP      R0,#+4
   \   00000026   0xD034             BEQ      ??OLED_Biaoge_ZS_8
   \   00000028   0x2805             CMP      R0,#+5
   \   0000002A   0xD033             BEQ      ??OLED_Biaoge_ZS_9
   \   0000002C   0x2806             CMP      R0,#+6
   \   0000002E   0xD032             BEQ      ??OLED_Biaoge_ZS_10
   \   00000030   0x2809             CMP      R0,#+9
   \   00000032   0xD031             BEQ      ??OLED_Biaoge_ZS_11
   \   00000034   0xE7E7             B        ??OLED_Biaoge_ZS_1
   \                     ??OLED_Biaoge_ZS_4: (+1)
   \   00000036   0x2500             MOVS     R5,#+0
   \   00000038   0xE008             B        ??OLED_Biaoge_ZS_12
   \                     ??OLED_Biaoge_ZS_13: (+1)
   \   0000003A   0x2100             MOVS     R1,#+0
   \   0000003C   0x0028             MOVS     R0,R5
   \   0000003E   0xB2C0             UXTB     R0,R0
   \   00000040   0x.... 0x....      BL       OLED_Set_Pos
   \   00000044   0x2081             MOVS     R0,#+129
   \   00000046   0x.... 0x....      BL       OLED_WrDat
   \   0000004A   0x1C6D             ADDS     R5,R5,#+1
   \                     ??OLED_Biaoge_ZS_12: (+1)
   \   0000004C   0xB2ED             UXTB     R5,R5
   \   0000004E   0x2D80             CMP      R5,#+128
   \   00000050   0xDBF3             BLT      ??OLED_Biaoge_ZS_13
   \   00000052   0xE7D8             B        ??OLED_Biaoge_ZS_2
   \                     ??OLED_Biaoge_ZS_5: (+1)
   \   00000054   0x2500             MOVS     R5,#+0
   \   00000056   0xE008             B        ??OLED_Biaoge_ZS_14
   \                     ??OLED_Biaoge_ZS_15: (+1)
   \   00000058   0x2104             MOVS     R1,#+4
   \   0000005A   0x0028             MOVS     R0,R5
   \   0000005C   0xB2C0             UXTB     R0,R0
   \   0000005E   0x.... 0x....      BL       OLED_Set_Pos
   \   00000062   0x2001             MOVS     R0,#+1
   \   00000064   0x.... 0x....      BL       OLED_WrDat
   \   00000068   0x1C6D             ADDS     R5,R5,#+1
   \                     ??OLED_Biaoge_ZS_14: (+1)
   \   0000006A   0xB2ED             UXTB     R5,R5
   \   0000006C   0x2D80             CMP      R5,#+128
   \   0000006E   0xDBF3             BLT      ??OLED_Biaoge_ZS_15
   \   00000070   0xE7C9             B        ??OLED_Biaoge_ZS_2
   \                     ??OLED_Biaoge_ZS_6: (+1)
   \   00000072   0xE7C8             B        ??OLED_Biaoge_ZS_2
   \                     ??OLED_Biaoge_ZS_7: (+1)
   \   00000074   0x2500             MOVS     R5,#+0
   \   00000076   0xE008             B        ??OLED_Biaoge_ZS_16
   \                     ??OLED_Biaoge_ZS_17: (+1)
   \   00000078   0x0029             MOVS     R1,R5
   \   0000007A   0xB2C9             UXTB     R1,R1
   \   0000007C   0x2043             MOVS     R0,#+67
   \   0000007E   0x.... 0x....      BL       OLED_Set_Pos
   \   00000082   0x20FF             MOVS     R0,#+255
   \   00000084   0x.... 0x....      BL       OLED_WrDat
   \   00000088   0x1C6D             ADDS     R5,R5,#+1
   \                     ??OLED_Biaoge_ZS_16: (+1)
   \   0000008A   0xB2ED             UXTB     R5,R5
   \   0000008C   0x2D04             CMP      R5,#+4
   \   0000008E   0xDBF3             BLT      ??OLED_Biaoge_ZS_17
   \   00000090   0xE7B9             B        ??OLED_Biaoge_ZS_2
   \                     ??OLED_Biaoge_ZS_8: (+1)
   \   00000092   0xE7B8             B        ??OLED_Biaoge_ZS_2
   \                     ??OLED_Biaoge_ZS_9: (+1)
   \   00000094   0xE7B7             B        ??OLED_Biaoge_ZS_2
   \                     ??OLED_Biaoge_ZS_10: (+1)
   \   00000096   0xE7B6             B        ??OLED_Biaoge_ZS_2
   \                     ??OLED_Biaoge_ZS_11: (+1)
   \   00000098   0x....             ADR      R2,??DataTable2  ;; 0x50, 0x3A, 0x00, 0x00
   \   0000009A   0x2102             MOVS     R1,#+2
   \   0000009C   0x2001             MOVS     R0,#+1
   \   0000009E   0x.... 0x....      BL       OLED_DisplaytinyStr
   \   000000A2   0x....             ADR      R2,??DataTable2_1  ;; "Pc:"
   \   000000A4   0x2103             MOVS     R1,#+3
   \   000000A6   0x2001             MOVS     R0,#+1
   \   000000A8   0x.... 0x....      BL       OLED_DisplaytinyStr
   \   000000AC   0x....             ADR      R2,??DataTable2_2  ;; "Dc:"
   \   000000AE   0x2101             MOVS     R1,#+1
   \   000000B0   0x2044             MOVS     R0,#+68
   \   000000B2   0x.... 0x....      BL       OLED_DisplaytinyStr
   \   000000B6   0x....             ADR      R2,??DataTable2_3  ;; "AP:"
   \   000000B8   0x2102             MOVS     R1,#+2
   \   000000BA   0x2044             MOVS     R0,#+68
   \   000000BC   0x.... 0x....      BL       OLED_DisplaytinyStr
   \   000000C0   0x....             ADR      R2,??DataTable2_4  ;; "AD:"
   \   000000C2   0x2103             MOVS     R1,#+3
   \   000000C4   0x2044             MOVS     R0,#+68
   \   000000C6   0x.... 0x....      BL       OLED_DisplaytinyStr
   \   000000CA   0x2300             MOVS     R3,#+0
   \   000000CC   0x....             LDR      R0,??DataTable2_5
   \   000000CE   0x6802             LDR      R2,[R0, #+0]
   \   000000D0   0x2101             MOVS     R1,#+1
   \   000000D2   0x2001             MOVS     R0,#+1
   \   000000D4   0x.... 0x....      BL       OLED_DisplayFloat
   \   000000D8   0x2300             MOVS     R3,#+0
   \   000000DA   0x....             LDR      R0,??DataTable2_6
   \   000000DC   0x6802             LDR      R2,[R0, #+0]
   \   000000DE   0x2102             MOVS     R1,#+2
   \   000000E0   0x2014             MOVS     R0,#+20
   \   000000E2   0x.... 0x....      BL       OLED_DisplayFloat
   \   000000E6   0x2300             MOVS     R3,#+0
   \   000000E8   0x....             LDR      R0,??DataTable2_7
   \   000000EA   0x6802             LDR      R2,[R0, #+0]
   \   000000EC   0x2103             MOVS     R1,#+3
   \   000000EE   0x2014             MOVS     R0,#+20
   \   000000F0   0x.... 0x....      BL       OLED_DisplayFloat
   \   000000F4   0x2300             MOVS     R3,#+0
   \   000000F6   0x....             LDR      R0,??DataTable2_8
   \   000000F8   0x6802             LDR      R2,[R0, #+0]
   \   000000FA   0x2101             MOVS     R1,#+1
   \   000000FC   0x2057             MOVS     R0,#+87
   \   000000FE   0x.... 0x....      BL       OLED_DisplayFloat
   \   00000102   0x2300             MOVS     R3,#+0
   \   00000104   0x....             LDR      R0,??DataTable2_9
   \   00000106   0x6802             LDR      R2,[R0, #+0]
   \   00000108   0x2102             MOVS     R1,#+2
   \   0000010A   0x2057             MOVS     R0,#+87
   \   0000010C   0x.... 0x....      BL       OLED_DisplayFloat
   \   00000110   0x2301             MOVS     R3,#+1
   \   00000112   0x....             LDR      R0,??DataTable2_10
   \   00000114   0x6802             LDR      R2,[R0, #+0]
   \   00000116   0x2103             MOVS     R1,#+3
   \   00000118   0x2057             MOVS     R0,#+87
   \   0000011A   0x.... 0x....      BL       OLED_DisplayFloat
   \   0000011E   0x....             LDR      R0,??DataTable2_11
   \   00000120   0x6800             LDR      R0,[R0, #+0]
   \   00000122   0x2801             CMP      R0,#+1
   \   00000124   0xD105             BNE      ??OLED_Biaoge_ZS_18
   \   00000126   0x....             LDR      R2,??DataTable2_12
   \   00000128   0x2101             MOVS     R1,#+1
   \   0000012A   0x2028             MOVS     R0,#+40
   \   0000012C   0x.... 0x....      BL       OLED_DisplaytinyStr
   \   00000130   0xE004             B        ??OLED_Biaoge_ZS_19
   \                     ??OLED_Biaoge_ZS_18: (+1)
   \   00000132   0x....             LDR      R2,??DataTable3
   \   00000134   0x2101             MOVS     R1,#+1
   \   00000136   0x2028             MOVS     R0,#+40
   \   00000138   0x.... 0x....      BL       OLED_DisplaytinyStr
   \                     ??OLED_Biaoge_ZS_19: (+1)
   \   0000013C   0xE763             B        ??OLED_Biaoge_ZS_2
    292                }
    293            }
    294          }
   \                     ??OLED_Biaoge_ZS_3: (+1)
   \   0000013E   0xBD31             POP      {R0,R4,R5,PC}    ;; return
    295          
    296          /**
    297            * 简介
    298            *     菜单闪烁
    299            * 备注
    300            *     当菜单被选中时 闪烁
    301            */
    302          //void OLED_MenuFlicker()

   \                                 In section .text, align 2, keep-with-next
    303          void OLED_Select_ZS()
    304          {
   \                     OLED_Select_ZS: (+1)
   \   00000000   0xB510             PUSH     {R4,LR}
    305            uint8 x,y;
    306          
    307              switch (menuSelect)
   \   00000002   0x....             LDR      R0,??DataTable3_1
   \   00000004   0x7800             LDRB     R0,[R0, #+0]
   \   00000006   0x2801             CMP      R0,#+1
   \   00000008   0xD00D             BEQ      ??OLED_Select_ZS_0
   \   0000000A   0xD200             BCS      .+4
   \   0000000C   0xE0E7             B        ??OLED_Select_ZS_1
   \   0000000E   0x2803             CMP      R0,#+3
   \   00000010   0xD03B             BEQ      ??OLED_Select_ZS_2
   \   00000012   0xD327             BCC      ??OLED_Select_ZS_3
   \   00000014   0x2805             CMP      R0,#+5
   \   00000016   0xD07C             BEQ      ??OLED_Select_ZS_4
   \   00000018   0xD359             BCC      ??OLED_Select_ZS_5
   \   0000001A   0x2807             CMP      R0,#+7
   \   0000001C   0xD100             BNE      .+4
   \   0000001E   0xE0BC             B        ??OLED_Select_ZS_6
   \   00000020   0xD200             BCS      .+4
   \   00000022   0xE098             B        ??OLED_Select_ZS_7
   \   00000024   0xE0DB             B        ??OLED_Select_ZS_1
    308              {  
    309              case MENU://--------------------------- 显示 菜单 38.5ms
    310            
    311              if(zs_car==1)
   \                     ??OLED_Select_ZS_0: (+1)
   \   00000026   0x....             LDR      R0,??DataTable2_11
   \   00000028   0x6800             LDR      R0,[R0, #+0]
   \   0000002A   0x2801             CMP      R0,#+1
   \   0000002C   0xD105             BNE      ??OLED_Select_ZS_8
    312            OLED_DisplaytinyStr(40, 1, "RUN ");
   \   0000002E   0x....             LDR      R2,??DataTable2_12
   \   00000030   0x2101             MOVS     R1,#+1
   \   00000032   0x2028             MOVS     R0,#+40
   \   00000034   0x.... 0x....      BL       OLED_DisplaytinyStr
   \   00000038   0xE004             B        ??OLED_Select_ZS_9
    313              else
    314            OLED_DisplaytinyStr(40, 1, "STOP");
   \                     ??OLED_Select_ZS_8: (+1)
   \   0000003A   0x....             LDR      R2,??DataTable3
   \   0000003C   0x2101             MOVS     R1,#+1
   \   0000003E   0x2028             MOVS     R0,#+40
   \   00000040   0x.... 0x....      BL       OLED_DisplaytinyStr
    315            
    316                for (x=0; x<4; x++)//84~87 消 2
   \                     ??OLED_Select_ZS_9: (+1)
   \   00000044   0x2400             MOVS     R4,#+0
   \   00000046   0xE009             B        ??OLED_Select_ZS_10
    317                  {
    318                      OLED_Set_Pos(124+x, 0);
   \                     ??OLED_Select_ZS_11: (+1)
   \   00000048   0x2100             MOVS     R1,#+0
   \   0000004A   0x0020             MOVS     R0,R4
   \   0000004C   0x307C             ADDS     R0,R0,#+124
   \   0000004E   0xB2C0             UXTB     R0,R0
   \   00000050   0x.... 0x....      BL       OLED_Set_Pos
    319                      OLED_WrDat(0x81);
   \   00000054   0x2081             MOVS     R0,#+129
   \   00000056   0x.... 0x....      BL       OLED_WrDat
    320                  }      break;
   \   0000005A   0x1C64             ADDS     R4,R4,#+1
   \                     ??OLED_Select_ZS_10: (+1)
   \   0000005C   0xB2E4             UXTB     R4,R4
   \   0000005E   0x2C04             CMP      R4,#+4
   \   00000060   0xDBF2             BLT      ??OLED_Select_ZS_11
   \   00000062   0xE0BC             B        ??OLED_Select_ZS_12
    321              case MENU_1://--------------------------- 选择 菜单1 - 消掉菜单4 51us
    322                  for (x=0; x<4; x++)//20~23 选 1
   \                     ??OLED_Select_ZS_3: (+1)
   \   00000064   0x2400             MOVS     R4,#+0
   \   00000066   0xE00C             B        ??OLED_Select_ZS_13
    323                  {
    324                      OLED_Set_Pos(5+x, 0);//第一行20列的三角形
   \                     ??OLED_Select_ZS_14: (+1)
   \   00000068   0x2100             MOVS     R1,#+0
   \   0000006A   0x0020             MOVS     R0,R4
   \   0000006C   0x1D40             ADDS     R0,R0,#+5
   \   0000006E   0xB2C0             UXTB     R0,R0
   \   00000070   0x.... 0x....      BL       OLED_Set_Pos
    325                      OLED_WrDat(menuNum[4][x]);
   \   00000074   0x....             LDR      R0,??DataTable3_2
   \   00000076   0xB2E4             UXTB     R4,R4
   \   00000078   0x1900             ADDS     R0,R0,R4
   \   0000007A   0x7F00             LDRB     R0,[R0, #+28]
   \   0000007C   0x.... 0x....      BL       OLED_WrDat
    326                  }
   \   00000080   0x1C64             ADDS     R4,R4,#+1
   \                     ??OLED_Select_ZS_13: (+1)
   \   00000082   0xB2E4             UXTB     R4,R4
   \   00000084   0x2C04             CMP      R4,#+4
   \   00000086   0xDBEF             BLT      ??OLED_Select_ZS_14
    327          //        for (x=0; x<4; x++)//84~87 消 4
    328          //        {
    329          //            OLED_Set_Pos(124+x, 5);//消灭第五行99列三角形
    330          //            OLED_WrDat(0x81);
    331          //        }
    332                  break;
   \   00000088   0xE0A9             B        ??OLED_Select_ZS_12
    333                  
    334              case MENU_2://--------------------------- 选择 菜单1 - 消掉菜单4 51us
    335                  for (x=0; x<4; x++)//20~23 选 1
   \                     ??OLED_Select_ZS_2: (+1)
   \   0000008A   0x2400             MOVS     R4,#+0
   \   0000008C   0xE00C             B        ??OLED_Select_ZS_15
    336                  {
    337                      OLED_Set_Pos(40+x, 0);
   \                     ??OLED_Select_ZS_16: (+1)
   \   0000008E   0x2100             MOVS     R1,#+0
   \   00000090   0x0020             MOVS     R0,R4
   \   00000092   0x3028             ADDS     R0,R0,#+40
   \   00000094   0xB2C0             UXTB     R0,R0
   \   00000096   0x.... 0x....      BL       OLED_Set_Pos
    338                      OLED_WrDat(menuNum[4][x]);
   \   0000009A   0x....             LDR      R0,??DataTable3_2
   \   0000009C   0xB2E4             UXTB     R4,R4
   \   0000009E   0x1900             ADDS     R0,R0,R4
   \   000000A0   0x7F00             LDRB     R0,[R0, #+28]
   \   000000A2   0x.... 0x....      BL       OLED_WrDat
    339                  }
   \   000000A6   0x1C64             ADDS     R4,R4,#+1
   \                     ??OLED_Select_ZS_15: (+1)
   \   000000A8   0xB2E4             UXTB     R4,R4
   \   000000AA   0x2C04             CMP      R4,#+4
   \   000000AC   0xDBEF             BLT      ??OLED_Select_ZS_16
    340                  for (x=0; x<4; x++)//84~87 消 4
   \   000000AE   0x2400             MOVS     R4,#+0
   \   000000B0   0xE009             B        ??OLED_Select_ZS_17
    341                  {
    342                      OLED_Set_Pos(5+x, 0);
   \                     ??OLED_Select_ZS_18: (+1)
   \   000000B2   0x2100             MOVS     R1,#+0
   \   000000B4   0x0020             MOVS     R0,R4
   \   000000B6   0x1D40             ADDS     R0,R0,#+5
   \   000000B8   0xB2C0             UXTB     R0,R0
   \   000000BA   0x.... 0x....      BL       OLED_Set_Pos
    343                      OLED_WrDat(0x81);
   \   000000BE   0x2081             MOVS     R0,#+129
   \   000000C0   0x.... 0x....      BL       OLED_WrDat
    344                  }
   \   000000C4   0x1C64             ADDS     R4,R4,#+1
   \                     ??OLED_Select_ZS_17: (+1)
   \   000000C6   0xB2E4             UXTB     R4,R4
   \   000000C8   0x2C04             CMP      R4,#+4
   \   000000CA   0xDBF2             BLT      ??OLED_Select_ZS_18
    345                  break;
   \   000000CC   0xE087             B        ??OLED_Select_ZS_12
    346                  
    347              case MENU_3://--------------------------- 选择 菜单2
    348                  for (x=0; x<4; x++)//84~87 选 2
   \                     ??OLED_Select_ZS_5: (+1)
   \   000000CE   0x2400             MOVS     R4,#+0
   \   000000D0   0xE00C             B        ??OLED_Select_ZS_19
    349                  {
    350                      OLED_Set_Pos(60+x, 0);
   \                     ??OLED_Select_ZS_20: (+1)
   \   000000D2   0x2100             MOVS     R1,#+0
   \   000000D4   0x0020             MOVS     R0,R4
   \   000000D6   0x303C             ADDS     R0,R0,#+60
   \   000000D8   0xB2C0             UXTB     R0,R0
   \   000000DA   0x.... 0x....      BL       OLED_Set_Pos
    351                      OLED_WrDat(menuNum[4][x]);
   \   000000DE   0x....             LDR      R0,??DataTable3_2
   \   000000E0   0xB2E4             UXTB     R4,R4
   \   000000E2   0x1900             ADDS     R0,R0,R4
   \   000000E4   0x7F00             LDRB     R0,[R0, #+28]
   \   000000E6   0x.... 0x....      BL       OLED_WrDat
    352                  }
   \   000000EA   0x1C64             ADDS     R4,R4,#+1
   \                     ??OLED_Select_ZS_19: (+1)
   \   000000EC   0xB2E4             UXTB     R4,R4
   \   000000EE   0x2C04             CMP      R4,#+4
   \   000000F0   0xDBEF             BLT      ??OLED_Select_ZS_20
    353                  for (x=0; x<4; x++)//20~23 消 1
   \   000000F2   0x2400             MOVS     R4,#+0
   \   000000F4   0xE009             B        ??OLED_Select_ZS_21
    354                  {
    355                      OLED_Set_Pos(40+x, 0);
   \                     ??OLED_Select_ZS_22: (+1)
   \   000000F6   0x2100             MOVS     R1,#+0
   \   000000F8   0x0020             MOVS     R0,R4
   \   000000FA   0x3028             ADDS     R0,R0,#+40
   \   000000FC   0xB2C0             UXTB     R0,R0
   \   000000FE   0x.... 0x....      BL       OLED_Set_Pos
    356                      OLED_WrDat(0x81);
   \   00000102   0x2081             MOVS     R0,#+129
   \   00000104   0x.... 0x....      BL       OLED_WrDat
    357                  }
   \   00000108   0x1C64             ADDS     R4,R4,#+1
   \                     ??OLED_Select_ZS_21: (+1)
   \   0000010A   0xB2E4             UXTB     R4,R4
   \   0000010C   0x2C04             CMP      R4,#+4
   \   0000010E   0xDBF2             BLT      ??OLED_Select_ZS_22
    358                  break;
   \   00000110   0xE065             B        ??OLED_Select_ZS_12
    359           
    360                  case MENU_4://--------------------------- 选择 菜单2
    361                  for (x=0; x<4; x++)//84~87 选 2
   \                     ??OLED_Select_ZS_4: (+1)
   \   00000112   0x2400             MOVS     R4,#+0
   \   00000114   0xE00C             B        ??OLED_Select_ZS_23
    362                  {
    363                      OLED_Set_Pos(84+x, 0);
   \                     ??OLED_Select_ZS_24: (+1)
   \   00000116   0x2100             MOVS     R1,#+0
   \   00000118   0x0020             MOVS     R0,R4
   \   0000011A   0x3054             ADDS     R0,R0,#+84
   \   0000011C   0xB2C0             UXTB     R0,R0
   \   0000011E   0x.... 0x....      BL       OLED_Set_Pos
    364                      OLED_WrDat(menuNum[4][x]);
   \   00000122   0x....             LDR      R0,??DataTable3_2
   \   00000124   0xB2E4             UXTB     R4,R4
   \   00000126   0x1900             ADDS     R0,R0,R4
   \   00000128   0x7F00             LDRB     R0,[R0, #+28]
   \   0000012A   0x.... 0x....      BL       OLED_WrDat
    365                  }
   \   0000012E   0x1C64             ADDS     R4,R4,#+1
   \                     ??OLED_Select_ZS_23: (+1)
   \   00000130   0xB2E4             UXTB     R4,R4
   \   00000132   0x2C04             CMP      R4,#+4
   \   00000134   0xDBEF             BLT      ??OLED_Select_ZS_24
    366                  for (x=0; x<4; x++)//20~23 消 1
   \   00000136   0x2400             MOVS     R4,#+0
   \   00000138   0xE009             B        ??OLED_Select_ZS_25
    367                  {
    368                      OLED_Set_Pos(60+x, 0);
   \                     ??OLED_Select_ZS_26: (+1)
   \   0000013A   0x2100             MOVS     R1,#+0
   \   0000013C   0x0020             MOVS     R0,R4
   \   0000013E   0x303C             ADDS     R0,R0,#+60
   \   00000140   0xB2C0             UXTB     R0,R0
   \   00000142   0x.... 0x....      BL       OLED_Set_Pos
    369                      OLED_WrDat(0x81);
   \   00000146   0x2081             MOVS     R0,#+129
   \   00000148   0x.... 0x....      BL       OLED_WrDat
    370                  }
   \   0000014C   0x1C64             ADDS     R4,R4,#+1
   \                     ??OLED_Select_ZS_25: (+1)
   \   0000014E   0xB2E4             UXTB     R4,R4
   \   00000150   0x2C04             CMP      R4,#+4
   \   00000152   0xDBF2             BLT      ??OLED_Select_ZS_26
    371                  break;
   \   00000154   0xE043             B        ??OLED_Select_ZS_12
    372                  
    373                  
    374                  case MENU_5://--------------------------- 选择 菜单2
    375                  for (x=0; x<4; x++)//84~87 选 2
   \                     ??OLED_Select_ZS_7: (+1)
   \   00000156   0x2400             MOVS     R4,#+0
   \   00000158   0xE00C             B        ??OLED_Select_ZS_27
    376                  {
    377                      OLED_Set_Pos(104+x, 0);
   \                     ??OLED_Select_ZS_28: (+1)
   \   0000015A   0x2100             MOVS     R1,#+0
   \   0000015C   0x0020             MOVS     R0,R4
   \   0000015E   0x3068             ADDS     R0,R0,#+104
   \   00000160   0xB2C0             UXTB     R0,R0
   \   00000162   0x.... 0x....      BL       OLED_Set_Pos
    378                      OLED_WrDat(menuNum[4][x]);
   \   00000166   0x....             LDR      R0,??DataTable3_2
   \   00000168   0xB2E4             UXTB     R4,R4
   \   0000016A   0x1900             ADDS     R0,R0,R4
   \   0000016C   0x7F00             LDRB     R0,[R0, #+28]
   \   0000016E   0x.... 0x....      BL       OLED_WrDat
    379                  }
   \   00000172   0x1C64             ADDS     R4,R4,#+1
   \                     ??OLED_Select_ZS_27: (+1)
   \   00000174   0xB2E4             UXTB     R4,R4
   \   00000176   0x2C04             CMP      R4,#+4
   \   00000178   0xDBEF             BLT      ??OLED_Select_ZS_28
    380                  for (x=0; x<4; x++)//20~23 消 1
   \   0000017A   0x2400             MOVS     R4,#+0
   \   0000017C   0xE009             B        ??OLED_Select_ZS_29
    381                  {
    382                      OLED_Set_Pos(84+x, 0);
   \                     ??OLED_Select_ZS_30: (+1)
   \   0000017E   0x2100             MOVS     R1,#+0
   \   00000180   0x0020             MOVS     R0,R4
   \   00000182   0x3054             ADDS     R0,R0,#+84
   \   00000184   0xB2C0             UXTB     R0,R0
   \   00000186   0x.... 0x....      BL       OLED_Set_Pos
    383                      OLED_WrDat(0x81);
   \   0000018A   0x2081             MOVS     R0,#+129
   \   0000018C   0x.... 0x....      BL       OLED_WrDat
    384                  }
   \   00000190   0x1C64             ADDS     R4,R4,#+1
   \                     ??OLED_Select_ZS_29: (+1)
   \   00000192   0xB2E4             UXTB     R4,R4
   \   00000194   0x2C04             CMP      R4,#+4
   \   00000196   0xDBF2             BLT      ??OLED_Select_ZS_30
    385                  break;
   \   00000198   0xE021             B        ??OLED_Select_ZS_12
    386                  
    387                  case MENU_6://--------------------------- 选择 菜单2
    388                  for (x=0; x<4; x++)//84~87 选 2
   \                     ??OLED_Select_ZS_6: (+1)
   \   0000019A   0x2400             MOVS     R4,#+0
   \   0000019C   0xE00C             B        ??OLED_Select_ZS_31
    389                  {
    390                      OLED_Set_Pos(124+x, 0);
   \                     ??OLED_Select_ZS_32: (+1)
   \   0000019E   0x2100             MOVS     R1,#+0
   \   000001A0   0x0020             MOVS     R0,R4
   \   000001A2   0x307C             ADDS     R0,R0,#+124
   \   000001A4   0xB2C0             UXTB     R0,R0
   \   000001A6   0x.... 0x....      BL       OLED_Set_Pos
    391                      OLED_WrDat(menuNum[4][x]);
   \   000001AA   0x....             LDR      R0,??DataTable3_2
   \   000001AC   0xB2E4             UXTB     R4,R4
   \   000001AE   0x1900             ADDS     R0,R0,R4
   \   000001B0   0x7F00             LDRB     R0,[R0, #+28]
   \   000001B2   0x.... 0x....      BL       OLED_WrDat
    392                  }
   \   000001B6   0x1C64             ADDS     R4,R4,#+1
   \                     ??OLED_Select_ZS_31: (+1)
   \   000001B8   0xB2E4             UXTB     R4,R4
   \   000001BA   0x2C04             CMP      R4,#+4
   \   000001BC   0xDBEF             BLT      ??OLED_Select_ZS_32
    393                  for (x=0; x<4; x++)//20~23 消 1
   \   000001BE   0x2400             MOVS     R4,#+0
   \   000001C0   0xE009             B        ??OLED_Select_ZS_33
    394                  {
    395                      OLED_Set_Pos(104+x, 0);
   \                     ??OLED_Select_ZS_34: (+1)
   \   000001C2   0x2100             MOVS     R1,#+0
   \   000001C4   0x0020             MOVS     R0,R4
   \   000001C6   0x3068             ADDS     R0,R0,#+104
   \   000001C8   0xB2C0             UXTB     R0,R0
   \   000001CA   0x.... 0x....      BL       OLED_Set_Pos
    396                      OLED_WrDat(0x81);
   \   000001CE   0x2081             MOVS     R0,#+129
   \   000001D0   0x.... 0x....      BL       OLED_WrDat
    397                  }
   \   000001D4   0x1C64             ADDS     R4,R4,#+1
   \                     ??OLED_Select_ZS_33: (+1)
   \   000001D6   0xB2E4             UXTB     R4,R4
   \   000001D8   0x2C04             CMP      R4,#+4
   \   000001DA   0xDBF2             BLT      ??OLED_Select_ZS_34
    398                  break;
   \   000001DC   0xE7FF             B        ??OLED_Select_ZS_12
    399                  
    400              default :
    401                  break;
    402              }
    403          }
   \                     ??OLED_Select_ZS_1: (+1)
   \                     ??OLED_Select_ZS_12: (+1)
   \   000001DE   0xBD10             POP      {R4,PC}          ;; return
    404          
    405          
    406          /**
    407            * 简介
    408            *     多级菜单 显示
    409            
    410          * 注意
    411            *     坐标不要随便改 预先显示内容在OLED_Menu中修改,默认前4个字符用于显示标志
    412            *     显示区域坐标
    413            *         菜单     x   y --- x  y
    414            *           1      1   2    66  4  可显示 11个字符，3行
    415            *           2      68  2   126  4  可显示 9 个字符,3行
    416            *           3      1   6   126  7  可显示 21个字符,2行
    417            *           4      1   6   126  7  可显示 21个字符,2行
    418            */

   \                                 In section .text, align 2, keep-with-next
    419          void Oled_Data_ZS(void)
    420          {
   \                     Oled_Data_ZS: (+1)
   \   00000000   0xB580             PUSH     {R7,LR}
    421              switch (menuSelect) 
   \   00000002   0x....             LDR      R0,??DataTable3_1
   \   00000004   0x7800             LDRB     R0,[R0, #+0]
   \   00000006   0x2801             CMP      R0,#+1
   \   00000008   0xD00A             BEQ      ??Oled_Data_ZS_0
   \   0000000A   0xD349             BCC      ??Oled_Data_ZS_1
   \   0000000C   0x2803             CMP      R0,#+3
   \   0000000E   0xD01F             BEQ      ??Oled_Data_ZS_2
   \   00000010   0xD316             BCC      ??Oled_Data_ZS_3
   \   00000012   0x2805             CMP      R0,#+5
   \   00000014   0xD02C             BEQ      ??Oled_Data_ZS_4
   \   00000016   0xD323             BCC      ??Oled_Data_ZS_5
   \   00000018   0x2807             CMP      R0,#+7
   \   0000001A   0xD039             BEQ      ??Oled_Data_ZS_6
   \   0000001C   0xD330             BCC      ??Oled_Data_ZS_7
   \   0000001E   0xE03F             B        ??Oled_Data_ZS_1
    422              {
    423              case MENU:
    424                    if(zs_car==1)
   \                     ??Oled_Data_ZS_0: (+1)
   \   00000020   0x....             LDR      R0,??DataTable3_3
   \   00000022   0x6800             LDR      R0,[R0, #+0]
   \   00000024   0x2801             CMP      R0,#+1
   \   00000026   0xD105             BNE      ??Oled_Data_ZS_8
    425            OLED_DisplaytinyStr(40, 1, "RUN ");
   \   00000028   0x....             LDR      R2,??DataTable3_4
   \   0000002A   0x2101             MOVS     R1,#+1
   \   0000002C   0x2028             MOVS     R0,#+40
   \   0000002E   0x.... 0x....      BL       OLED_DisplaytinyStr
   \   00000032   0xE004             B        ??Oled_Data_ZS_9
    426                    else
    427            OLED_DisplaytinyStr(40, 1, "STOP");
   \                     ??Oled_Data_ZS_8: (+1)
   \   00000034   0x....             LDR      R2,??DataTable3
   \   00000036   0x2101             MOVS     R1,#+1
   \   00000038   0x2028             MOVS     R0,#+40
   \   0000003A   0x.... 0x....      BL       OLED_DisplaytinyStr
    428           
    429            break;
   \                     ??Oled_Data_ZS_9: (+1)
   \   0000003E   0xE02F             B        ??Oled_Data_ZS_10
    430              
    431              case MENU_1://可显示区域开始坐标 + 预先显示每个字符宽度*预先显示的字符个数 + 一个空白点
    432          OLED_DisplayFloat(1, 1,speed_set, 0);//OLED显示 float  
   \                     ??Oled_Data_ZS_3: (+1)
   \   00000040   0x2300             MOVS     R3,#+0
   \   00000042   0x....             LDR      R0,??DataTable3_5
   \   00000044   0x6802             LDR      R2,[R0, #+0]
   \   00000046   0x2101             MOVS     R1,#+1
   \   00000048   0x2001             MOVS     R0,#+1
   \   0000004A   0x.... 0x....      BL       OLED_DisplayFloat
    433             break;
   \   0000004E   0xE027             B        ??Oled_Data_ZS_10
    434             
    435             case MENU_2:
    436          OLED_DisplayFloat(1+6*3+1, 2,Direction_P, 0);//3行11列
   \                     ??Oled_Data_ZS_2: (+1)
   \   00000050   0x2300             MOVS     R3,#+0
   \   00000052   0x....             LDR      R0,??DataTable3_6
   \   00000054   0x6802             LDR      R2,[R0, #+0]
   \   00000056   0x2102             MOVS     R1,#+2
   \   00000058   0x2014             MOVS     R0,#+20
   \   0000005A   0x.... 0x....      BL       OLED_DisplayFloat
    437             break;
   \   0000005E   0xE01F             B        ??Oled_Data_ZS_10
    438             
    439              case MENU_3:
    440          OLED_DisplayFloat(1+6*3+1, 3,Direction_P2, 0);//4行11列
   \                     ??Oled_Data_ZS_5: (+1)
   \   00000060   0x2300             MOVS     R3,#+0
   \   00000062   0x....             LDR      R0,??DataTable3_7
   \   00000064   0x6802             LDR      R2,[R0, #+0]
   \   00000066   0x2103             MOVS     R1,#+3
   \   00000068   0x2014             MOVS     R0,#+20
   \   0000006A   0x.... 0x....      BL       OLED_DisplayFloat
    441             break;
   \   0000006E   0xE017             B        ??Oled_Data_ZS_10
    442             
    443             case MENU_4:
    444          OLED_DisplayFloat(68+6*3+1, 1,Direction_D2, 0);//3行2表格 
   \                     ??Oled_Data_ZS_4: (+1)
   \   00000070   0x2300             MOVS     R3,#+0
   \   00000072   0x....             LDR      R0,??DataTable3_8
   \   00000074   0x6802             LDR      R2,[R0, #+0]
   \   00000076   0x2101             MOVS     R1,#+1
   \   00000078   0x2057             MOVS     R0,#+87
   \   0000007A   0x.... 0x....      BL       OLED_DisplayFloat
    445             break;
   \   0000007E   0xE00F             B        ??Oled_Data_ZS_10
    446           
    447              case MENU_5:
    448          OLED_DisplayFloat(68+6*3+1, 2,Angle_P, 0);//3行2表格
   \                     ??Oled_Data_ZS_7: (+1)
   \   00000080   0x2300             MOVS     R3,#+0
   \   00000082   0x....             LDR      R0,??DataTable3_9
   \   00000084   0x6802             LDR      R2,[R0, #+0]
   \   00000086   0x2102             MOVS     R1,#+2
   \   00000088   0x2057             MOVS     R0,#+87
   \   0000008A   0x.... 0x....      BL       OLED_DisplayFloat
    449              break;
   \   0000008E   0xE007             B        ??Oled_Data_ZS_10
    450          
    451             case MENU_6:
    452          OLED_DisplayFloat(68+6*3+1, 3,Angle_D , 1);//3行2表格 
   \                     ??Oled_Data_ZS_6: (+1)
   \   00000090   0x2301             MOVS     R3,#+1
   \   00000092   0x....             LDR      R0,??DataTable3_10
   \   00000094   0x6802             LDR      R2,[R0, #+0]
   \   00000096   0x2103             MOVS     R1,#+3
   \   00000098   0x2057             MOVS     R0,#+87
   \   0000009A   0x.... 0x....      BL       OLED_DisplayFloat
    453             break;
   \   0000009E   0xE7FF             B        ??Oled_Data_ZS_10
    454             
    455              
    456              default :
    457                  break;
    458              }
    459          }
   \                     ??Oled_Data_ZS_1: (+1)
   \                     ??Oled_Data_ZS_10: (+1)
   \   000000A0   0xBD01             POP      {R0,PC}          ;; return

   \                                 In section .text, align 4, keep-with-next
   \                     ??DataTable0:
   \   00000000   0x........         DC32     zs_car

   \                                 In section .text, align 4, keep-with-next
   \                     ??DataTable0_1:
   \   00000000   0x........         DC32     speed_set

   \                                 In section .text, align 4, keep-with-next
   \                     ??DataTable0_2:
   \   00000000   0x41200000         DC32     0x41200000

   \                                 In section .text, align 4, keep-with-next
   \                     ??DataTable0_3:
   \   00000000   0x........         DC32     Direction_P

   \                                 In section .text, align 4, keep-with-next
   \                     ??DataTable0_4:
   \   00000000   0x........         DC32     Direction_P2

   \                                 In section .text, align 4, keep-with-next
   \                     ??DataTable0_5:
   \   00000000   0x........         DC32     Direction_D2

   \                                 In section .text, align 4, keep-with-next
   \                     ??DataTable0_6:
   \   00000000   0x........         DC32     Angle_P

   \                                 In section .text, align 4, keep-with-next
   \                     ??DataTable0_7:
   \   00000000   0x........         DC32     Angle_D

   \                                 In section .text, align 4, keep-with-next
   \                     ??DataTable0_8:
   \   00000000   0xC1200000         DC32     0xc1200000

   \                                 In section .text, align 4, keep-with-next
   \                     ??DataTable0_9:
   \   00000000   0x40A00000         DC32     0x40a00000

   \                                 In section .text, align 4, keep-with-next
   \                     ??DataTable0_10:
   \   00000000   0x42480000         DC32     0x42480000

   \                                 In section .text, align 4, keep-with-next
   \                     ??DataTable0_11:
   \   00000000   0x42C80000         DC32     0x42c80000

   \                                 In section .text, align 4, keep-with-next
   \                     ??DataTable1:
   \   00000000   0xC0A00000         DC32     0xc0a00000

   \                                 In section .text, align 4, keep-with-next
   \                     ??DataTable1_1:
   \   00000000   0xC2480000         DC32     0xc2480000

   \                                 In section .text, align 4, keep-with-next
   \                     ??DataTable1_2:
   \   00000000   0xC2C80000         DC32     0xc2c80000

   \                                 In section .text, align 4, keep-with-next
   \                     ??DataTable1_3:
   \   00000000   0x........         DC32     KEY_menuChange

   \                                 In section .text, align 4, keep-with-next
   \                     ??DataTable2:
   \   00000000   0x50 0x3A          DC8      0x50, 0x3A, 0x00, 0x00
   \              0x00 0x00    

   \                                 In section .text, align 4, keep-with-next
   \                     ??DataTable2_1:
   \   00000000   0x50 0x63          DC8      "Pc:"
   \              0x3A 0x00    

   \                                 In section .text, align 4, keep-with-next
   \                     ??DataTable2_2:
   \   00000000   0x44 0x63          DC8      "Dc:"
   \              0x3A 0x00    

   \                                 In section .text, align 4, keep-with-next
   \                     ??DataTable2_3:
   \   00000000   0x41 0x50          DC8      "AP:"
   \              0x3A 0x00    

   \                                 In section .text, align 4, keep-with-next
   \                     ??DataTable2_4:
   \   00000000   0x41 0x44          DC8      "AD:"
   \              0x3A 0x00    

   \                                 In section .text, align 4, keep-with-next
   \                     ??DataTable2_5:
   \   00000000   0x........         DC32     speed_set

   \                                 In section .text, align 4, keep-with-next
   \                     ??DataTable2_6:
   \   00000000   0x........         DC32     Direction_P

   \                                 In section .text, align 4, keep-with-next
   \                     ??DataTable2_7:
   \   00000000   0x........         DC32     Direction_P2

   \                                 In section .text, align 4, keep-with-next
   \                     ??DataTable2_8:
   \   00000000   0x........         DC32     Direction_D2

   \                                 In section .text, align 4, keep-with-next
   \                     ??DataTable2_9:
   \   00000000   0x........         DC32     Angle_P

   \                                 In section .text, align 4, keep-with-next
   \                     ??DataTable2_10:
   \   00000000   0x........         DC32     Angle_D

   \                                 In section .text, align 4, keep-with-next
   \                     ??DataTable2_11:
   \   00000000   0x........         DC32     zs_car

   \                                 In section .text, align 4, keep-with-next
   \                     ??DataTable2_12:
   \   00000000   0x........         DC32     ?_5

   \                                 In section .text, align 4, keep-with-next
   \                     ??DataTable3:
   \   00000000   0x........         DC32     ?_6

   \                                 In section .text, align 4, keep-with-next
   \                     ??DataTable3_1:
   \   00000000   0x........         DC32     menuSelect

   \                                 In section .text, align 4, keep-with-next
   \                     ??DataTable3_2:
   \   00000000   0x........         DC32     menuNum

   \                                 In section .text, align 4, keep-with-next
   \                     ??DataTable3_3:
   \   00000000   0x........         DC32     zs_car

   \                                 In section .text, align 4, keep-with-next
   \                     ??DataTable3_4:
   \   00000000   0x........         DC32     ?_5

   \                                 In section .text, align 4, keep-with-next
   \                     ??DataTable3_5:
   \   00000000   0x........         DC32     speed_set

   \                                 In section .text, align 4, keep-with-next
   \                     ??DataTable3_6:
   \   00000000   0x........         DC32     Direction_P

   \                                 In section .text, align 4, keep-with-next
   \                     ??DataTable3_7:
   \   00000000   0x........         DC32     Direction_P2

   \                                 In section .text, align 4, keep-with-next
   \                     ??DataTable3_8:
   \   00000000   0x........         DC32     Direction_D2

   \                                 In section .text, align 4, keep-with-next
   \                     ??DataTable3_9:
   \   00000000   0x........         DC32     Angle_P

   \                                 In section .text, align 4, keep-with-next
   \                     ??DataTable3_10:
   \   00000000   0x........         DC32     Angle_D

   \                                 In section .rodata, align 4
   \   00000000   0x50 0x3A          DC8 "P:"
   \              0x00         
   \   00000003   0x00               DC8 0

   \                                 In section .rodata, align 4
   \   00000000   0x50 0x63          DC8 "Pc:"
   \              0x3A 0x00    

   \                                 In section .rodata, align 4
   \   00000000   0x44 0x63          DC8 "Dc:"
   \              0x3A 0x00    

   \                                 In section .rodata, align 4
   \   00000000   0x41 0x50          DC8 "AP:"
   \              0x3A 0x00    

   \                                 In section .rodata, align 4
   \   00000000   0x41 0x44          DC8 "AD:"
   \              0x3A 0x00    

   \                                 In section .rodata, align 4
   \                     ?_5:
   \   00000000   0x52 0x55          DC8 "RUN "
   \              0x4E 0x20    
   \              0x00         
   \   00000005   0x00 0x00          DC8 0, 0, 0
   \              0x00         

   \                                 In section .rodata, align 4
   \                     ?_6:
   \   00000000   0x53 0x54          DC8 "STOP"
   \              0x4F 0x50    
   \              0x00         
   \   00000005   0x00 0x00          DC8 0, 0, 0
   \              0x00         
    460          
    461          
    462          
    463          
    464          
    465          
    466          
    467          

   Maximum stack usage in bytes:

   .cstack Function
   ------- --------
      16   OLED_Biaoge_ZS
        16   -> OLED_DisplayFloat
        16   -> OLED_DisplaytinyStr
        16   -> OLED_Set_Pos
        16   -> OLED_WrDat
       8   OLED_Key_ZS
         8   -> KEY_Scan
         8   -> __aeabi_fadd
       8   OLED_Select_ZS
         8   -> OLED_DisplaytinyStr
         8   -> OLED_Set_Pos
         8   -> OLED_WrDat
       8   Oled_Data_ZS
         8   -> OLED_DisplayFloat
         8   -> OLED_DisplaytinyStr


   Section sizes:

   Bytes  Function/Label
   -----  --------------
       4  ??DataTable0
       4  ??DataTable0_1
       4  ??DataTable0_10
       4  ??DataTable0_11
       4  ??DataTable0_2
       4  ??DataTable0_3
       4  ??DataTable0_4
       4  ??DataTable0_5
       4  ??DataTable0_6
       4  ??DataTable0_7
       4  ??DataTable0_8
       4  ??DataTable0_9
       4  ??DataTable1
       4  ??DataTable1_1
       4  ??DataTable1_2
       4  ??DataTable1_3
       4  ??DataTable2
       4  ??DataTable2_1
       4  ??DataTable2_10
       4  ??DataTable2_11
       4  ??DataTable2_12
       4  ??DataTable2_2
       4  ??DataTable2_3
       4  ??DataTable2_4
       4  ??DataTable2_5
       4  ??DataTable2_6
       4  ??DataTable2_7
       4  ??DataTable2_8
       4  ??DataTable2_9
       4  ??DataTable3
       4  ??DataTable3_1
       4  ??DataTable3_10
       4  ??DataTable3_2
       4  ??DataTable3_3
       4  ??DataTable3_4
       4  ??DataTable3_5
       4  ??DataTable3_6
       4  ??DataTable3_7
       4  ??DataTable3_8
       4  ??DataTable3_9
       4  ?_0
       4  ?_1
       4  ?_2
       4  ?_3
       4  ?_4
       8  ?_5
       8  ?_6
     320  OLED_Biaoge_ZS
     748  OLED_Key_ZS
     480  OLED_Select_ZS
     162  Oled_Data_ZS

 
    36 bytes in section .rodata
 1 870 bytes in section .text
 
 1 870 bytes of CODE  memory
    36 bytes of CONST memory

Errors: none
Warnings: 1
