###############################################################################
#
# IAR ANSI C/C++ Compiler V7.40.2.8542/W32 for ARM        01/May/2018  16:13:23
# Copyright 1999-2015 IAR Systems AB.
#
#    Cpu mode     =  thumb
#    Endian       =  little
#    Source file  =  H:\智能车程序2018\电磁三轮――ZS\5.1\user\C\L3G4200D_ZS.c
#    Command line =  
#        H:\智能车程序2018\电磁三轮――ZS\5.1\user\C\L3G4200D_ZS.c -D IAR -D
#        TWR_K60N512 -D _DLIB_FILE_DESCRIPTOR -lCN
#        H:\智能车程序2018\电磁三轮――ZS\5.1\iar\KEA_128_FLASH\List\ -lB
#        H:\智能车程序2018\电磁三轮――ZS\5.1\iar\KEA_128_FLASH\List\ -o
#        H:\智能车程序2018\电磁三轮――ZS\5.1\iar\KEA_128_FLASH\Obj\ --no_cse
#        --no_unroll --no_inline --no_code_motion --no_tbaa --no_clustering
#        --no_scheduling --debug --endian=little --cpu=Cortex-M0+ -e --fpu=None
#        --dlib_config F:\IAR安装包\arm\INC\c\DLib_Config_Normal.h -I
#        H:\智能车程序2018\电磁三轮――ZS\5.1\iar\..\device\H\ -I
#        H:\智能车程序2018\电磁三轮――ZS\5.1\iar\..\user\H\ -I
#        H:\智能车程序2018\电磁三轮――ZS\5.1\iar\..\system\ -I
#        H:\智能车程序2018\电磁三轮――ZS\5.1\iar\..\lib\H\ -I
#        H:\智能车程序2018\电磁三轮――ZS\5.1\iar\..\system\coreSupport\ -On
#    List file    =  
#        H:\智能车程序2018\电磁三轮――ZS\5.1\iar\KEA_128_FLASH\List\L3G4200D_ZS.lst
#    Object file  =  
#        H:\智能车程序2018\电磁三轮――ZS\5.1\iar\KEA_128_FLASH\Obj\L3G4200D_ZS.o
#
###############################################################################

H:\智能车程序2018\电磁三轮――ZS\5.1\user\C\L3G4200D_ZS.c
      1          #include "Variable.h"
      2          #include "common.h"
      3          #include "allHead.h"
      4          #include "L3G4200D_ZS.h"
      5          
      6          #define INTEGRAL_TIME_CONSTANT 0.005        //积分时间
      7          
      8          //----------------------------陀螺仪--------------------------------------------

   \                                 In section .bss, align 4
      9          float gyr_angle_speed,gyr_angle_speed_up,//陀螺仪角速度
   \                     gyr_angle_speed:
   \   00000000                      DS8 4

   \                                 In section .bss, align 4
   \                     gyr_angle_speed_up:
   \   00000000                      DS8 4

   \                                 In section .data, align 4
     10                gyr_angle_speed_static=1,//陀螺仪静止时的角速度
   \                     gyr_angle_speed_static:
   \   00000000   0x3F800000         DC32 3F800000H

   \                                 In section .bss, align 4
     11                gyr_angle_speed_static_sum,//陀螺仪静止时的角速度总和
   \                     gyr_angle_speed_static_sum:
   \   00000000                      DS8 4

   \                                 In section .bss, align 4
     12                gyr_angle = 0, gyr_angle_up = 0,//陀螺仪角度
   \                     gyr_angle:
   \   00000000                      DS8 4

   \                                 In section .bss, align 4
   \                     gyr_angle_up:
   \   00000000                      DS8 4

   \                                 In section .data, align 4
     13                gyr_angle_static=1,//陀螺仪静止时的角度误差,4min
   \                     gyr_angle_static:
   \   00000000   0x3F800000         DC32 3F800000H
     14           

   \                                 In section .data, align 4
     15          gyr_offset_x = 18.8;//陀螺仪x轴偏移量0.85
   \                     gyr_offset_x:
   \   00000000   0x41966666         DC32 41966666H
     16          

   \                                 In section .data, align 4
     17          float gyr_offset_y =-6.000;//陀螺仪y轴偏移量
   \                     gyr_offset_y:
   \   00000000   0xC0C00000         DC32 0C0C00000H

   \                                 In section .data, align 4
     18          float gyr_offset_z =21.24;//陀螺仪z轴偏移量
   \                     gyr_offset_z:
   \   00000000   0x41A9EB85         DC32 41A9EB85H

   \                                 In section .bss, align 4
     19          int   gg=0;
   \                     gg:
   \   00000000                      DS8 4

   \                                 In section .bss, align 4
     20          float gyr_offset__z_sum=0;//陀螺仪z轴静态偏移量总和；
   \                     gyr_offset__z_sum:
   \   00000000                      DS8 4

   \                                 In section .bss, align 4
     21          float gyr_offset__z_average=0;//陀螺仪z轴静态偏移量平均值；
   \                     gyr_offset__z_average:
   \   00000000                      DS8 4

   \                                 In section .bss, align 4
     22          float gyr_offset__x_sum=0;//陀螺仪z轴静态偏移量总和；
   \                     gyr_offset__x_sum:
   \   00000000                      DS8 4

   \                                 In section .bss, align 4
     23          float gyr_offset__x_average=0;//陀螺仪z轴静态偏移量平均值；
   \                     gyr_offset__x_average:
   \   00000000                      DS8 4

   \                                 In section .bss, align 4
     24          int zs=0;
   \                     zs:
   \   00000000                      DS8 4
     25          /*****************陀螺仪测车角速度,角度******************************************************************
     26            未滤波4分钟产生10度
     27            滤波后4分钟产生1度
     28            小车转90度，陀螺仪测得45度
     29            过普通弯道，陀螺仪测得45度
     30            小车过圆圈弯道，实际车转过了270度,
     31                            陀螺仪测得了136度
     32            小车转过弯后，会显示已转角度，直立车的直立环可直接通过陀螺仪解算后
     33          的角度给P,使其直立。直立环是为了让陀螺仪显示的角度一直为0度。但三轮
     34          车转弯与其不同，并不是让陀螺仪显示角度为0度。之前想让其显示角度抑制
     35          漂移，但是在过圆环弯道时，显示角度已达到了135度。
     36            故未想到用陀螺仪测得的角度抑制漂移。
     37            用陀螺仪测得的大角速度抑制其漂移
     38          *********************************************************************************/

   \                                 In section .text, align 4, keep-with-next
     39          void Gyro_ZS()
     40          { 
   \                     Gyro_ZS: (+1)
   \   00000000   0xB538             PUSH     {R3-R5,LR}
     41          //陀螺仪Z,Y轴数据读取
     42            L3G4200_Read();
   \   00000002   0x.... 0x....      BL       L3G4200_Read
     43           
     44          //陀螺仪角速度=(陀螺仪z轴数据-陀螺仪z轴静态偏移量)*陀螺仪比例系数
     45            gyr_angle_speed=((float)gyro_z-gyr_offset_z)*gyr_ratio; //角速度，度/秒
   \   00000006   0x4842             LDR      R0,??Gyro_ZS_0+0x4
   \   00000008   0x2100             MOVS     R1,#+0
   \   0000000A   0x5E40             LDRSH    R0,[R0, R1]
   \   0000000C   0x.... 0x....      BL       __aeabi_i2f
   \   00000010   0x4940             LDR      R1,??Gyro_ZS_0+0x8
   \   00000012   0x6809             LDR      R1,[R1, #+0]
   \   00000014   0x.... 0x....      BL       __aeabi_fsub
   \   00000018   0x.... 0x....      BL       __aeabi_f2d
   \   0000001C   0xA23F             ADR      R2,??Gyro_ZS_0+0x10
   \   0000001E   0xCA0C             LDM      R2,{R2,R3}
   \   00000020   0x.... 0x....      BL       __aeabi_dmul
   \   00000024   0x.... 0x....      BL       __aeabi_d2f
   \   00000028   0x493F             LDR      R1,??Gyro_ZS_0+0x1C
   \   0000002A   0x6008             STR      R0,[R1, #+0]
     46            gyr_angle_speed_up=((float)gyro_x-gyr_offset_x)*gyr_ratio; //角速度，度/秒
   \   0000002C   0x4844             LDR      R0,??Gyro_ZS_0+0x34
   \   0000002E   0x2100             MOVS     R1,#+0
   \   00000030   0x5E40             LDRSH    R0,[R0, R1]
   \   00000032   0x.... 0x....      BL       __aeabi_i2f
   \   00000036   0x4938             LDR      R1,??Gyro_ZS_0+0xC
   \   00000038   0x6809             LDR      R1,[R1, #+0]
   \   0000003A   0x.... 0x....      BL       __aeabi_fsub
   \   0000003E   0x.... 0x....      BL       __aeabi_f2d
   \   00000042   0xA236             ADR      R2,??Gyro_ZS_0+0x10
   \   00000044   0xCA0C             LDM      R2,{R2,R3}
   \   00000046   0x.... 0x....      BL       __aeabi_dmul
   \   0000004A   0x.... 0x....      BL       __aeabi_d2f
   \   0000004E   0x4938             LDR      R1,??Gyro_ZS_0+0x24
   \   00000050   0x6008             STR      R0,[R1, #+0]
     47          
     48          //陀螺仪角速度静态滤波，代替加速度计
     49            if(gyr_angle_speed<gyr_angle_speed_static&&gyr_angle_speed>-gyr_angle_speed_static)
   \   00000052   0x4835             LDR      R0,??Gyro_ZS_0+0x1C
   \   00000054   0x6800             LDR      R0,[R0, #+0]
   \   00000056   0x4933             LDR      R1,??Gyro_ZS_0+0x18
   \   00000058   0x6809             LDR      R1,[R1, #+0]
   \   0000005A   0x.... 0x....      BL       __aeabi_cfcmple
   \   0000005E   0xD20C             BCS      ??Gyro_ZS_1
   \   00000060   0x4830             LDR      R0,??Gyro_ZS_0+0x18
   \   00000062   0x6800             LDR      R0,[R0, #+0]
   \   00000064   0x2180             MOVS     R1,#+128
   \   00000066   0x0609             LSLS     R1,R1,#+24       ;; #-2147483648
   \   00000068   0x4048             EORS     R0,R0,R1
   \   0000006A   0x492F             LDR      R1,??Gyro_ZS_0+0x1C
   \   0000006C   0x6809             LDR      R1,[R1, #+0]
   \   0000006E   0x.... 0x....      BL       __aeabi_cfcmple
   \   00000072   0xD202             BCS      ??Gyro_ZS_1
     50            {
     51              gyr_angle_speed=0;
   \   00000074   0x2000             MOVS     R0,#+0
   \   00000076   0x492C             LDR      R1,??Gyro_ZS_0+0x1C
   \   00000078   0x6008             STR      R0,[R1, #+0]
     52            }
     53          /* 1 先验估计 -----------------------------------------------------------  */
     54          //根据上一次车体角度估计本次角度
     55          //现在的角度 = 上次的角度 + (陀螺仪所测角速度 - 静态偏移)*陀螺仪采样周期
     56          //car_angle += (gyr_angle_speed-gyro_error) * INTEGRAL_TIME_CONSTANT;
     57          //     之前的角度偏差由卡尔额曼滤波和加速度计获得
     58            gyr_angle += gyr_angle_speed * INTEGRAL_TIME_CONSTANT;
   \                     ??Gyro_ZS_1: (+1)
   \   0000007A   0x482C             LDR      R0,??Gyro_ZS_0+0x20
   \   0000007C   0x6800             LDR      R0,[R0, #+0]
   \   0000007E   0x.... 0x....      BL       __aeabi_f2d
   \   00000082   0x0004             MOVS     R4,R0
   \   00000084   0x000D             MOVS     R5,R1
   \   00000086   0x4828             LDR      R0,??Gyro_ZS_0+0x1C
   \   00000088   0x6800             LDR      R0,[R0, #+0]
   \   0000008A   0x.... 0x....      BL       __aeabi_f2d
   \   0000008E   0xA229             ADR      R2,??Gyro_ZS_0+0x28
   \   00000090   0xCA0C             LDM      R2,{R2,R3}
   \   00000092   0x.... 0x....      BL       __aeabi_dmul
   \   00000096   0x0022             MOVS     R2,R4
   \   00000098   0x002B             MOVS     R3,R5
   \   0000009A   0x.... 0x....      BL       __aeabi_dadd
   \   0000009E   0x.... 0x....      BL       __aeabi_d2f
   \   000000A2   0x4922             LDR      R1,??Gyro_ZS_0+0x20
   \   000000A4   0x6008             STR      R0,[R1, #+0]
     59            gyr_angle_up += gyr_angle_speed_up * INTEGRAL_TIME_CONSTANT;
   \   000000A6   0x4825             LDR      R0,??Gyro_ZS_0+0x30
   \   000000A8   0x6800             LDR      R0,[R0, #+0]
   \   000000AA   0x.... 0x....      BL       __aeabi_f2d
   \   000000AE   0x0004             MOVS     R4,R0
   \   000000B0   0x000D             MOVS     R5,R1
   \   000000B2   0x481F             LDR      R0,??Gyro_ZS_0+0x24
   \   000000B4   0x6800             LDR      R0,[R0, #+0]
   \   000000B6   0x.... 0x....      BL       __aeabi_f2d
   \   000000BA   0xA21E             ADR      R2,??Gyro_ZS_0+0x28
   \   000000BC   0xCA0C             LDM      R2,{R2,R3}
   \   000000BE   0x.... 0x....      BL       __aeabi_dmul
   \   000000C2   0x0022             MOVS     R2,R4
   \   000000C4   0x002B             MOVS     R3,R5
   \   000000C6   0x.... 0x....      BL       __aeabi_dadd
   \   000000CA   0x.... 0x....      BL       __aeabi_d2f
   \   000000CE   0x491B             LDR      R1,??Gyro_ZS_0+0x30
   \   000000D0   0x6008             STR      R0,[R1, #+0]
     60           
     61          //  if(gyr_angle>gyr_angle_static||gyr_angle<-gyr_angle_static)
     62          //  {角度确定
     63          //     Direction_Angle=gyr_angle;
     64          //  }
     65            
     66            
     67            
     68          //  uart_sendware_float(car_angle,acc_angle,car_angle_speed,0);
     69          
     70          //确定陀螺仪Z轴静态偏移量值程序,可采集4.3min平均值
     71          //  gg++;
     72          //  gyr_offset__z_sum+=gyro_z;
     73          //  gyr_offset__z_average=gyr_offset__z_sum/gg;
     74            
     75            gg++;
   \   000000D2   0x481C             LDR      R0,??Gyro_ZS_0+0x38
   \   000000D4   0x6800             LDR      R0,[R0, #+0]
   \   000000D6   0x1C40             ADDS     R0,R0,#+1
   \   000000D8   0x491A             LDR      R1,??Gyro_ZS_0+0x38
   \   000000DA   0x6008             STR      R0,[R1, #+0]
     76            gyr_offset__x_sum+=gyro_x;
   \   000000DC   0x4818             LDR      R0,??Gyro_ZS_0+0x34
   \   000000DE   0x2100             MOVS     R1,#+0
   \   000000E0   0x5E40             LDRSH    R0,[R0, R1]
   \   000000E2   0x.... 0x....      BL       __aeabi_i2f
   \   000000E6   0x4918             LDR      R1,??Gyro_ZS_0+0x3C
   \   000000E8   0x6809             LDR      R1,[R1, #+0]
   \   000000EA   0x.... 0x....      BL       __aeabi_fadd
   \   000000EE   0x4916             LDR      R1,??Gyro_ZS_0+0x3C
   \   000000F0   0x6008             STR      R0,[R1, #+0]
     77            gyr_offset__x_average=gyr_offset__x_sum/gg;
   \   000000F2   0x4814             LDR      R0,??Gyro_ZS_0+0x38
   \   000000F4   0x6800             LDR      R0,[R0, #+0]
   \   000000F6   0x.... 0x....      BL       __aeabi_i2f
   \   000000FA   0x0001             MOVS     R1,R0
   \   000000FC   0x4812             LDR      R0,??Gyro_ZS_0+0x3C
   \   000000FE   0x6800             LDR      R0,[R0, #+0]
   \   00000100   0x.... 0x....      BL       __aeabi_fdiv
   \   00000104   0x4901             LDR      R1,??Gyro_ZS_0
   \   00000106   0x6008             STR      R0,[R1, #+0]
     78          //确定陀螺仪Z轴静态角速度平均值程序，可采集4.3min平均值，0.038
     79          //  gg++;
     80          //  gyr_angle_speed_static_sum+=gyr_angle_speed;
     81          //  gyr_angle_speed_static=gyr_angle_speed_static_sum/gg;
     82          //确定陀螺仪Z轴静态角速度最大值程序，0.89
     83          //  if(gyr_angle_speed_static<gyr_angle_speed)
     84          //    gyr_angle_speed_static=gyr_angle_speed;
     85          }
   \   00000108   0xBD31             POP      {R0,R4,R5,PC}    ;; return
   \   0000010A   0xBF00             Nop      
   \                     ??Gyro_ZS_0:
   \   0000010C   0x........         DC32     gyr_offset__x_average
   \   00000110   0x........         DC32     gyro_z
   \   00000114   0x........         DC32     gyr_offset_z
   \   00000118   0x........         DC32     gyr_offset_x
   \   0000011C   0x60418937         DC32     0x60418937,0xBFA2D0E5
   \              0xBFA2D0E5   
   \   00000124   0x........         DC32     gyr_angle_speed_static
   \   00000128   0x........         DC32     gyr_angle_speed
   \   0000012C   0x........         DC32     gyr_angle
   \   00000130   0x........         DC32     gyr_angle_speed_up
   \   00000134   0x47AE147B         DC32     0x47AE147B,0x3F747AE1
   \              0x3F747AE1   
   \   0000013C   0x........         DC32     gyr_angle_up
   \   00000140   0x........         DC32     gyro_x
   \   00000144   0x........         DC32     gg
   \   00000148   0x........         DC32     gyr_offset__x_sum
     86          //直立车
     87          //角度输出=P*陀螺仪角度偏差+D*陀螺仪角速度
     88          //Angle_Out = P_angle*angle_E + D_angle*car_angle_speed;
     89          
     90          
     91          
     92          
     93          
     94          
     95          
     96          
     97          
     98          
     99          
    100          
    101          
    102          

   Maximum stack usage in bytes:

   .cstack Function
   ------- --------
      16   Gyro_ZS
        16   -> L3G4200_Read
        16   -> __aeabi_d2f
        16   -> __aeabi_dadd
        16   -> __aeabi_dmul
        16   -> __aeabi_f2d
        16   -> __aeabi_fadd
        16   -> __aeabi_fdiv
        16   -> __aeabi_fsub
        16   -> __aeabi_i2f
        16 __aeabi_cfcmple


   Section sizes:

   Bytes  Function/Label
   -----  --------------
     332  Gyro_ZS
       4  gg
       4  gyr_angle
       4  gyr_angle_speed
       4  gyr_angle_speed_static
       4  gyr_angle_speed_static_sum
       4  gyr_angle_speed_up
       4  gyr_angle_static
       4  gyr_angle_up
       4  gyr_offset__x_average
       4  gyr_offset__x_sum
       4  gyr_offset__z_average
       4  gyr_offset__z_sum
       4  gyr_offset_x
       4  gyr_offset_y
       4  gyr_offset_z
       4  zs

 
  44 bytes in section .bss
  20 bytes in section .data
 332 bytes in section .text
 
 332 bytes of CODE memory
  64 bytes of DATA memory

Errors: none
Warnings: none
