###############################################################################
#
# IAR ANSI C/C++ Compiler V7.40.2.8542/W32 for ARM        01/May/2018  16:13:25
# Copyright 1999-2015 IAR Systems AB.
#
#    Cpu mode     =  thumb
#    Endian       =  little
#    Source file  =  
#        H:\智能车程序2018\电磁三轮――ZS\5.1\device\C\outputdata_zs.c
#    Command line =  
#        H:\智能车程序2018\电磁三轮――ZS\5.1\device\C\outputdata_zs.c -D IAR
#        -D TWR_K60N512 -D _DLIB_FILE_DESCRIPTOR -lCN
#        H:\智能车程序2018\电磁三轮――ZS\5.1\iar\KEA_128_FLASH\List\ -lB
#        H:\智能车程序2018\电磁三轮――ZS\5.1\iar\KEA_128_FLASH\List\ -o
#        H:\智能车程序2018\电磁三轮――ZS\5.1\iar\KEA_128_FLASH\Obj\ --no_cse
#        --no_unroll --no_inline --no_code_motion --no_tbaa --no_clustering
#        --no_scheduling --debug --endian=little --cpu=Cortex-M0+ -e --fpu=None
#        --dlib_config F:\IAR安装包\arm\INC\c\DLib_Config_Normal.h -I
#        H:\智能车程序2018\电磁三轮――ZS\5.1\iar\..\device\H\ -I
#        H:\智能车程序2018\电磁三轮――ZS\5.1\iar\..\user\H\ -I
#        H:\智能车程序2018\电磁三轮――ZS\5.1\iar\..\system\ -I
#        H:\智能车程序2018\电磁三轮――ZS\5.1\iar\..\lib\H\ -I
#        H:\智能车程序2018\电磁三轮――ZS\5.1\iar\..\system\coreSupport\ -On
#    List file    =  
#        H:\智能车程序2018\电磁三轮――ZS\5.1\iar\KEA_128_FLASH\List\outputdata_zs.lst
#    Object file  =  
#        H:\智能车程序2018\电磁三轮――ZS\5.1\iar\KEA_128_FLASH\Obj\outputdata_zs.o
#
###############################################################################

H:\智能车程序2018\电磁三轮――ZS\5.1\device\C\outputdata_zs.c
      1          #include "uart.h"
      2          #include "outputdata_zs.h"
      3          

   \                                 In section .text, align 4, keep-with-next
      4          void uart_sendware_float(float x,float y,float z,float w)
      5          {
   \                     uart_sendware_float: (+1)
   \   00000000   0xB5F0             PUSH     {R4-R7,LR}
   \   00000002   0xB085             SUB      SP,SP,#+20
   \   00000004   0x0005             MOVS     R5,R0
   \   00000006   0x000C             MOVS     R4,R1
   \   00000008   0x0017             MOVS     R7,R2
   \   0000000A   0x001E             MOVS     R6,R3
      6          #define CMD_WARE 3
      7            
      8            float var[4];
      9            
     10            var[0] = x;
   \   0000000C   0x9501             STR      R5,[SP, #+4]
     11            var[1] = y;
   \   0000000E   0x9402             STR      R4,[SP, #+8]
     12            var[2] = z;
   \   00000010   0x9703             STR      R7,[SP, #+12]
     13            var[3] = w;
   \   00000012   0x9604             STR      R6,[SP, #+16]
     14            
     15             uint8 cmdf[2] = {CMD_WARE, ~CMD_WARE};    //串口调试 使用的前命令
   \   00000014   0xA800             ADD      R0,SP,#+0
   \   00000016   0x1C80             ADDS     R0,R0,#+2
   \   00000018   0x490A             LDR      R1,??uart_sendware_float_0
   \   0000001A   0x880A             LDRH     R2,[R1, #0]
   \   0000001C   0x8002             STRH     R2,[R0, #0]
     16             uint8 cmdr[2] = {~CMD_WARE, CMD_WARE};    //串口调试 使用的后命令
   \   0000001E   0x4668             MOV      R0,SP
   \   00000020   0x4909             LDR      R1,??uart_sendware_float_0+0x4
   \   00000022   0x880A             LDRH     R2,[R1, #0]
   \   00000024   0x8002             STRH     R2,[R0, #0]
     17          
     18             UART_SendArray( cmdf,sizeof(cmdf));    //先发送前命令
   \   00000026   0x2102             MOVS     R1,#+2
   \   00000028   0xA800             ADD      R0,SP,#+0
   \   0000002A   0x1C80             ADDS     R0,R0,#+2
   \   0000002C   0x.... 0x....      BL       UART_SendArray
     19             UART_SendArray( (uint8_t *)var,sizeof(var));    //发送数据
   \   00000030   0x2110             MOVS     R1,#+16
   \   00000032   0xA801             ADD      R0,SP,#+4
   \   00000034   0x.... 0x....      BL       UART_SendArray
     20             UART_SendArray( cmdr,sizeof(cmdr));    //发送后命令
   \   00000038   0x2102             MOVS     R1,#+2
   \   0000003A   0x4668             MOV      R0,SP
   \   0000003C   0x.... 0x....      BL       UART_SendArray
     21          
     22          }
   \   00000040   0xB005             ADD      SP,SP,#+20
   \   00000042   0xBDF0             POP      {R4-R7,PC}       ;; return
   \                     ??uart_sendware_float_0:
   \   00000044   0x........         DC32     ?_0
   \   00000048   0x........         DC32     ?_1

   \                                 In section .rodata, align 2
   \                     ?_0:
   \   00000000   0x03 0xFC          DC8 3, 252

   \                                 In section .rodata, align 2
   \                     ?_1:
   \   00000000   0xFC 0x03          DC8 252, 3
     23          
     24          

   Maximum stack usage in bytes:

   .cstack Function
   ------- --------
      40   uart_sendware_float
        40   -> UART_SendArray


   Section sizes:

   Bytes  Function/Label
   -----  --------------
       2  ?_0
       2  ?_1
      76  uart_sendware_float

 
  4 bytes in section .rodata
 76 bytes in section .text
 
 76 bytes of CODE  memory
  4 bytes of CONST memory

Errors: none
Warnings: none
