###############################################################################
#
# IAR ANSI C/C++ Compiler V7.40.2.8542/W32 for ARM        31/Jul/2018  01:16:48
# Copyright 1999-2015 IAR Systems AB.
#
#    Cpu mode     =  thumb
#    Endian       =  little
#    Source file  =  H:\智能车程序2018\三轮比赛\7.29-sc\user\C\Boma_zs.c
#    Command line =  
#        H:\智能车程序2018\三轮比赛\7.29-sc\user\C\Boma_zs.c -D IAR -D
#        TWR_K60N512 -D _DLIB_FILE_DESCRIPTOR -lCN
#        H:\智能车程序2018\三轮比赛\7.29-sc\iar\KEA_128_FLASH\List\ -lB
#        H:\智能车程序2018\三轮比赛\7.29-sc\iar\KEA_128_FLASH\List\ -o
#        H:\智能车程序2018\三轮比赛\7.29-sc\iar\KEA_128_FLASH\Obj\ --no_cse
#        --no_unroll --no_inline --no_code_motion --no_tbaa --no_clustering
#        --no_scheduling --debug --endian=little --cpu=Cortex-M0+ -e --fpu=None
#        --dlib_config F:\IAR安装包\arm\INC\c\DLib_Config_Normal.h -I
#        H:\智能车程序2018\三轮比赛\7.29-sc\iar\..\device\H\ -I
#        H:\智能车程序2018\三轮比赛\7.29-sc\iar\..\user\H\ -I
#        H:\智能车程序2018\三轮比赛\7.29-sc\iar\..\system\ -I
#        H:\智能车程序2018\三轮比赛\7.29-sc\iar\..\lib\H\ -I
#        H:\智能车程序2018\三轮比赛\7.29-sc\iar\..\system\coreSupport\ -On
#    List file    =  
#        H:\智能车程序2018\三轮比赛\7.29-sc\iar\KEA_128_FLASH\List\Boma_zs.lst
#    Object file  =  
#        H:\智能车程序2018\三轮比赛\7.29-sc\iar\KEA_128_FLASH\Obj\Boma_zs.o
#
###############################################################################

H:\智能车程序2018\三轮比赛\7.29-sc\user\C\Boma_zs.c
      1          #include "Variable.h"
      2          #include "common.h"
      3          #include "allHead.h"
      4          #include  "Boma_zs.h"
      5          extern int Boma_num;
      6          extern int  Direction_P2_Change,Angle_P_Change;  

   \                                 In section .text, align 2, keep-with-next
      7          uint8 BO_Scan(void)
      8          {
   \                     BO_Scan: (+1)
   \   00000000   0xB510             PUSH     {R4,LR}
      9              uint8 num = 0;
   \   00000002   0x2400             MOVS     R4,#+0
     10          
     11              if (GpioGet(KEY_BO_0) == UP)    num |= ((uint8)(1<<3));//num |= 1000
   \   00000004   0x202B             MOVS     R0,#+43
   \   00000006   0x.... 0x....      BL       GpioGet
   \   0000000A   0x2801             CMP      R0,#+1
   \   0000000C   0xD102             BNE      ??BO_Scan_0
   \   0000000E   0x0020             MOVS     R0,R4
   \   00000010   0x2408             MOVS     R4,#+8
   \   00000012   0x4304             ORRS     R4,R4,R0
     12              if (GpioGet(KEY_BO_1) == UP)    num |= ((uint8)(1<<2));//num |= 0100
   \                     ??BO_Scan_0: (+1)
   \   00000014   0x2038             MOVS     R0,#+56
   \   00000016   0x.... 0x....      BL       GpioGet
   \   0000001A   0x2801             CMP      R0,#+1
   \   0000001C   0xD102             BNE      ??BO_Scan_1
   \   0000001E   0x0020             MOVS     R0,R4
   \   00000020   0x2404             MOVS     R4,#+4
   \   00000022   0x4304             ORRS     R4,R4,R0
     13              if (GpioGet(KEY_BO_2) == UP)    num |= ((uint8)(1<<1));//num |= 0010
   \                     ??BO_Scan_1: (+1)
   \   00000024   0x2039             MOVS     R0,#+57
   \   00000026   0x.... 0x....      BL       GpioGet
   \   0000002A   0x2801             CMP      R0,#+1
   \   0000002C   0xD102             BNE      ??BO_Scan_2
   \   0000002E   0x0020             MOVS     R0,R4
   \   00000030   0x2402             MOVS     R4,#+2
   \   00000032   0x4304             ORRS     R4,R4,R0
     14              if (GpioGet(KEY_BO_3) == UP)    num |= ((uint8)(1<<0));//num |= 0000
   \                     ??BO_Scan_2: (+1)
   \   00000034   0x2040             MOVS     R0,#+64
   \   00000036   0x.... 0x....      BL       GpioGet
   \   0000003A   0x2801             CMP      R0,#+1
   \   0000003C   0xD102             BNE      ??BO_Scan_3
   \   0000003E   0x0020             MOVS     R0,R4
   \   00000040   0x2401             MOVS     R4,#+1
   \   00000042   0x4304             ORRS     R4,R4,R0
     15          
     16              return num;
   \                     ??BO_Scan_3: (+1)
   \   00000044   0x0020             MOVS     R0,R4
   \   00000046   0xB2C0             UXTB     R0,R0
   \   00000048   0xBD10             POP      {R4,PC}          ;; return
     17          }
     18          

   \                                 In section .bss, align 1
     19          uint8 Flag=0;
   \                     Flag:
   \   00000000                      DS8 1

   \                                 In section .bss, align 4
     20          int Boma_num=0,Boma_num_old=0;
   \                     Boma_num:
   \   00000000                      DS8 4

   \                                 In section .bss, align 4
   \                     Boma_num_old:
   \   00000000                      DS8 4

   \                                 In section .bss, align 4
     21          int Boma_Change=0;
   \                     Boma_Change:
   \   00000000                      DS8 4
     22          /*拨码开关程序*****************************************************************************************--*/

   \                                 In section .text, align 4, keep-with-next
     23          void Boma_Gear_ZS(void)
     24          {
   \                     Boma_Gear_ZS: (+1)
   \   00000000   0xB580             PUSH     {R7,LR}
     25            Boma_num_old=Boma_num;
   \   00000002   0x48B4             LDR      R0,??Boma_Gear_ZS_0
   \   00000004   0x6800             LDR      R0,[R0, #+0]
   \   00000006   0x49B4             LDR      R1,??Boma_Gear_ZS_0+0x4
   \   00000008   0x6008             STR      R0,[R1, #+0]
     26            Boma_num=BO_Scan();
   \   0000000A   0x.... 0x....      BL       BO_Scan
   \   0000000E   0x49B1             LDR      R1,??Boma_Gear_ZS_0
   \   00000010   0x6008             STR      R0,[R1, #+0]
     27            if(Boma_num_old==Boma_num)
   \   00000012   0x48B1             LDR      R0,??Boma_Gear_ZS_0+0x4
   \   00000014   0x6800             LDR      R0,[R0, #+0]
   \   00000016   0x49AF             LDR      R1,??Boma_Gear_ZS_0
   \   00000018   0x6809             LDR      R1,[R1, #+0]
   \   0000001A   0x4288             CMP      R0,R1
   \   0000001C   0xD103             BNE      ??Boma_Gear_ZS_1
     28              Boma_Change=0;
   \   0000001E   0x2000             MOVS     R0,#+0
   \   00000020   0x49AE             LDR      R1,??Boma_Gear_ZS_0+0x8
   \   00000022   0x6008             STR      R0,[R1, #+0]
   \   00000024   0xE002             B        ??Boma_Gear_ZS_2
     29            else
     30              Boma_Change=1;
   \                     ??Boma_Gear_ZS_1: (+1)
   \   00000026   0x2001             MOVS     R0,#+1
   \   00000028   0x49AC             LDR      R1,??Boma_Gear_ZS_0+0x8
   \   0000002A   0x6008             STR      R0,[R1, #+0]
     31           switch(BO_Scan())
   \                     ??Boma_Gear_ZS_2: (+1)
   \   0000002C   0x.... 0x....      BL       BO_Scan
   \   00000030   0x2801             CMP      R0,#+1
   \   00000032   0xD00E             BEQ      ??Boma_Gear_ZS_3
   \   00000034   0xD200             BCS      .+4
   \   00000036   0xE230             B        ??Boma_Gear_ZS_4
   \   00000038   0x2803             CMP      R0,#+3
   \   0000003A   0xD100             BNE      .+4
   \   0000003C   0xE0A9             B        ??Boma_Gear_ZS_5
   \   0000003E   0xD358             BCC      ??Boma_Gear_ZS_6
   \   00000040   0x2805             CMP      R0,#+5
   \   00000042   0xD100             BNE      .+4
   \   00000044   0xE184             B        ??Boma_Gear_ZS_7
   \   00000046   0xD200             BCS      .+4
   \   00000048   0xE0F2             B        ??Boma_Gear_ZS_8
   \   0000004A   0x2806             CMP      R0,#+6
   \   0000004C   0xD100             BNE      .+4
   \   0000004E   0xE1D0             B        ??Boma_Gear_ZS_9
   \   00000050   0xE223             B        ??Boma_Gear_ZS_4
     32           {
     33          /*----------------------------------------------------------*/
     34          //   case 0:
     35          //      if(Flag!=0)
     36          //     {
     37          //     OLED_Clear();
     38          //     OLED_Biaoge_ZS();//表格，静态
     39          //     Flag=0;
     40          //     }
     41          //     OLED_Key_ZS();//按键改参数
     42          //     if (KEY_sta)
     43          //     {
     44          //        if (KEY_menuChange)//菜单选择和数据显示 更新分两次进行 减小数据量
     45          //        {
     46          //            OLED_Select_ZS();
     47          //            KEY_menuChange = !KEY_menuChange;
     48          //        }
     49          //        Oled_Data_ZS();//大概需要1ms左右,但由于第二次按键不操作，所以时间差可以忽略
     50          //        KEY_sta = !KEY_sta;             
     51          //    }   
     52          //     break;
     53          /*   
     54          打角参数
     55          Direction_P2  Direction_D2   
     56          Angle_P 
     57          Direction_P2_Change  Angle_P_Change; 
     58             
     59          速度参数
     60          直道P:BB_P_Z 弯道P:BB_P_Z  
     61           BB_W- BB_H-
     62             
     63          环岛参数 7个    
     64          */        
     65          /*----------------------------------------------------------*/
     66             case 1:
     67               if(Flag!=1)
   \                     ??Boma_Gear_ZS_3: (+1)
   \   00000052   0x48A3             LDR      R0,??Boma_Gear_ZS_0+0xC
   \   00000054   0x7800             LDRB     R0,[R0, #+0]
   \   00000056   0x2801             CMP      R0,#+1
   \   00000058   0xD04A             BEQ      ??Boma_Gear_ZS_10
     68          {
     69               speed_set  = 70;//速度设定 
   \   0000005A   0x48A2             LDR      R0,??Boma_Gear_ZS_0+0x10  ;; 0x428c0000
   \   0000005C   0x49A2             LDR      R1,??Boma_Gear_ZS_0+0x14
   \   0000005E   0x6008             STR      R0,[R1, #+0]
     70          /*打角参数*/    
     71               Direction_P2=100;  Direction_D2=-300; //差值PD                               
   \   00000060   0x48A2             LDR      R0,??Boma_Gear_ZS_0+0x18  ;; 0x42c80000
   \   00000062   0x49A3             LDR      R1,??Boma_Gear_ZS_0+0x1C
   \   00000064   0x6008             STR      R0,[R1, #+0]
   \   00000066   0x48A3             LDR      R0,??Boma_Gear_ZS_0+0x20  ;; 0xc3960000
   \   00000068   0x49A3             LDR      R1,??Boma_Gear_ZS_0+0x24
   \   0000006A   0x6008             STR      R0,[R1, #+0]
     72               Angle_P=0;
   \   0000006C   0x2000             MOVS     R0,#+0
   \   0000006E   0x49A3             LDR      R1,??Boma_Gear_ZS_0+0x28
   \   00000070   0x6008             STR      R0,[R1, #+0]
     73               Direction_P2_Change=0;   Angle_P_Change=0; 
   \   00000072   0x2000             MOVS     R0,#+0
   \   00000074   0x49A2             LDR      R1,??Boma_Gear_ZS_0+0x2C
   \   00000076   0x6008             STR      R0,[R1, #+0]
   \   00000078   0x2000             MOVS     R0,#+0
   \   0000007A   0x49A2             LDR      R1,??Boma_Gear_ZS_0+0x30
   \   0000007C   0x6008             STR      R0,[R1, #+0]
     74          /*速度参数  */ 
     75               BB_P_Z=50;  BB_P_W=50;
   \   0000007E   0x2032             MOVS     R0,#+50
   \   00000080   0x49A1             LDR      R1,??Boma_Gear_ZS_0+0x34
   \   00000082   0x6008             STR      R0,[R1, #+0]
   \   00000084   0x2032             MOVS     R0,#+50
   \   00000086   0x49A1             LDR      R1,??Boma_Gear_ZS_0+0x38
   \   00000088   0x6008             STR      R0,[R1, #+0]
     76               BB_W=0;     BB_H=0;
   \   0000008A   0x2000             MOVS     R0,#+0
   \   0000008C   0x49A0             LDR      R1,??Boma_Gear_ZS_0+0x3C
   \   0000008E   0x6008             STR      R0,[R1, #+0]
   \   00000090   0x2000             MOVS     R0,#+0
   \   00000092   0x49A0             LDR      R1,??Boma_Gear_ZS_0+0x40
   \   00000094   0x6008             STR      R0,[R1, #+0]
     77          /*环岛参数  */    
     78               Circle_Chazhi=90;    
   \   00000096   0x205A             MOVS     R0,#+90
   \   00000098   0x499F             LDR      R1,??Boma_Gear_ZS_0+0x44
   \   0000009A   0x6008             STR      R0,[R1, #+0]
     79               Circle_Finish_Count_Max=200;//强制打角时间
   \   0000009C   0x20C8             MOVS     R0,#+200
   \   0000009E   0x499F             LDR      R1,??Boma_Gear_ZS_0+0x48
   \   000000A0   0x6008             STR      R0,[R1, #+0]
     80               Circle_Count6_Max=2000;//下次圆环间隔时间1S1000
   \   000000A2   0x20FA             MOVS     R0,#+250
   \   000000A4   0x00C0             LSLS     R0,R0,#+3        ;; #+2000
   \   000000A6   0x499E             LDR      R1,??Boma_Gear_ZS_0+0x4C
   \   000000A8   0x6008             STR      R0,[R1, #+0]
     81               Circle_Inductor_LR1=100;//进环最低左右电感值
   \   000000AA   0x2064             MOVS     R0,#+100
   \   000000AC   0x499D             LDR      R1,??Boma_Gear_ZS_0+0x50
   \   000000AE   0x6008             STR      R0,[R1, #+0]
     82               Circle_Inductor_M1=172;//进圆环双线值178
   \   000000B0   0x20AC             MOVS     R0,#+172
   \   000000B2   0x499D             LDR      R1,??Boma_Gear_ZS_0+0x54
   \   000000B4   0x6008             STR      R0,[R1, #+0]
     83               Circle_Inductor_M2=170;//测转弯值175
   \   000000B6   0x20AA             MOVS     R0,#+170
   \   000000B8   0x499C             LDR      R1,??Boma_Gear_ZS_0+0x58
   \   000000BA   0x6008             STR      R0,[R1, #+0]
     84               Circle_Inductor_M3=163;//转弯值160
   \   000000BC   0x20A3             MOVS     R0,#+163
   \   000000BE   0x499C             LDR      R1,??Boma_Gear_ZS_0+0x5C
   \   000000C0   0x6008             STR      R0,[R1, #+0]
     85           /*暂定不调参数  */ 
     86               Direction_P=100;    //阿克曼角P                     
   \   000000C2   0x488A             LDR      R0,??Boma_Gear_ZS_0+0x18  ;; 0x42c80000
   \   000000C4   0x499B             LDR      R1,??Boma_Gear_ZS_0+0x60
   \   000000C6   0x6008             STR      R0,[R1, #+0]
     87               akmj_w=0;//阿克曼角
   \   000000C8   0x2000             MOVS     R0,#+0
   \   000000CA   0x499B             LDR      R1,??Boma_Gear_ZS_0+0x64
   \   000000CC   0x6008             STR      R0,[R1, #+0]
     88               angle_limit=60;  //0,     
   \   000000CE   0x2000             MOVS     R0,#+0
   \   000000D0   0x499A             LDR      R1,??Boma_Gear_ZS_0+0x68  ;; 0x404e0000
   \   000000D2   0x4A9B             LDR      R2,??Boma_Gear_ZS_0+0x6C
   \   000000D4   0xC203             STM      R2!,{R0,R1}
   \   000000D6   0x3A08             SUBS     R2,R2,#+8
     89               akmj_z=0;   
   \   000000D8   0x2000             MOVS     R0,#+0
   \   000000DA   0x499A             LDR      R1,??Boma_Gear_ZS_0+0x70
   \   000000DC   0x6008             STR      R0,[R1, #+0]
     90               BB_Z=0;
   \   000000DE   0x2000             MOVS     R0,#+0
   \   000000E0   0x4999             LDR      R1,??Boma_Gear_ZS_0+0x74
   \   000000E2   0x6008             STR      R0,[R1, #+0]
     91               BB_P_F=200;
   \   000000E4   0x20C8             MOVS     R0,#+200
   \   000000E6   0x4999             LDR      R1,??Boma_Gear_ZS_0+0x78
   \   000000E8   0x6008             STR      R0,[R1, #+0]
     92          
     93               Flag=1;
   \   000000EA   0x2001             MOVS     R0,#+1
   \   000000EC   0x497C             LDR      R1,??Boma_Gear_ZS_0+0xC
   \   000000EE   0x7008             STRB     R0,[R1, #+0]
     94          }
     95              break; 
   \                     ??Boma_Gear_ZS_10: (+1)
   \   000000F0   0xE1D3             B        ??Boma_Gear_ZS_11
     96          /*----------------------------------------------------------*/     
     97          
     98              case 2:
     99                 if(Flag!=2)
   \                     ??Boma_Gear_ZS_6: (+1)
   \   000000F2   0x487B             LDR      R0,??Boma_Gear_ZS_0+0xC
   \   000000F4   0x7800             LDRB     R0,[R0, #+0]
   \   000000F6   0x2802             CMP      R0,#+2
   \   000000F8   0xD04A             BEQ      ??Boma_Gear_ZS_12
    100          {
    101               speed_set  = 75;    //速度设定
   \   000000FA   0x48E8             LDR      R0,??Boma_Gear_ZS_13  ;; 0x42960000
   \   000000FC   0x497A             LDR      R1,??Boma_Gear_ZS_0+0x14
   \   000000FE   0x6008             STR      R0,[R1, #+0]
    102          /*打角参数*/  
    103               Direction_P2=150;      Direction_D2=-300; //差值PD                        
   \   00000100   0x48E7             LDR      R0,??Boma_Gear_ZS_13+0x4  ;; 0x43160000
   \   00000102   0x497B             LDR      R1,??Boma_Gear_ZS_0+0x1C
   \   00000104   0x6008             STR      R0,[R1, #+0]
   \   00000106   0x487B             LDR      R0,??Boma_Gear_ZS_0+0x20  ;; 0xc3960000
   \   00000108   0x497B             LDR      R1,??Boma_Gear_ZS_0+0x24
   \   0000010A   0x6008             STR      R0,[R1, #+0]
    104               Angle_P=0;
   \   0000010C   0x2000             MOVS     R0,#+0
   \   0000010E   0x497B             LDR      R1,??Boma_Gear_ZS_0+0x28
   \   00000110   0x6008             STR      R0,[R1, #+0]
    105               Direction_P2_Change=0;   Angle_P_Change=0;     
   \   00000112   0x2000             MOVS     R0,#+0
   \   00000114   0x497A             LDR      R1,??Boma_Gear_ZS_0+0x2C
   \   00000116   0x6008             STR      R0,[R1, #+0]
   \   00000118   0x2000             MOVS     R0,#+0
   \   0000011A   0x497A             LDR      R1,??Boma_Gear_ZS_0+0x30
   \   0000011C   0x6008             STR      R0,[R1, #+0]
    106          /*速度参数  */ 
    107               BB_P_Z=50;  BB_P_W=50;
   \   0000011E   0x2032             MOVS     R0,#+50
   \   00000120   0x4979             LDR      R1,??Boma_Gear_ZS_0+0x34
   \   00000122   0x6008             STR      R0,[R1, #+0]
   \   00000124   0x2032             MOVS     R0,#+50
   \   00000126   0x4979             LDR      R1,??Boma_Gear_ZS_0+0x38
   \   00000128   0x6008             STR      R0,[R1, #+0]
    108               BB_W=0;     BB_H=0;//10
   \   0000012A   0x2000             MOVS     R0,#+0
   \   0000012C   0x4978             LDR      R1,??Boma_Gear_ZS_0+0x3C
   \   0000012E   0x6008             STR      R0,[R1, #+0]
   \   00000130   0x2000             MOVS     R0,#+0
   \   00000132   0x4978             LDR      R1,??Boma_Gear_ZS_0+0x40
   \   00000134   0x6008             STR      R0,[R1, #+0]
    109          /*环岛参数  */ 
    110               Circle_Chazhi=90;    
   \   00000136   0x205A             MOVS     R0,#+90
   \   00000138   0x4977             LDR      R1,??Boma_Gear_ZS_0+0x44
   \   0000013A   0x6008             STR      R0,[R1, #+0]
    111               Circle_Finish_Count_Max=200;//强制打角时间
   \   0000013C   0x20C8             MOVS     R0,#+200
   \   0000013E   0x4977             LDR      R1,??Boma_Gear_ZS_0+0x48
   \   00000140   0x6008             STR      R0,[R1, #+0]
    112               Circle_Count6_Max=2000;//下次圆环间隔时间1S1000
   \   00000142   0x20FA             MOVS     R0,#+250
   \   00000144   0x00C0             LSLS     R0,R0,#+3        ;; #+2000
   \   00000146   0x4976             LDR      R1,??Boma_Gear_ZS_0+0x4C
   \   00000148   0x6008             STR      R0,[R1, #+0]
    113               Circle_Inductor_LR1=100;//进环最低左右电感值
   \   0000014A   0x2064             MOVS     R0,#+100
   \   0000014C   0x4975             LDR      R1,??Boma_Gear_ZS_0+0x50
   \   0000014E   0x6008             STR      R0,[R1, #+0]
    114            Circle_Inductor_M1=172;//进圆环双线值178
   \   00000150   0x20AC             MOVS     R0,#+172
   \   00000152   0x4975             LDR      R1,??Boma_Gear_ZS_0+0x54
   \   00000154   0x6008             STR      R0,[R1, #+0]
    115               Circle_Inductor_M2=170;//测转弯值175
   \   00000156   0x20AA             MOVS     R0,#+170
   \   00000158   0x4974             LDR      R1,??Boma_Gear_ZS_0+0x58
   \   0000015A   0x6008             STR      R0,[R1, #+0]
    116               Circle_Inductor_M3=163;//转弯值160
   \   0000015C   0x20A3             MOVS     R0,#+163
   \   0000015E   0x4974             LDR      R1,??Boma_Gear_ZS_0+0x5C
   \   00000160   0x6008             STR      R0,[R1, #+0]
    117          /*暂定不调参数*/
    118               angle_limit=60;     //0,
   \   00000162   0x2000             MOVS     R0,#+0
   \   00000164   0x4975             LDR      R1,??Boma_Gear_ZS_0+0x68  ;; 0x404e0000
   \   00000166   0x4A76             LDR      R2,??Boma_Gear_ZS_0+0x6C
   \   00000168   0xC203             STM      R2!,{R0,R1}
   \   0000016A   0x3A08             SUBS     R2,R2,#+8
    119               akmj_w=0;//阿克曼角20
   \   0000016C   0x2000             MOVS     R0,#+0
   \   0000016E   0x4972             LDR      R1,??Boma_Gear_ZS_0+0x64
   \   00000170   0x6008             STR      R0,[R1, #+0]
    120               Direction_P=100;    //阿克曼角P                     
   \   00000172   0x485E             LDR      R0,??Boma_Gear_ZS_0+0x18  ;; 0x42c80000
   \   00000174   0x496F             LDR      R1,??Boma_Gear_ZS_0+0x60
   \   00000176   0x6008             STR      R0,[R1, #+0]
    121               akmj_z=0;   
   \   00000178   0x2000             MOVS     R0,#+0
   \   0000017A   0x4972             LDR      R1,??Boma_Gear_ZS_0+0x70
   \   0000017C   0x6008             STR      R0,[R1, #+0]
    122               BB_Z=0;
   \   0000017E   0x2000             MOVS     R0,#+0
   \   00000180   0x4971             LDR      R1,??Boma_Gear_ZS_0+0x74
   \   00000182   0x6008             STR      R0,[R1, #+0]
    123              BB_P_F=200;   
   \   00000184   0x20C8             MOVS     R0,#+200
   \   00000186   0x4971             LDR      R1,??Boma_Gear_ZS_0+0x78
   \   00000188   0x6008             STR      R0,[R1, #+0]
    124             
    125                    Flag=2;
   \   0000018A   0x2002             MOVS     R0,#+2
   \   0000018C   0x4954             LDR      R1,??Boma_Gear_ZS_0+0xC
   \   0000018E   0x7008             STRB     R0,[R1, #+0]
    126          
    127          }     
    128              break; 
   \                     ??Boma_Gear_ZS_12: (+1)
   \   00000190   0xE183             B        ??Boma_Gear_ZS_11
    129           /*----------------------------------------------------------*/     
    130             
    131           case 3:
    132                 if(Flag!=3)
   \                     ??Boma_Gear_ZS_5: (+1)
   \   00000192   0x4853             LDR      R0,??Boma_Gear_ZS_0+0xC
   \   00000194   0x7800             LDRB     R0,[R0, #+0]
   \   00000196   0x2803             CMP      R0,#+3
   \   00000198   0xD049             BEQ      ??Boma_Gear_ZS_14
    133          {
    134               speed_set  = 90;//速度设定  
   \   0000019A   0x....             LDR      R0,??DataTable0  ;; 0x42b40000
   \   0000019C   0x4952             LDR      R1,??Boma_Gear_ZS_0+0x14
   \   0000019E   0x6008             STR      R0,[R1, #+0]
    135          /*打角参数*/  
    136               Direction_P2=500; Direction_D2=-1000; //差值PD                        
   \   000001A0   0x....             LDR      R0,??DataTable0_1  ;; 0x43fa0000
   \   000001A2   0x4953             LDR      R1,??Boma_Gear_ZS_0+0x1C
   \   000001A4   0x6008             STR      R0,[R1, #+0]
   \   000001A6   0x....             LDR      R0,??DataTable0_2  ;; 0xc47a0000
   \   000001A8   0x4953             LDR      R1,??Boma_Gear_ZS_0+0x24
   \   000001AA   0x6008             STR      R0,[R1, #+0]
    137               Angle_P=0;
   \   000001AC   0x2000             MOVS     R0,#+0
   \   000001AE   0x4953             LDR      R1,??Boma_Gear_ZS_0+0x28
   \   000001B0   0x6008             STR      R0,[R1, #+0]
    138               Direction_P2_Change=0;   Angle_P_Change=0;     
   \   000001B2   0x2000             MOVS     R0,#+0
   \   000001B4   0x4952             LDR      R1,??Boma_Gear_ZS_0+0x2C
   \   000001B6   0x6008             STR      R0,[R1, #+0]
   \   000001B8   0x2000             MOVS     R0,#+0
   \   000001BA   0x4952             LDR      R1,??Boma_Gear_ZS_0+0x30
   \   000001BC   0x6008             STR      R0,[R1, #+0]
    139          /*速度参数  */ 
    140               BB_P_Z=50;  BB_P_W=50;
   \   000001BE   0x2032             MOVS     R0,#+50
   \   000001C0   0x4951             LDR      R1,??Boma_Gear_ZS_0+0x34
   \   000001C2   0x6008             STR      R0,[R1, #+0]
   \   000001C4   0x2032             MOVS     R0,#+50
   \   000001C6   0x4951             LDR      R1,??Boma_Gear_ZS_0+0x38
   \   000001C8   0x6008             STR      R0,[R1, #+0]
    141               BB_W=-0;BB_H=-0;//10
   \   000001CA   0x2000             MOVS     R0,#+0
   \   000001CC   0x4950             LDR      R1,??Boma_Gear_ZS_0+0x3C
   \   000001CE   0x6008             STR      R0,[R1, #+0]
   \   000001D0   0x2000             MOVS     R0,#+0
   \   000001D2   0x4950             LDR      R1,??Boma_Gear_ZS_0+0x40
   \   000001D4   0x6008             STR      R0,[R1, #+0]
    142          /*环岛参数  */ 
    143               Circle_Chazhi=100;    
   \   000001D6   0x2064             MOVS     R0,#+100
   \   000001D8   0x494F             LDR      R1,??Boma_Gear_ZS_0+0x44
   \   000001DA   0x6008             STR      R0,[R1, #+0]
    144               Circle_Finish_Count_Max=140;//强制打角时间
   \   000001DC   0x208C             MOVS     R0,#+140
   \   000001DE   0x494F             LDR      R1,??Boma_Gear_ZS_0+0x48
   \   000001E0   0x6008             STR      R0,[R1, #+0]
    145               Circle_Count6_Max=5000;//下次圆环间隔时间1S1000
   \   000001E2   0x....             LDR      R0,??DataTable0_3  ;; 0x1388
   \   000001E4   0x494E             LDR      R1,??Boma_Gear_ZS_0+0x4C
   \   000001E6   0x6008             STR      R0,[R1, #+0]
    146               Circle_Inductor_LR1=100;//进环最低左右电感值
   \   000001E8   0x2064             MOVS     R0,#+100
   \   000001EA   0x494E             LDR      R1,??Boma_Gear_ZS_0+0x50
   \   000001EC   0x6008             STR      R0,[R1, #+0]
    147               Circle_Inductor_M1=172;//进圆环双线值178
   \   000001EE   0x20AC             MOVS     R0,#+172
   \   000001F0   0x494D             LDR      R1,??Boma_Gear_ZS_0+0x54
   \   000001F2   0x6008             STR      R0,[R1, #+0]
    148               Circle_Inductor_M2=170;//测转弯值175
   \   000001F4   0x20AA             MOVS     R0,#+170
   \   000001F6   0x494D             LDR      R1,??Boma_Gear_ZS_0+0x58
   \   000001F8   0x6008             STR      R0,[R1, #+0]
    149               Circle_Inductor_M3=163;//转弯值160
   \   000001FA   0x20A3             MOVS     R0,#+163
   \   000001FC   0x494C             LDR      R1,??Boma_Gear_ZS_0+0x5C
   \   000001FE   0x6008             STR      R0,[R1, #+0]
    150          /*暂定不调参数*/  
    151               angle_limit=60;     //0,
   \   00000200   0x2000             MOVS     R0,#+0
   \   00000202   0x494E             LDR      R1,??Boma_Gear_ZS_0+0x68  ;; 0x404e0000
   \   00000204   0x4A4E             LDR      R2,??Boma_Gear_ZS_0+0x6C
   \   00000206   0xC203             STM      R2!,{R0,R1}
   \   00000208   0x3A08             SUBS     R2,R2,#+8
    152               akmj_w=0;//阿克曼角20     
   \   0000020A   0x2000             MOVS     R0,#+0
   \   0000020C   0x494A             LDR      R1,??Boma_Gear_ZS_0+0x64
   \   0000020E   0x6008             STR      R0,[R1, #+0]
    153               Direction_P=100;    //阿克曼角P                     
   \   00000210   0x4836             LDR      R0,??Boma_Gear_ZS_0+0x18  ;; 0x42c80000
   \   00000212   0x4948             LDR      R1,??Boma_Gear_ZS_0+0x60
   \   00000214   0x6008             STR      R0,[R1, #+0]
    154               akmj_z=0;   
   \   00000216   0x2000             MOVS     R0,#+0
   \   00000218   0x494A             LDR      R1,??Boma_Gear_ZS_0+0x70
   \   0000021A   0x6008             STR      R0,[R1, #+0]
    155               BB_Z=0;
   \   0000021C   0x2000             MOVS     R0,#+0
   \   0000021E   0x494A             LDR      R1,??Boma_Gear_ZS_0+0x74
   \   00000220   0x6008             STR      R0,[R1, #+0]
    156               BB_P_F=200;   
   \   00000222   0x20C8             MOVS     R0,#+200
   \   00000224   0x4949             LDR      R1,??Boma_Gear_ZS_0+0x78
   \   00000226   0x6008             STR      R0,[R1, #+0]
    157                
    158                    Flag=3;
   \   00000228   0x2003             MOVS     R0,#+3
   \   0000022A   0x492D             LDR      R1,??Boma_Gear_ZS_0+0xC
   \   0000022C   0x7008             STRB     R0,[R1, #+0]
    159          }
    160              break;
   \                     ??Boma_Gear_ZS_14: (+1)
   \   0000022E   0xE134             B        ??Boma_Gear_ZS_11
    161          /*----------------------------------------------------------*/     
    162          case 4:
    163                 if(Flag!=4)
   \                     ??Boma_Gear_ZS_8: (+1)
   \   00000230   0x482B             LDR      R0,??Boma_Gear_ZS_0+0xC
   \   00000232   0x7800             LDRB     R0,[R0, #+0]
   \   00000234   0x2804             CMP      R0,#+4
   \   00000236   0xD04C             BEQ      ??Boma_Gear_ZS_15
    164          {
    165               speed_set  = 100;//速度设定 
   \   00000238   0x482C             LDR      R0,??Boma_Gear_ZS_0+0x18  ;; 0x42c80000
   \   0000023A   0x492B             LDR      R1,??Boma_Gear_ZS_0+0x14
   \   0000023C   0x6008             STR      R0,[R1, #+0]
    166          /*打角参数*/    
    167               Direction_P2=600;    Direction_D2=-1000; //差值PD                        
   \   0000023E   0x....             LDR      R0,??DataTable0_4  ;; 0x44160000
   \   00000240   0x492B             LDR      R1,??Boma_Gear_ZS_0+0x1C
   \   00000242   0x6008             STR      R0,[R1, #+0]
   \   00000244   0x....             LDR      R0,??DataTable0_2  ;; 0xc47a0000
   \   00000246   0x492C             LDR      R1,??Boma_Gear_ZS_0+0x24
   \   00000248   0x6008             STR      R0,[R1, #+0]
    168               Angle_P=0;
   \   0000024A   0x2000             MOVS     R0,#+0
   \   0000024C   0x492B             LDR      R1,??Boma_Gear_ZS_0+0x28
   \   0000024E   0x6008             STR      R0,[R1, #+0]
    169               Direction_P2_Change=0;   Angle_P_Change=0;    
   \   00000250   0x2000             MOVS     R0,#+0
   \   00000252   0x492B             LDR      R1,??Boma_Gear_ZS_0+0x2C
   \   00000254   0x6008             STR      R0,[R1, #+0]
   \   00000256   0x2000             MOVS     R0,#+0
   \   00000258   0x492A             LDR      R1,??Boma_Gear_ZS_0+0x30
   \   0000025A   0x6008             STR      R0,[R1, #+0]
    170          /*速度参数  */ 
    171              BB_P_Z=50;  BB_P_W=50;
   \   0000025C   0x2032             MOVS     R0,#+50
   \   0000025E   0x492A             LDR      R1,??Boma_Gear_ZS_0+0x34
   \   00000260   0x6008             STR      R0,[R1, #+0]
   \   00000262   0x2032             MOVS     R0,#+50
   \   00000264   0x4929             LDR      R1,??Boma_Gear_ZS_0+0x38
   \   00000266   0x6008             STR      R0,[R1, #+0]
    172              BB_W=0;BB_H=0;   
   \   00000268   0x2000             MOVS     R0,#+0
   \   0000026A   0x4929             LDR      R1,??Boma_Gear_ZS_0+0x3C
   \   0000026C   0x6008             STR      R0,[R1, #+0]
   \   0000026E   0x2000             MOVS     R0,#+0
   \   00000270   0x4928             LDR      R1,??Boma_Gear_ZS_0+0x40
   \   00000272   0x6008             STR      R0,[R1, #+0]
    173          /*环岛参数  */   
    174               Circle_Chazhi=100;    
   \   00000274   0x2064             MOVS     R0,#+100
   \   00000276   0x4928             LDR      R1,??Boma_Gear_ZS_0+0x44
   \   00000278   0x6008             STR      R0,[R1, #+0]
    175               Circle_Finish_Count_Max=140;//强制打角时间
   \   0000027A   0x208C             MOVS     R0,#+140
   \   0000027C   0x4927             LDR      R1,??Boma_Gear_ZS_0+0x48
   \   0000027E   0x6008             STR      R0,[R1, #+0]
    176               Circle_Count6_Max=5000;//下次圆环间隔时间1S1000
   \   00000280   0x....             LDR      R0,??DataTable0_3  ;; 0x1388
   \   00000282   0x4927             LDR      R1,??Boma_Gear_ZS_0+0x4C
   \   00000284   0x6008             STR      R0,[R1, #+0]
    177               Circle_Inductor_LR1=100;//进环最低左右电感值
   \   00000286   0x2064             MOVS     R0,#+100
   \   00000288   0x4926             LDR      R1,??Boma_Gear_ZS_0+0x50
   \   0000028A   0x6008             STR      R0,[R1, #+0]
    178              Circle_Inductor_M1=172;//进圆环双线值178
   \   0000028C   0x20AC             MOVS     R0,#+172
   \   0000028E   0x4926             LDR      R1,??Boma_Gear_ZS_0+0x54
   \   00000290   0x6008             STR      R0,[R1, #+0]
    179               Circle_Inductor_M2=170;//测转弯值175
   \   00000292   0x20AA             MOVS     R0,#+170
   \   00000294   0x4925             LDR      R1,??Boma_Gear_ZS_0+0x58
   \   00000296   0x6008             STR      R0,[R1, #+0]
    180               Circle_Inductor_M3=163;//转弯值160
   \   00000298   0x20A3             MOVS     R0,#+163
   \   0000029A   0x4925             LDR      R1,??Boma_Gear_ZS_0+0x5C
   \   0000029C   0x6008             STR      R0,[R1, #+0]
    181          /*暂定不调参数*/ 
    182             Direction_P=100;//阿克曼角P                     
   \   0000029E   0x4813             LDR      R0,??Boma_Gear_ZS_0+0x18  ;; 0x42c80000
   \   000002A0   0x4924             LDR      R1,??Boma_Gear_ZS_0+0x60
   \   000002A2   0x6008             STR      R0,[R1, #+0]
    183             akmj_z=0;    
   \   000002A4   0x2000             MOVS     R0,#+0
   \   000002A6   0x4927             LDR      R1,??Boma_Gear_ZS_0+0x70
   \   000002A8   0x6008             STR      R0,[R1, #+0]
    184             BB_P_Z=50;BB_P_F=200;
   \   000002AA   0x2032             MOVS     R0,#+50
   \   000002AC   0x4916             LDR      R1,??Boma_Gear_ZS_0+0x34
   \   000002AE   0x6008             STR      R0,[R1, #+0]
   \   000002B0   0x20C8             MOVS     R0,#+200
   \   000002B2   0x4926             LDR      R1,??Boma_Gear_ZS_0+0x78
   \   000002B4   0x6008             STR      R0,[R1, #+0]
    185             BB_Z=0;
   \   000002B6   0x2000             MOVS     R0,#+0
   \   000002B8   0x4923             LDR      R1,??Boma_Gear_ZS_0+0x74
   \   000002BA   0x6008             STR      R0,[R1, #+0]
    186             angle_limit=60;  //0,
   \   000002BC   0x2000             MOVS     R0,#+0
   \   000002BE   0x491F             LDR      R1,??Boma_Gear_ZS_0+0x68  ;; 0x404e0000
   \   000002C0   0x4A1F             LDR      R2,??Boma_Gear_ZS_0+0x6C
   \   000002C2   0xC203             STM      R2!,{R0,R1}
   \   000002C4   0x3A08             SUBS     R2,R2,#+8
    187             akmj_w=0;//阿克曼角    
   \   000002C6   0x2000             MOVS     R0,#+0
   \   000002C8   0x491B             LDR      R1,??Boma_Gear_ZS_0+0x64
   \   000002CA   0x6008             STR      R0,[R1, #+0]
    188             Flag=4;
   \   000002CC   0x2004             MOVS     R0,#+4
   \   000002CE   0x4904             LDR      R1,??Boma_Gear_ZS_0+0xC
   \   000002D0   0x7008             STRB     R0,[R1, #+0]
    189          }
    190              break;
   \                     ??Boma_Gear_ZS_15: (+1)
   \   000002D2   0xE0E2             B        ??Boma_Gear_ZS_11
   \                     ??Boma_Gear_ZS_0:
   \   000002D4   0x........         DC32     Boma_num
   \   000002D8   0x........         DC32     Boma_num_old
   \   000002DC   0x........         DC32     Boma_Change
   \   000002E0   0x........         DC32     Flag
   \   000002E4   0x428C0000         DC32     0x428c0000
   \   000002E8   0x........         DC32     speed_set
   \   000002EC   0x42C80000         DC32     0x42c80000
   \   000002F0   0x........         DC32     Direction_P2
   \   000002F4   0xC3960000         DC32     0xc3960000
   \   000002F8   0x........         DC32     Direction_D2
   \   000002FC   0x........         DC32     Angle_P
   \   00000300   0x........         DC32     Direction_P2_Change
   \   00000304   0x........         DC32     Angle_P_Change
   \   00000308   0x........         DC32     BB_P_Z
   \   0000030C   0x........         DC32     BB_P_W
   \   00000310   0x........         DC32     BB_W
   \   00000314   0x........         DC32     BB_H
   \   00000318   0x........         DC32     Circle_Chazhi
   \   0000031C   0x........         DC32     Circle_Finish_Count_Max
   \   00000320   0x........         DC32     Circle_Count6_Max
   \   00000324   0x........         DC32     Circle_Inductor_LR1
   \   00000328   0x........         DC32     Circle_Inductor_M1
   \   0000032C   0x........         DC32     Circle_Inductor_M2
   \   00000330   0x........         DC32     Circle_Inductor_M3
   \   00000334   0x........         DC32     Direction_P
   \   00000338   0x........         DC32     akmj_w
   \   0000033C   0x404E0000         DC32     0x404e0000
   \   00000340   0x........         DC32     angle_limit
   \   00000344   0x........         DC32     akmj_z
   \   00000348   0x........         DC32     BB_Z
   \   0000034C   0x........         DC32     BB_P_F
    191          /*---------------------------------------------130,1000100,100，-35-------------*/     
    192          case 5:
    193                 if(Flag!=5)
   \                     ??Boma_Gear_ZS_7: (+1)
   \   00000350   0x....             LDR      R0,??DataTable0_5
   \   00000352   0x7800             LDRB     R0,[R0, #+0]
   \   00000354   0x2805             CMP      R0,#+5
   \   00000356   0xD04B             BEQ      ??Boma_Gear_ZS_16
    194          {
    195               speed_set  = 110;//速度设定 
   \   00000358   0x....             LDR      R0,??DataTable0_6  ;; 0x42dc0000
   \   0000035A   0x....             LDR      R1,??DataTable0_7
   \   0000035C   0x6008             STR      R0,[R1, #+0]
    196          /*打角参数*/     
    197            Direction_P2=1100;  Direction_D2=-1000; //差值PD        
   \   0000035E   0x....             LDR      R0,??DataTable0_8  ;; 0x44898000
   \   00000360   0x....             LDR      R1,??DataTable0_9
   \   00000362   0x6008             STR      R0,[R1, #+0]
   \   00000364   0x....             LDR      R0,??DataTable0_2  ;; 0xc47a0000
   \   00000366   0x....             LDR      R1,??DataTable0_10
   \   00000368   0x6008             STR      R0,[R1, #+0]
    198            Angle_P=0;
   \   0000036A   0x2000             MOVS     R0,#+0
   \   0000036C   0x....             LDR      R1,??DataTable0_11
   \   0000036E   0x6008             STR      R0,[R1, #+0]
    199            Direction_P2_Change=50;  Angle_P_Change=50;    
   \   00000370   0x2032             MOVS     R0,#+50
   \   00000372   0x....             LDR      R1,??DataTable0_12
   \   00000374   0x6008             STR      R0,[R1, #+0]
   \   00000376   0x2032             MOVS     R0,#+50
   \   00000378   0x....             LDR      R1,??DataTable0_13
   \   0000037A   0x6008             STR      R0,[R1, #+0]
    200          /*速度参数  */
    201            BB_P_Z=50;  BB_P_W=0;
   \   0000037C   0x2032             MOVS     R0,#+50
   \   0000037E   0x....             LDR      R1,??DataTable0_14
   \   00000380   0x6008             STR      R0,[R1, #+0]
   \   00000382   0x2000             MOVS     R0,#+0
   \   00000384   0x....             LDR      R1,??DataTable0_15
   \   00000386   0x6008             STR      R0,[R1, #+0]
    202            BB_W=-10;BB_H=-10;
   \   00000388   0x2009             MOVS     R0,#+9
   \   0000038A   0x43C0             MVNS     R0,R0            ;; #-10
   \   0000038C   0x....             LDR      R1,??DataTable0_16
   \   0000038E   0x6008             STR      R0,[R1, #+0]
   \   00000390   0x2009             MOVS     R0,#+9
   \   00000392   0x43C0             MVNS     R0,R0            ;; #-10
   \   00000394   0x....             LDR      R1,??DataTable0_17
   \   00000396   0x6008             STR      R0,[R1, #+0]
    203          /*环岛参数  */   
    204            Circle_Chazhi=90;    
   \   00000398   0x205A             MOVS     R0,#+90
   \   0000039A   0x....             LDR      R1,??DataTable0_18
   \   0000039C   0x6008             STR      R0,[R1, #+0]
    205            Circle_Finish_Count_Max=140;//强制打角时间
   \   0000039E   0x208C             MOVS     R0,#+140
   \   000003A0   0x....             LDR      R1,??DataTable0_19
   \   000003A2   0x6008             STR      R0,[R1, #+0]
    206            Circle_Count6_Max=5000;//下次圆环间隔时间1S1000
   \   000003A4   0x....             LDR      R0,??DataTable0_3  ;; 0x1388
   \   000003A6   0x....             LDR      R1,??DataTable0_20
   \   000003A8   0x6008             STR      R0,[R1, #+0]
    207            Circle_Inductor_LR1=100;//进环最低左右电感值
   \   000003AA   0x2064             MOVS     R0,#+100
   \   000003AC   0x....             LDR      R1,??DataTable0_21
   \   000003AE   0x6008             STR      R0,[R1, #+0]
    208            Circle_Inductor_M1=172;//进圆环双线值178
   \   000003B0   0x20AC             MOVS     R0,#+172
   \   000003B2   0x....             LDR      R1,??DataTable0_22
   \   000003B4   0x6008             STR      R0,[R1, #+0]
    209               Circle_Inductor_M2=170;//测转弯值175
   \   000003B6   0x20AA             MOVS     R0,#+170
   \   000003B8   0x....             LDR      R1,??DataTable0_23
   \   000003BA   0x6008             STR      R0,[R1, #+0]
    210               Circle_Inductor_M3=163;//转弯值160
   \   000003BC   0x20A3             MOVS     R0,#+163
   \   000003BE   0x....             LDR      R1,??DataTable0_24
   \   000003C0   0x6008             STR      R0,[R1, #+0]
    211          /*暂定不调参数*/
    212            Direction_P=100;//阿克曼角P 
   \   000003C2   0x....             LDR      R0,??DataTable0_25  ;; 0x42c80000
   \   000003C4   0x....             LDR      R1,??DataTable0_26
   \   000003C6   0x6008             STR      R0,[R1, #+0]
    213            akmj_z=0;   
   \   000003C8   0x2000             MOVS     R0,#+0
   \   000003CA   0x....             LDR      R1,??DataTable0_27
   \   000003CC   0x6008             STR      R0,[R1, #+0]
    214            BB_Z=0;
   \   000003CE   0x2000             MOVS     R0,#+0
   \   000003D0   0x....             LDR      R1,??DataTable0_28
   \   000003D2   0x6008             STR      R0,[R1, #+0]
    215           BB_P_F=200;
   \   000003D4   0x20C8             MOVS     R0,#+200
   \   000003D6   0x....             LDR      R1,??DataTable0_29
   \   000003D8   0x6008             STR      R0,[R1, #+0]
    216            akmj_w=0;//阿克曼角
   \   000003DA   0x2000             MOVS     R0,#+0
   \   000003DC   0x....             LDR      R1,??DataTable0_30
   \   000003DE   0x6008             STR      R0,[R1, #+0]
    217            angle_limit=60;  //0,                  
   \   000003E0   0x2000             MOVS     R0,#+0
   \   000003E2   0x....             LDR      R1,??DataTable0_31  ;; 0x404e0000
   \   000003E4   0x....             LDR      R2,??DataTable0_32
   \   000003E6   0xC203             STM      R2!,{R0,R1}
   \   000003E8   0x3A08             SUBS     R2,R2,#+8
    218          
    219                    Flag=5;
   \   000003EA   0x2005             MOVS     R0,#+5
   \   000003EC   0x....             LDR      R1,??DataTable0_5
   \   000003EE   0x7008             STRB     R0,[R1, #+0]
    220          }
    221              break;
   \                     ??Boma_Gear_ZS_16: (+1)
   \   000003F0   0xE053             B        ??Boma_Gear_ZS_11
    222              
    223              
    224                    case 6:
    225                 if(Flag!=6)
   \                     ??Boma_Gear_ZS_9: (+1)
   \   000003F2   0x....             LDR      R0,??DataTable0_5
   \   000003F4   0x7800             LDRB     R0,[R0, #+0]
   \   000003F6   0x2806             CMP      R0,#+6
   \   000003F8   0xD04E             BEQ      ??Boma_Gear_ZS_17
    226          {
    227               speed_set  = 120;//速度设定 
   \   000003FA   0x....             LDR      R0,??DataTable0_33  ;; 0x42f00000
   \   000003FC   0x....             LDR      R1,??DataTable0_7
   \   000003FE   0x6008             STR      R0,[R1, #+0]
    228          /*打角参数*/     
    229            Direction_P2=1000;    Direction_D2=-1000; //差值PD         
   \   00000400   0x....             LDR      R0,??DataTable0_34  ;; 0x447a0000
   \   00000402   0x....             LDR      R1,??DataTable0_9
   \   00000404   0x6008             STR      R0,[R1, #+0]
   \   00000406   0x....             LDR      R0,??DataTable0_2  ;; 0xc47a0000
   \   00000408   0x....             LDR      R1,??DataTable0_10
   \   0000040A   0x6008             STR      R0,[R1, #+0]
    230            Angle_P=0;
   \   0000040C   0x2000             MOVS     R0,#+0
   \   0000040E   0x....             LDR      R1,??DataTable0_11
   \   00000410   0x6008             STR      R0,[R1, #+0]
    231            Direction_P2_Change=100;  Angle_P_Change=100;    
   \   00000412   0x2064             MOVS     R0,#+100
   \   00000414   0x....             LDR      R1,??DataTable0_12
   \   00000416   0x6008             STR      R0,[R1, #+0]
   \   00000418   0x2064             MOVS     R0,#+100
   \   0000041A   0x....             LDR      R1,??DataTable0_13
   \   0000041C   0x6008             STR      R0,[R1, #+0]
    232          /*速度参数  */
    233              BB_P_Z=50;  BB_P_W=0;
   \   0000041E   0x2032             MOVS     R0,#+50
   \   00000420   0x....             LDR      R1,??DataTable0_14
   \   00000422   0x6008             STR      R0,[R1, #+0]
   \   00000424   0x2000             MOVS     R0,#+0
   \   00000426   0x....             LDR      R1,??DataTable0_15
   \   00000428   0x6008             STR      R0,[R1, #+0]
    234            BB_W=-20;BB_H=-20;
   \   0000042A   0x2013             MOVS     R0,#+19
   \   0000042C   0x43C0             MVNS     R0,R0            ;; #-20
   \   0000042E   0x....             LDR      R1,??DataTable0_16
   \   00000430   0x6008             STR      R0,[R1, #+0]
   \   00000432   0x2013             MOVS     R0,#+19
   \   00000434   0x43C0             MVNS     R0,R0            ;; #-20
   \   00000436   0x....             LDR      R1,??DataTable0_17
   \   00000438   0x6008             STR      R0,[R1, #+0]
    235          /*环岛参数  */   
    236               Circle_Chazhi=90;    
   \   0000043A   0x205A             MOVS     R0,#+90
   \   0000043C   0x....             LDR      R1,??DataTable0_18
   \   0000043E   0x6008             STR      R0,[R1, #+0]
    237               Circle_Finish_Count_Max=140;//强制打角时间
   \   00000440   0x208C             MOVS     R0,#+140
   \   00000442   0x....             LDR      R1,??DataTable0_19
   \   00000444   0x6008             STR      R0,[R1, #+0]
    238               Circle_Count6_Max=5000;//下次圆环间隔时间1S1000
   \   00000446   0x....             LDR      R0,??DataTable0_3  ;; 0x1388
   \   00000448   0x....             LDR      R1,??DataTable0_20
   \   0000044A   0x6008             STR      R0,[R1, #+0]
    239               Circle_Inductor_LR1=100;//进环最低左右电感值
   \   0000044C   0x2064             MOVS     R0,#+100
   \   0000044E   0x....             LDR      R1,??DataTable0_21
   \   00000450   0x6008             STR      R0,[R1, #+0]
    240               Circle_Inductor_M1=172;//进圆环双线值178
   \   00000452   0x20AC             MOVS     R0,#+172
   \   00000454   0x....             LDR      R1,??DataTable0_22
   \   00000456   0x6008             STR      R0,[R1, #+0]
    241               Circle_Inductor_M2=170;//测转弯值175
   \   00000458   0x20AA             MOVS     R0,#+170
   \   0000045A   0x....             LDR      R1,??DataTable0_23
   \   0000045C   0x6008             STR      R0,[R1, #+0]
    242               Circle_Inductor_M3=163;//转弯值160
   \   0000045E   0x20A3             MOVS     R0,#+163
   \   00000460   0x....             LDR      R1,??DataTable0_24
   \   00000462   0x6008             STR      R0,[R1, #+0]
    243          /*暂定不调参数*/
    244                Direction_P=100;//阿克曼角P 
   \   00000464   0x....             LDR      R0,??DataTable0_25  ;; 0x42c80000
   \   00000466   0x....             LDR      R1,??DataTable0_26
   \   00000468   0x6008             STR      R0,[R1, #+0]
    245                akmj_z=0;   
   \   0000046A   0x2000             MOVS     R0,#+0
   \   0000046C   0x....             LDR      R1,??DataTable0_27
   \   0000046E   0x6008             STR      R0,[R1, #+0]
    246                BB_Z=0;
   \   00000470   0x2000             MOVS     R0,#+0
   \   00000472   0x....             LDR      R1,??DataTable0_28
   \   00000474   0x6008             STR      R0,[R1, #+0]
    247                BB_P_Z=50;BB_P_F=200;
   \   00000476   0x2032             MOVS     R0,#+50
   \   00000478   0x....             LDR      R1,??DataTable0_14
   \   0000047A   0x6008             STR      R0,[R1, #+0]
   \   0000047C   0x20C8             MOVS     R0,#+200
   \   0000047E   0x....             LDR      R1,??DataTable0_29
   \   00000480   0x6008             STR      R0,[R1, #+0]
    248                angle_limit=60;  //0,                  
   \   00000482   0x2000             MOVS     R0,#+0
   \   00000484   0x....             LDR      R1,??DataTable0_31  ;; 0x404e0000
   \   00000486   0x....             LDR      R2,??DataTable0_32
   \   00000488   0xC203             STM      R2!,{R0,R1}
   \   0000048A   0x3A08             SUBS     R2,R2,#+8
    249               akmj_w=0;//阿克曼角
   \   0000048C   0x2000             MOVS     R0,#+0
   \   0000048E   0x....             LDR      R1,??DataTable0_30
   \   00000490   0x6008             STR      R0,[R1, #+0]
    250          
    251                    Flag=6;
   \   00000492   0x2006             MOVS     R0,#+6
   \   00000494   0x....             LDR      R1,??DataTable0_5
   \   00000496   0x7008             STRB     R0,[R1, #+0]
    252          }
    253              break;
   \                     ??Boma_Gear_ZS_17: (+1)
   \   00000498   0xE7FF             B        ??Boma_Gear_ZS_11
    254                    
    255               
    256               
    257          /*----------------------------------------------------------*/     
    258          //   case 15:
    259          //     if(Flag!=15)
    260          //     {
    261          //     OLED_Clear();
    262          //     OLED_Biaoge_Par_ZS();//表格，静态
    263          //     Flag=15;
    264          //     }
    265          //     OLED_Key_Par_ZS();//按键改参数
    266          //      if (KEY_sta)
    267          //     {
    268          //        if (KEY_menuChange)//菜单选择和数据显示 更新分两次进行 减小数据量
    269          //        {
    270          //            OLED_Select_Par_ZS();
    271          //            KEY_menuChange = !KEY_menuChange;
    272          //        }
    273          //        Oled_Data_Par_ZS();//大概需要1ms左右,但由于第二次按键不操作，所以时间差可以忽略
    274          //        KEY_sta = !KEY_sta;             
    275          //    }   
    276          //     break;
    277          
    278               
    279               
    280               
    281             default :
    282                break;
    283           }
    284          
    285          }
   \                     ??Boma_Gear_ZS_4: (+1)
   \                     ??Boma_Gear_ZS_11: (+1)
   \   0000049A   0xBD01             POP      {R0,PC}          ;; return
   \                     ??Boma_Gear_ZS_13:
   \   0000049C   0x42960000         DC32     0x42960000
   \   000004A0   0x43160000         DC32     0x43160000

   \                                 In section .text, align 4, keep-with-next
   \                     ??DataTable0:
   \   00000000   0x42B40000         DC32     0x42b40000

   \                                 In section .text, align 4, keep-with-next
   \                     ??DataTable0_1:
   \   00000000   0x43FA0000         DC32     0x43fa0000

   \                                 In section .text, align 4, keep-with-next
   \                     ??DataTable0_2:
   \   00000000   0xC47A0000         DC32     0xc47a0000

   \                                 In section .text, align 4, keep-with-next
   \                     ??DataTable0_3:
   \   00000000   0x00001388         DC32     0x1388

   \                                 In section .text, align 4, keep-with-next
   \                     ??DataTable0_4:
   \   00000000   0x44160000         DC32     0x44160000

   \                                 In section .text, align 4, keep-with-next
   \                     ??DataTable0_5:
   \   00000000   0x........         DC32     Flag

   \                                 In section .text, align 4, keep-with-next
   \                     ??DataTable0_6:
   \   00000000   0x42DC0000         DC32     0x42dc0000

   \                                 In section .text, align 4, keep-with-next
   \                     ??DataTable0_7:
   \   00000000   0x........         DC32     speed_set

   \                                 In section .text, align 4, keep-with-next
   \                     ??DataTable0_8:
   \   00000000   0x44898000         DC32     0x44898000

   \                                 In section .text, align 4, keep-with-next
   \                     ??DataTable0_9:
   \   00000000   0x........         DC32     Direction_P2

   \                                 In section .text, align 4, keep-with-next
   \                     ??DataTable0_10:
   \   00000000   0x........         DC32     Direction_D2

   \                                 In section .text, align 4, keep-with-next
   \                     ??DataTable0_11:
   \   00000000   0x........         DC32     Angle_P

   \                                 In section .text, align 4, keep-with-next
   \                     ??DataTable0_12:
   \   00000000   0x........         DC32     Direction_P2_Change

   \                                 In section .text, align 4, keep-with-next
   \                     ??DataTable0_13:
   \   00000000   0x........         DC32     Angle_P_Change

   \                                 In section .text, align 4, keep-with-next
   \                     ??DataTable0_14:
   \   00000000   0x........         DC32     BB_P_Z

   \                                 In section .text, align 4, keep-with-next
   \                     ??DataTable0_15:
   \   00000000   0x........         DC32     BB_P_W

   \                                 In section .text, align 4, keep-with-next
   \                     ??DataTable0_16:
   \   00000000   0x........         DC32     BB_W

   \                                 In section .text, align 4, keep-with-next
   \                     ??DataTable0_17:
   \   00000000   0x........         DC32     BB_H

   \                                 In section .text, align 4, keep-with-next
   \                     ??DataTable0_18:
   \   00000000   0x........         DC32     Circle_Chazhi

   \                                 In section .text, align 4, keep-with-next
   \                     ??DataTable0_19:
   \   00000000   0x........         DC32     Circle_Finish_Count_Max

   \                                 In section .text, align 4, keep-with-next
   \                     ??DataTable0_20:
   \   00000000   0x........         DC32     Circle_Count6_Max

   \                                 In section .text, align 4, keep-with-next
   \                     ??DataTable0_21:
   \   00000000   0x........         DC32     Circle_Inductor_LR1

   \                                 In section .text, align 4, keep-with-next
   \                     ??DataTable0_22:
   \   00000000   0x........         DC32     Circle_Inductor_M1

   \                                 In section .text, align 4, keep-with-next
   \                     ??DataTable0_23:
   \   00000000   0x........         DC32     Circle_Inductor_M2

   \                                 In section .text, align 4, keep-with-next
   \                     ??DataTable0_24:
   \   00000000   0x........         DC32     Circle_Inductor_M3

   \                                 In section .text, align 4, keep-with-next
   \                     ??DataTable0_25:
   \   00000000   0x42C80000         DC32     0x42c80000

   \                                 In section .text, align 4, keep-with-next
   \                     ??DataTable0_26:
   \   00000000   0x........         DC32     Direction_P

   \                                 In section .text, align 4, keep-with-next
   \                     ??DataTable0_27:
   \   00000000   0x........         DC32     akmj_z

   \                                 In section .text, align 4, keep-with-next
   \                     ??DataTable0_28:
   \   00000000   0x........         DC32     BB_Z

   \                                 In section .text, align 4, keep-with-next
   \                     ??DataTable0_29:
   \   00000000   0x........         DC32     BB_P_F

   \                                 In section .text, align 4, keep-with-next
   \                     ??DataTable0_30:
   \   00000000   0x........         DC32     akmj_w

   \                                 In section .text, align 4, keep-with-next
   \                     ??DataTable0_31:
   \   00000000   0x404E0000         DC32     0x404e0000

   \                                 In section .text, align 4, keep-with-next
   \                     ??DataTable0_32:
   \   00000000   0x........         DC32     angle_limit

   \                                 In section .text, align 4, keep-with-next
   \                     ??DataTable0_33:
   \   00000000   0x42F00000         DC32     0x42f00000

   \                                 In section .text, align 4, keep-with-next
   \                     ??DataTable0_34:
   \   00000000   0x447A0000         DC32     0x447a0000
    286          
    287          
    288          
    289          /**
    290            * 简介
    291            *     拨码按键检测
    292            * 备注
    293          0     1     2    3     4
    294          0000 0001  0010 0011  0100
    295          通过四个IO口的不同高低电平切换，2*2*2*2=16，共0-15，16个挡位
    296            */

   Maximum stack usage in bytes:

   .cstack Function
   ------- --------
       8   BO_Scan
         8   -> GpioGet
       8   Boma_Gear_ZS
         8   -> BO_Scan


   Section sizes:

   Bytes  Function/Label
   -----  --------------
       4  ??DataTable0
       4  ??DataTable0_1
       4  ??DataTable0_10
       4  ??DataTable0_11
       4  ??DataTable0_12
       4  ??DataTable0_13
       4  ??DataTable0_14
       4  ??DataTable0_15
       4  ??DataTable0_16
       4  ??DataTable0_17
       4  ??DataTable0_18
       4  ??DataTable0_19
       4  ??DataTable0_2
       4  ??DataTable0_20
       4  ??DataTable0_21
       4  ??DataTable0_22
       4  ??DataTable0_23
       4  ??DataTable0_24
       4  ??DataTable0_25
       4  ??DataTable0_26
       4  ??DataTable0_27
       4  ??DataTable0_28
       4  ??DataTable0_29
       4  ??DataTable0_3
       4  ??DataTable0_30
       4  ??DataTable0_31
       4  ??DataTable0_32
       4  ??DataTable0_33
       4  ??DataTable0_34
       4  ??DataTable0_4
       4  ??DataTable0_5
       4  ??DataTable0_6
       4  ??DataTable0_7
       4  ??DataTable0_8
       4  ??DataTable0_9
      74  BO_Scan
       4  Boma_Change
    1188  Boma_Gear_ZS
       4  Boma_num
       4  Boma_num_old
       1  Flag

 
    13 bytes in section .bss
 1 402 bytes in section .text
 
 1 402 bytes of CODE memory
    13 bytes of DATA memory

Errors: none
Warnings: none
