###############################################################################
#
# IAR ANSI C/C++ Compiler V7.40.2.8542/W32 for ARM        28/Sep/2018  18:58:06
# Copyright 1999-2015 IAR Systems AB.
#
#    Cpu mode     =  thumb
#    Endian       =  little
#    Source file  =  I:\电磁程序-ZS\电磁直立-ZS\stand_ZS_9.28\device\C\spi.c
#    Command line =  
#        I:\电磁程序-ZS\电磁直立-ZS\stand_ZS_9.28\device\C\spi.c -D IAR -D
#        TWR_K60N512 -D _DLIB_FILE_DESCRIPTOR -D DA_OLED -lCN
#        I:\电磁程序-ZS\电磁直立-ZS\stand_ZS_9.28\iar\KEA_128_FLASH\List\ -lB
#        I:\电磁程序-ZS\电磁直立-ZS\stand_ZS_9.28\iar\KEA_128_FLASH\List\ -o
#        I:\电磁程序-ZS\电磁直立-ZS\stand_ZS_9.28\iar\KEA_128_FLASH\Obj\
#        --no_cse --no_unroll --no_inline --no_code_motion --no_tbaa
#        --no_clustering --no_scheduling --debug --endian=little
#        --cpu=Cortex-M0+ -e --fpu=None --dlib_config
#        F:\IAR安装包\arm\INC\c\DLib_Config_Normal.h -I
#        I:\电磁程序-ZS\电磁直立-ZS\stand_ZS_9.28\iar\..\device\H\ -I
#        I:\电磁程序-ZS\电磁直立-ZS\stand_ZS_9.28\iar\..\user\H\ -I
#        I:\电磁程序-ZS\电磁直立-ZS\stand_ZS_9.28\iar\..\system\ -I
#        I:\电磁程序-ZS\电磁直立-ZS\stand_ZS_9.28\iar\..\lib\H\ -I
#        I:\电磁程序-ZS\电磁直立-ZS\stand_ZS_9.28\iar\..\system\coreSupport\
#        -Ol
#    List file    =  
#        I:\电磁程序-ZS\电磁直立-ZS\stand_ZS_9.28\iar\KEA_128_FLASH\List\spi.lst
#    Object file  =  
#        I:\电磁程序-ZS\电磁直立-ZS\stand_ZS_9.28\iar\KEA_128_FLASH\Obj\spi.o
#
###############################################################################

I:\电磁程序-ZS\电磁直立-ZS\stand_ZS_9.28\device\C\spi.c
      1          /**
      2            ******************************************************************************
      3            * COPYRIGHT NOTICE
      4            * Copyright (c) 2018,华北科技学院
      5            * All rights reserved.
      6            *
      7            * 文件名称：    spi.c
      8            * 文件标识：
      9            * 摘    要：
     10            *
     11            * 当前版本：     1.0
     12            * 负    责：     韩志伟
     13            * 时    间：     2018年1月23日 10:55:52
     14            ******************************************************************************
     15            */
     16          
     17          #include "spi.h"
     18          
     19          

   \                                 In section .data, align 4
     20          SPI_Type* SPIN[2] = SPI_BASES; //定义两个指针数组保存 SPIx 的地址
   \                     SPIN:
   \   00000000   0x40076000         DC32 40076000H, 40077000H
   \              0x40077000   
     21          
     22          
     23          
     24          #define SPI_TX_WAIT(SPIn)	while( !( SPIN[SPIn]->S & SPI_S_SPTEF_MASK ) )  //等待发送完成
     25          #define SPI_RX_WAIT(SPIn)   while( !( SPIN[SPIn]->S & SPI_S_SPRF_MASK ) )   //等待接收数据
     26          
     27          
     28          //-------------------------------------------------------------------------------------------------------------------
     29          //  @brief      SPI初始化
     30          //  @param      spin            选择SPI模块   有spi0 spi1
     31          //  @param      pcs             选择片选引脚
     32          //  @param      master          选择主从模式
     33          //  @param      baud            选择通信速率
     34          //  @return     				返回真实波特率
     35          //  @since      v2.0
     36          //  Sample usage:       		uint32 baud = spi_init(spi0,USE_PCS,MASTER,1*1000*1000);              //初始化SPI,主机模式, 波特率为1M ,返回真实波特率到baud变量
     37          //-------------------------------------------------------------------------------------------------------------------

   \                                 In section .text, align 2, keep-with-next
     38          uint32 spi_init(SPIn_e spin, SPI_PCSn_e pcs, SPI_CFG master,uint32 baud)
     39          {
   \                     spi_init: (+1)
   \   00000000   0xB5FA             PUSH     {R1,R3-R7,LR}
   \   00000002   0xB08D             SUB      SP,SP,#+52
   \   00000004   0x0007             MOVS     R7,R0
   \   00000006   0x0014             MOVS     R4,R2
     40              uint8 i,j;
     41              uint8 sppr,spr;
     42              uint32 Scaler[] = {2,4,8,16,32,64,128,256,512};
   \   00000008   0xA803             ADD      R0,SP,#+12
   \   0000000A   0x....             LDR      R1,??DataTable1
   \   0000000C   0x2224             MOVS     R2,#+36
   \   0000000E   0x.... 0x....      BL       __aeabi_memcpy4
     43              uint8  Prescaler[] = {1,2,3,4,5,6,7,8};
   \   00000012   0xA801             ADD      R0,SP,#+4
   \   00000014   0x....             LDR      R1,??DataTable1_1
   \   00000016   0xC90C             LDM      R1!,{R2,R3}
   \   00000018   0xC00C             STM      R0!,{R2,R3}
   \   0000001A   0x3908             SUBS     R1,R1,#+8
   \   0000001C   0x3808             SUBS     R0,R0,#+8
     44              uint32 min_diff, diff;
     45          
     46              if(spi0 == spin)
   \   0000001E   0xB2FF             UXTB     R7,R7
   \   00000020   0x2F00             CMP      R7,#+0
   \   00000022   0xD10D             BNE      ??spi_init_0
     47              {
     48                  SIM->SCGC |= SIM_SCGC_SPI0_MASK;    //开启时钟
   \   00000024   0x....             LDR      R0,??DataTable1_2  ;; 0x40048014
   \   00000026   0x6800             LDR      R0,[R0, #+0]
   \   00000028   0x2180             MOVS     R1,#+128
   \   0000002A   0x02C9             LSLS     R1,R1,#+11       ;; #+262144
   \   0000002C   0x4301             ORRS     R1,R1,R0
   \   0000002E   0x....             LDR      R0,??DataTable1_2  ;; 0x40048014
   \   00000030   0x6001             STR      R1,[R0, #+0]
     49                  //引脚复用
     50                  if(B2 == SPI0_SCK_PIN)
     51                  {
     52                      SIM->PINSEL &= ~(uint32)SIM_PINSEL_SPI0PS_MASK;
   \   00000032   0x....             LDR      R0,??DataTable1_3  ;; 0x4004800c
   \   00000034   0x6800             LDR      R0,[R0, #+0]
   \   00000036   0x2140             MOVS     R1,#+64
   \   00000038   0x4388             BICS     R0,R0,R1
   \   0000003A   0x....             LDR      R1,??DataTable1_3  ;; 0x4004800c
   \   0000003C   0x6008             STR      R0,[R1, #+0]
   \   0000003E   0xE00D             B        ??spi_init_1
     53                  }
     54                  else
     55                  {
     56                      SIM->PINSEL |= SIM_PINSEL_SPI0PS_MASK;
     57                  }
     58              }
     59              else
     60              {
     61                  SIM->SCGC |= SIM_SCGC_SPI1_MASK;    //开启时钟
   \                     ??spi_init_0: (+1)
   \   00000040   0x....             LDR      R0,??DataTable1_2  ;; 0x40048014
   \   00000042   0x6800             LDR      R0,[R0, #+0]
   \   00000044   0x2180             MOVS     R1,#+128
   \   00000046   0x0309             LSLS     R1,R1,#+12       ;; #+524288
   \   00000048   0x4301             ORRS     R1,R1,R0
   \   0000004A   0x....             LDR      R0,??DataTable1_2  ;; 0x40048014
   \   0000004C   0x6001             STR      R1,[R0, #+0]
     62                  //引脚复用
     63                  if(D0 == SPI1_SCK_PIN)
     64                  {
     65                      SIM->PINSEL1 &= ~(uint32)SIM_PINSEL1_SPI1PS_MASK;
     66                  }
     67                  else
     68                  {
     69                      SIM->PINSEL1 |= SIM_PINSEL1_SPI1PS_MASK;
   \   0000004E   0x....             LDR      R0,??DataTable1_4  ;; 0x40048010
   \   00000050   0x6800             LDR      R0,[R0, #+0]
   \   00000052   0x2180             MOVS     R1,#+128
   \   00000054   0x0109             LSLS     R1,R1,#+4        ;; #+2048
   \   00000056   0x4301             ORRS     R1,R1,R0
   \   00000058   0x....             LDR      R0,??DataTable1_4  ;; 0x40048010
   \   0000005A   0x6001             STR      R1,[R0, #+0]
     70                  }
     71              }
     72              //根据主从机模式设置工作模式 最大波特率为总线时钟的二分之一
     73              if(master == MASTER)
   \                     ??spi_init_1: (+1)
   \   0000005C   0xB2E4             UXTB     R4,R4
   \   0000005E   0x2C00             CMP      R4,#+0
   \   00000060   0xD14E             BNE      ??spi_init_2
     74              {
     75                  min_diff = ~0;
   \   00000062   0x2500             MOVS     R5,#+0
   \   00000064   0x43ED             MVNS     R5,R5            ;; #-1
     76                  for(i=0; i<9; i++)
   \   00000066   0x2600             MOVS     R6,#+0
   \   00000068   0xE021             B        ??spi_init_3
     77                  {
     78                      for(j=0; j<8; j++)
   \                     ??spi_init_4: (+1)
   \   0000006A   0x1C64             ADDS     R4,R4,#+1
   \                     ??spi_init_5: (+1)
   \   0000006C   0xB2E4             UXTB     R4,R4
   \   0000006E   0x2C08             CMP      R4,#+8
   \   00000070   0xDA1C             BGE      ??spi_init_6
     79                      {
     80                          diff = abs(bus_clk_khz*1000/(Prescaler[j]*Scaler[i]) - baud);
   \   00000072   0x....             LDR      R0,??DataTable1_5
   \   00000074   0x6800             LDR      R0,[R0, #+0]
   \   00000076   0x21FA             MOVS     R1,#+250
   \   00000078   0x0089             LSLS     R1,R1,#+2        ;; #+1000
   \   0000007A   0x4348             MULS     R0,R1,R0
   \   0000007C   0xA901             ADD      R1,SP,#+4
   \   0000007E   0xB2E4             UXTB     R4,R4
   \   00000080   0x5D09             LDRB     R1,[R1, R4]
   \   00000082   0xAA03             ADD      R2,SP,#+12
   \   00000084   0xB2F6             UXTB     R6,R6
   \   00000086   0x2304             MOVS     R3,#+4
   \   00000088   0x4373             MULS     R3,R6,R3
   \   0000008A   0x58D2             LDR      R2,[R2, R3]
   \   0000008C   0x4351             MULS     R1,R2,R1
   \   0000008E   0x.... 0x....      BL       __aeabi_uidiv
   \   00000092   0x990E             LDR      R1,[SP, #+56]
   \   00000094   0x1A40             SUBS     R0,R0,R1
   \   00000096   0x.... 0x....      BL       abs
     81                          if(min_diff > diff)
   \   0000009A   0x42A8             CMP      R0,R5
   \   0000009C   0xD2E5             BCS      ??spi_init_4
     82                          {
     83                              //更新最佳参数
     84                              sppr = j;
   \   0000009E   0x4669             MOV      R1,SP
   \   000000A0   0x704C             STRB     R4,[R1, #+1]
     85                              spr = i;
   \   000000A2   0x4669             MOV      R1,SP
   \   000000A4   0x700E             STRB     R6,[R1, #+0]
     86                              min_diff = diff;
   \   000000A6   0x0005             MOVS     R5,R0
     87          
     88                              if(min_diff == 0)	break;//刚好匹配
   \   000000A8   0x2D00             CMP      R5,#+0
   \   000000AA   0xD1DE             BNE      ??spi_init_4
     89                          }
     90                      }
   \                     ??spi_init_6: (+1)
   \   000000AC   0x1C76             ADDS     R6,R6,#+1
   \                     ??spi_init_3: (+1)
   \   000000AE   0xB2F6             UXTB     R6,R6
   \   000000B0   0x2E09             CMP      R6,#+9
   \   000000B2   0xDA01             BGE      ??spi_init_7
   \   000000B4   0x2400             MOVS     R4,#+0
   \   000000B6   0xE7D9             B        ??spi_init_5
     91                  }
     92          
     93                  SPIN[spin]->C1 = (0
     94                                    | (pcs << SPI_C1_SSOE_SHIFT)          //配合C2_MODFEN位选择片选引脚的功能
     95                                    | SPI_C1_SPE_MASK                     //SPI 系统使能
     96                                    | SPI_C1_MSTR_MASK                    //SPI 模块配置为SPI 主机
     97                                    //| SPI_C1_SPIE_MASK                  //SPRF 或MODF 为1 时请求硬件中断
     98                                    //| SPI_C1_SPTIE_MASK                 //SPTEF 为1 时，请求硬件中断。
     99                                    | SPI_C1_CPOL_MASK                  //0：高电平有效SPI 时钟（空闲时为低电平） 1：低电平有效SPI 时钟（空闲时为高电平）
    100                                    | SPI_C1_CPHA_MASK                            //0:SPSCK 上的第一个边沿出现在数据传输的第一个周期的中间 1:SPSCK 上的第一个边沿出现在数据传输的第一个周期的开始
    101                                    //| SPI_C1_LSBFE_MASK                 //1:SPI 串行数据传输从最低有效位开始
    102                                    );
   \                     ??spi_init_7: (+1)
   \   000000B8   0xA80D             ADD      R0,SP,#+52
   \   000000BA   0x7800             LDRB     R0,[R0, #+0]
   \   000000BC   0x0040             LSLS     R0,R0,#+1
   \   000000BE   0x215C             MOVS     R1,#+92
   \   000000C0   0x4301             ORRS     R1,R1,R0
   \   000000C2   0x....             LDR      R0,??DataTable1_6
   \   000000C4   0xB2FF             UXTB     R7,R7
   \   000000C6   0x2204             MOVS     R2,#+4
   \   000000C8   0x437A             MULS     R2,R7,R2
   \   000000CA   0x5880             LDR      R0,[R0, R2]
   \   000000CC   0x7001             STRB     R1,[R0, #+0]
    103                  SPIN[spin]->C2 = pcs << SPI_C2_MODFEN_SHIFT;            //配合C1_SSOE位选择片选引脚的功能
   \   000000CE   0xA80D             ADD      R0,SP,#+52
   \   000000D0   0x7800             LDRB     R0,[R0, #+0]
   \   000000D2   0x0100             LSLS     R0,R0,#+4
   \   000000D4   0x....             LDR      R1,??DataTable1_6
   \   000000D6   0xB2FF             UXTB     R7,R7
   \   000000D8   0x2204             MOVS     R2,#+4
   \   000000DA   0x437A             MULS     R2,R7,R2
   \   000000DC   0x5889             LDR      R1,[R1, R2]
   \   000000DE   0x7048             STRB     R0,[R1, #+1]
    104                  SPIN[spin]->BR = SPI_BR_SPR(spr) | SPI_BR_SPPR(sppr);   //设置波特率参数
   \   000000E0   0x4668             MOV      R0,SP
   \   000000E2   0x7800             LDRB     R0,[R0, #+0]
   \   000000E4   0x0700             LSLS     R0,R0,#+28       ;; ZeroExtS R0,R0,#+28,#+28
   \   000000E6   0x0F00             LSRS     R0,R0,#+28
   \   000000E8   0x4669             MOV      R1,SP
   \   000000EA   0x7849             LDRB     R1,[R1, #+1]
   \   000000EC   0x0109             LSLS     R1,R1,#+4
   \   000000EE   0x2270             MOVS     R2,#+112
   \   000000F0   0x400A             ANDS     R2,R2,R1
   \   000000F2   0x4302             ORRS     R2,R2,R0
   \   000000F4   0x....             LDR      R0,??DataTable1_6
   \   000000F6   0xB2FF             UXTB     R7,R7
   \   000000F8   0x2104             MOVS     R1,#+4
   \   000000FA   0x434F             MULS     R7,R1,R7
   \   000000FC   0x59C0             LDR      R0,[R0, R7]
   \   000000FE   0x7082             STRB     R2,[R0, #+2]
    105              }
    106              else{}
    107              return (bus_clk_khz*1000/Prescaler[sppr]/Scaler[spr]);      //返回实际波特率
   \                     ??spi_init_2: (+1)
   \   00000100   0x....             LDR      R0,??DataTable1_5
   \   00000102   0x6800             LDR      R0,[R0, #+0]
   \   00000104   0x21FA             MOVS     R1,#+250
   \   00000106   0x0089             LSLS     R1,R1,#+2        ;; #+1000
   \   00000108   0x4348             MULS     R0,R1,R0
   \   0000010A   0xA901             ADD      R1,SP,#+4
   \   0000010C   0x466A             MOV      R2,SP
   \   0000010E   0x7852             LDRB     R2,[R2, #+1]
   \   00000110   0x5C89             LDRB     R1,[R1, R2]
   \   00000112   0x.... 0x....      BL       __aeabi_uidiv
   \   00000116   0xA903             ADD      R1,SP,#+12
   \   00000118   0x466A             MOV      R2,SP
   \   0000011A   0x7812             LDRB     R2,[R2, #+0]
   \   0000011C   0x2304             MOVS     R3,#+4
   \   0000011E   0x435A             MULS     R2,R3,R2
   \   00000120   0x5889             LDR      R1,[R1, R2]
   \   00000122   0x.... 0x....      BL       __aeabi_uidiv
   \   00000126   0xB00F             ADD      SP,SP,#+60
   \   00000128   0xBDF0             POP      {R4-R7,PC}       ;; return
    108          }
    109          
    110          //-------------------------------------------------------------------------------------------------------------------
    111          //  @brief      SPI发送接收函数
    112          //  @param      spin            选择SPI模块   有spi0 spi1
    113          //  @param      modata          发送的数据缓冲区地址(不需要接收则传 NULL)
    114          //  @param      midata          发送数据时接收到的数据的存储地址(不需要接收则传 NULL)
    115          //  @param      len             发送的字节数
    116          //  @return     void
    117          //  @since      v2.0
    118          //  Sample usage:       		spi_mosi(spi0,buf,buf,1);    //发送buff的内容，并接收到buf里，长度为1字节
    119          //-------------------------------------------------------------------------------------------------------------------

   \                                 In section .text, align 2, keep-with-next
    120          void spi_mosi(SPIn_e spin, SPI_PCSn_e pcs, uint8 *modata, uint8 *midata, uint32 len)
    121          {
   \                     spi_mosi: (+1)
   \   00000000   0xB570             PUSH     {R4-R6,LR}
   \   00000002   0x9904             LDR      R1,[SP, #+16]
   \   00000004   0xE00A             B        ??spi_mosi_0
    122              while(len)
    123              {
    124                  SPI_TX_WAIT(spin);
    125                  SPIN[spin]->D = *modata;
    126                  SPI_RX_WAIT(spin);
    127                  if(midata != NULL)  *midata = SPIN[spin]->D;
    128                  else                SPIN[spin]->D;
   \                     ??spi_mosi_1: (+1)
   \   00000006   0x....             LDR      R4,??DataTable1_6
   \   00000008   0xB2C0             UXTB     R0,R0
   \   0000000A   0x2504             MOVS     R5,#+4
   \   0000000C   0x4345             MULS     R5,R0,R5
   \   0000000E   0x5964             LDR      R4,[R4, R5]
   \   00000010   0x7964             LDRB     R4,[R4, #+5]
    129                  len--;
   \                     ??spi_mosi_2: (+1)
   \   00000012   0x1E49             SUBS     R1,R1,#+1
    130                  modata++;
   \   00000014   0x1C52             ADDS     R2,R2,#+1
    131                  if(midata != NULL)  midata++;
   \   00000016   0x2B00             CMP      R3,#+0
   \   00000018   0xD000             BEQ      ??spi_mosi_0
   \   0000001A   0x1C5B             ADDS     R3,R3,#+1
   \                     ??spi_mosi_0: (+1)
   \   0000001C   0x2900             CMP      R1,#+0
   \   0000001E   0xD020             BEQ      ??spi_mosi_3
   \                     ??spi_mosi_4: (+1)
   \   00000020   0x....             LDR      R4,??DataTable1_6
   \   00000022   0xB2C0             UXTB     R0,R0
   \   00000024   0x2504             MOVS     R5,#+4
   \   00000026   0x4345             MULS     R5,R0,R5
   \   00000028   0x5964             LDR      R4,[R4, R5]
   \   0000002A   0x78E4             LDRB     R4,[R4, #+3]
   \   0000002C   0x06A4             LSLS     R4,R4,#+26
   \   0000002E   0xD5F7             BPL      ??spi_mosi_4
   \   00000030   0x7814             LDRB     R4,[R2, #+0]
   \   00000032   0x....             LDR      R5,??DataTable1_6
   \   00000034   0xB2C0             UXTB     R0,R0
   \   00000036   0x2604             MOVS     R6,#+4
   \   00000038   0x4346             MULS     R6,R0,R6
   \   0000003A   0x59AD             LDR      R5,[R5, R6]
   \   0000003C   0x716C             STRB     R4,[R5, #+5]
   \                     ??spi_mosi_5: (+1)
   \   0000003E   0x....             LDR      R4,??DataTable1_6
   \   00000040   0xB2C0             UXTB     R0,R0
   \   00000042   0x2504             MOVS     R5,#+4
   \   00000044   0x4345             MULS     R5,R0,R5
   \   00000046   0x5964             LDR      R4,[R4, R5]
   \   00000048   0x78E4             LDRB     R4,[R4, #+3]
   \   0000004A   0x0624             LSLS     R4,R4,#+24
   \   0000004C   0xD5F7             BPL      ??spi_mosi_5
   \   0000004E   0x2B00             CMP      R3,#+0
   \   00000050   0xD0D9             BEQ      ??spi_mosi_1
   \   00000052   0x....             LDR      R4,??DataTable1_6
   \   00000054   0xB2C0             UXTB     R0,R0
   \   00000056   0x2504             MOVS     R5,#+4
   \   00000058   0x4345             MULS     R5,R0,R5
   \   0000005A   0x5964             LDR      R4,[R4, R5]
   \   0000005C   0x7964             LDRB     R4,[R4, #+5]
   \   0000005E   0x701C             STRB     R4,[R3, #+0]
   \   00000060   0xE7D7             B        ??spi_mosi_2
    132              }
    133          }
   \                     ??spi_mosi_3: (+1)
   \   00000062   0xBD70             POP      {R4-R6,PC}       ;; return
    134          
    135          //-------------------------------------------------------------------------------------------------------------------
    136          //  @brief      SPI发送接收函数
    137          //  @param      spin            选择SPI模块   有spi0 spi1
    138          //  @param      mocmd           发送的命令缓冲区地址(不需要接收则传 NULL)
    139          //  @param      micmd           发送命令时接收到的数据的存储地址(不需要接收则传 NULL)
    140          //  @param      modata          发送的数据缓冲区地址(不需要接收则传 NULL)
    141          //  @param      midata          发送数据时接收到的数据的存储地址(不需要接收则传 NULL)
    142          //  @param      cmdlen          发送命令的字节数
    143          //  @param      len             发送数据的字节数
    144          //  @return     void
    145          //  @since      v2.0
    146          //  Sample usage:       		spi_mosi_cmd(spi0,cmd,NULL,buff,buff,1,2);    //发送cmd/buff的内容，不接收cmd发送时的数据，接收buff发送时的数据到buff里，长度分别为1、2字节
    147          //-------------------------------------------------------------------------------------------------------------------

   \                                 In section .text, align 2, keep-with-next
    148          void spi_mosi_cmd(SPIn_e spin, SPI_PCSn_e pcs, uint8 *mocmd , uint8 *micmd , uint8 *modata , uint8 *midata, uint32 cmdlen , uint32 len)
    149          {
   \                     spi_mosi_cmd: (+1)
   \   00000000   0xB538             PUSH     {R3-R5,LR}
   \   00000002   0x0004             MOVS     R4,R0
   \   00000004   0x000D             MOVS     R5,R1
    150              spi_mosi(spin,pcs,mocmd,micmd,cmdlen);
   \   00000006   0x9806             LDR      R0,[SP, #+24]
   \   00000008   0x9000             STR      R0,[SP, #+0]
   \   0000000A   0x0029             MOVS     R1,R5
   \   0000000C   0xB2C9             UXTB     R1,R1
   \   0000000E   0x0020             MOVS     R0,R4
   \   00000010   0xB2C0             UXTB     R0,R0
   \   00000012   0x.... 0x....      BL       spi_mosi
    151              spi_mosi(spin,pcs,modata,midata,len);
   \   00000016   0x9807             LDR      R0,[SP, #+28]
   \   00000018   0x9000             STR      R0,[SP, #+0]
   \   0000001A   0x9B05             LDR      R3,[SP, #+20]
   \   0000001C   0x9A04             LDR      R2,[SP, #+16]
   \   0000001E   0x0029             MOVS     R1,R5
   \   00000020   0xB2C9             UXTB     R1,R1
   \   00000022   0x0020             MOVS     R0,R4
   \   00000024   0xB2C0             UXTB     R0,R0
   \   00000026   0x.... 0x....      BL       spi_mosi
    152          }
   \   0000002A   0xBD31             POP      {R0,R4,R5,PC}    ;; return

   \                                 In section .text, align 4, keep-with-next
   \                     ??DataTable1:
   \   00000000   0x........         DC32     ?_0

   \                                 In section .text, align 4, keep-with-next
   \                     ??DataTable1_1:
   \   00000000   0x........         DC32     ?_1

   \                                 In section .text, align 4, keep-with-next
   \                     ??DataTable1_2:
   \   00000000   0x40048014         DC32     0x40048014

   \                                 In section .text, align 4, keep-with-next
   \                     ??DataTable1_3:
   \   00000000   0x4004800C         DC32     0x4004800c

   \                                 In section .text, align 4, keep-with-next
   \                     ??DataTable1_4:
   \   00000000   0x40048010         DC32     0x40048010

   \                                 In section .text, align 4, keep-with-next
   \                     ??DataTable1_5:
   \   00000000   0x........         DC32     bus_clk_khz

   \                                 In section .text, align 4, keep-with-next
   \                     ??DataTable1_6:
   \   00000000   0x........         DC32     SPIN

   \                                 In section .rodata, align 4
   \                     ?_0:
   \   00000000   0x00000002         DC32 2, 4, 8, 16, 32, 64, 128, 256, 512
   \              0x00000004   
   \              0x00000008   
   \              0x00000010   
   \              0x00000020   
   \              0x00000040   
   \              0x00000080   
   \              0x00000100   
   \              0x00000200   

   \                                 In section .rodata, align 4
   \                     ?_1:
   \   00000000   0x01 0x02          DC8 1, 2, 3, 4, 5, 6, 7, 8
   \              0x03 0x04    
   \              0x05 0x06    
   \              0x07 0x08    
    153          
    154          

   Maximum stack usage in bytes:

   .cstack Function
   ------- --------
      80   spi_init
        80   -> __aeabi_memcpy4
        80   -> abs
        80 __aeabi_uidiv
      16   spi_mosi
      16   spi_mosi_cmd
        16   -> spi_mosi


   Section sizes:

   Bytes  Function/Label
   -----  --------------
       4  ??DataTable1
       4  ??DataTable1_1
       4  ??DataTable1_2
       4  ??DataTable1_3
       4  ??DataTable1_4
       4  ??DataTable1_5
       4  ??DataTable1_6
      36  ?_0
       8  ?_1
       8  SPIN
     298  spi_init
     100  spi_mosi
      44  spi_mosi_cmd

 
   8 bytes in section .data
  44 bytes in section .rodata
 470 bytes in section .text
 
 470 bytes of CODE  memory
  44 bytes of CONST memory
   8 bytes of DATA  memory

Errors: none
Warnings: none
